<?xml version="1.0" encoding="UTF-8"?>
<coverage generated="1636534022891" clover="3.2.0">
  <project timestamp="1636534022891" name="All files">
    <metrics statements="671" coveredstatements="485" conditionals="162" coveredconditionals="100" methods="235" coveredmethods="141" elements="1068" coveredelements="726" complexity="0" loc="671" ncloc="671" packages="47" files="55" classes="55"/>
    <package name="mocks.front">
      <metrics statements="8" coveredstatements="8" conditionals="0" coveredconditionals="0" methods="5" coveredmethods="5"/>
      <file name="data.js" path="/Users/adamklingbaum/Documents/coding/hack_reactor/fec/mocks/front/data.js">
        <metrics statements="1" coveredstatements="1" conditionals="0" coveredconditionals="0" methods="0" coveredmethods="0"/>
        <line num="1" count="2" type="stmt"/>
      </file>
      <file name="handlers.js" path="/Users/adamklingbaum/Documents/coding/hack_reactor/fec/mocks/front/handlers.js">
        <metrics statements="6" coveredstatements="6" conditionals="0" coveredconditionals="0" methods="5" coveredmethods="5"/>
        <line num="4" count="2" type="stmt"/>
        <line num="6" count="2" type="stmt"/>
        <line num="31" count="6" type="stmt"/>
        <line num="54" count="3" type="stmt"/>
        <line num="58" count="23" type="stmt"/>
        <line num="147" count="37" type="stmt"/>
      </file>
      <file name="mswServer.js" path="/Users/adamklingbaum/Documents/coding/hack_reactor/fec/mocks/front/mswServer.js">
        <metrics statements="1" coveredstatements="1" conditionals="0" coveredconditionals="0" methods="0" coveredmethods="0"/>
        <line num="4" count="2" type="stmt"/>
      </file>
    </package>
    <package name="server">
      <metrics statements="42" coveredstatements="34" conditionals="8" coveredconditionals="3" methods="9" coveredmethods="5"/>
      <file name="index.js" path="/Users/adamklingbaum/Documents/coding/hack_reactor/fec/server/index.js">
        <metrics statements="26" coveredstatements="19" conditionals="6" coveredconditionals="1" methods="4" coveredmethods="1"/>
        <line num="1" count="2" type="stmt"/>
        <line num="2" count="2" type="stmt"/>
        <line num="4" count="2" type="stmt"/>
        <line num="5" count="2" type="cond" truecount="1" falsecount="1"/>
        <line num="7" count="2" type="stmt"/>
        <line num="8" count="2" type="stmt"/>
        <line num="9" count="2" type="stmt"/>
        <line num="11" count="2" type="stmt"/>
        <line num="13" count="2" type="stmt"/>
        <line num="15" count="2" type="stmt"/>
        <line num="17" count="2" type="stmt"/>
        <line num="19" count="2" type="stmt"/>
        <line num="21" count="2" type="stmt"/>
        <line num="23" count="2" type="stmt"/>
        <line num="25" count="2" type="stmt"/>
        <line num="26" count="0" type="stmt"/>
        <line num="27" count="0" type="cond" truecount="0" falsecount="2"/>
        <line num="28" count="0" type="stmt"/>
        <line num="30" count="0" type="stmt"/>
        <line num="35" count="2" type="stmt"/>
        <line num="36" count="0" type="cond" truecount="0" falsecount="2"/>
        <line num="37" count="0" type="stmt"/>
        <line num="39" count="0" type="stmt"/>
        <line num="43" count="2" type="stmt"/>
        <line num="44" count="1" type="stmt"/>
        <line num="47" count="2" type="stmt"/>
      </file>
      <file name="products.js" path="/Users/adamklingbaum/Documents/coding/hack_reactor/fec/server/products.js">
        <metrics statements="14" coveredstatements="13" conditionals="2" coveredconditionals="2" methods="5" coveredmethods="4"/>
        <line num="1" count="3" type="stmt"/>
        <line num="2" count="3" type="stmt"/>
        <line num="4" count="3" type="stmt"/>
        <line num="5" count="1" type="stmt"/>
        <line num="6" count="1" type="stmt"/>
        <line num="7" count="1" type="stmt"/>
        <line num="8" count="5" type="cond" truecount="2" falsecount="0"/>
        <line num="9" count="1" type="stmt"/>
        <line num="12" count="1" type="stmt"/>
        <line num="15" count="3" type="stmt"/>
        <line num="16" count="1" type="stmt"/>
        <line num="21" count="1" type="stmt"/>
        <line num="23" count="0" type="stmt"/>
        <line num="26" count="3" type="stmt"/>
      </file>
      <file name="server-config.js" path="/Users/adamklingbaum/Documents/coding/hack_reactor/fec/server/server-config.js">
        <metrics statements="2" coveredstatements="2" conditionals="0" coveredconditionals="0" methods="0" coveredmethods="0"/>
        <line num="1" count="3" type="stmt"/>
        <line num="3" count="3" type="stmt"/>
      </file>
    </package>
    <package name="server.gc">
      <metrics statements="6" coveredstatements="6" conditionals="0" coveredconditionals="0" methods="0" coveredmethods="0"/>
      <file name="index.js" path="/Users/adamklingbaum/Documents/coding/hack_reactor/fec/server/gc/index.js">
        <metrics statements="6" coveredstatements="6" conditionals="0" coveredconditionals="0" methods="0" coveredmethods="0"/>
        <line num="1" count="2" type="stmt"/>
        <line num="2" count="2" type="stmt"/>
        <line num="4" count="2" type="stmt"/>
        <line num="6" count="2" type="stmt"/>
        <line num="8" count="2" type="stmt"/>
        <line num="13" count="2" type="stmt"/>
      </file>
    </package>
    <package name="server.middleware">
      <metrics statements="2" coveredstatements="2" conditionals="0" coveredconditionals="0" methods="0" coveredmethods="0"/>
      <file name="multer.js" path="/Users/adamklingbaum/Documents/coding/hack_reactor/fec/server/middleware/multer.js">
        <metrics statements="2" coveredstatements="2" conditionals="0" coveredconditionals="0" methods="0" coveredmethods="0"/>
        <line num="1" count="2" type="stmt"/>
        <line num="3" count="2" type="stmt"/>
      </file>
    </package>
    <package name="server.overview">
      <metrics statements="15" coveredstatements="7" conditionals="0" coveredconditionals="0" methods="6" coveredmethods="0"/>
      <file name="routes.js" path="/Users/adamklingbaum/Documents/coding/hack_reactor/fec/server/overview/routes.js">
        <metrics statements="15" coveredstatements="7" conditionals="0" coveredconditionals="0" methods="6" coveredmethods="0"/>
        <line num="1" count="2" type="stmt"/>
        <line num="2" count="2" type="stmt"/>
        <line num="3" count="2" type="stmt"/>
        <line num="5" count="2" type="stmt"/>
        <line num="7" count="2" type="stmt"/>
        <line num="8" count="0" type="stmt"/>
        <line num="9" count="0" type="stmt"/>
        <line num="16" count="0" type="stmt"/>
        <line num="19" count="0" type="stmt"/>
        <line num="23" count="2" type="stmt"/>
        <line num="24" count="0" type="stmt"/>
        <line num="25" count="0" type="stmt"/>
        <line num="32" count="0" type="stmt"/>
        <line num="35" count="0" type="stmt"/>
        <line num="39" count="2" type="stmt"/>
      </file>
    </package>
    <package name="server.qa">
      <metrics statements="52" coveredstatements="12" conditionals="0" coveredconditionals="0" methods="21" coveredmethods="0"/>
      <file name="routes.js" path="/Users/adamklingbaum/Documents/coding/hack_reactor/fec/server/qa/routes.js">
        <metrics statements="52" coveredstatements="12" conditionals="0" coveredconditionals="0" methods="21" coveredmethods="0"/>
        <line num="1" count="2" type="stmt"/>
        <line num="2" count="2" type="stmt"/>
        <line num="3" count="2" type="stmt"/>
        <line num="5" count="2" type="stmt"/>
        <line num="7" count="2" type="stmt"/>
        <line num="8" count="0" type="stmt"/>
        <line num="9" count="0" type="stmt"/>
        <line num="20" count="0" type="stmt"/>
        <line num="21" count="0" type="stmt"/>
        <line num="24" count="0" type="stmt"/>
        <line num="28" count="2" type="stmt"/>
        <line num="29" count="0" type="stmt"/>
        <line num="30" count="0" type="stmt"/>
        <line num="31" count="0" type="stmt"/>
        <line num="42" count="0" type="stmt"/>
        <line num="45" count="0" type="stmt"/>
        <line num="49" count="2" type="stmt"/>
        <line num="50" count="0" type="stmt"/>
        <line num="51" count="0" type="stmt"/>
        <line num="53" count="0" type="stmt"/>
        <line num="63" count="0" type="stmt"/>
        <line num="66" count="0" type="stmt"/>
        <line num="70" count="2" type="stmt"/>
        <line num="71" count="0" type="stmt"/>
        <line num="72" count="0" type="stmt"/>
        <line num="74" count="0" type="stmt"/>
        <line num="84" count="0" type="stmt"/>
        <line num="87" count="0" type="stmt"/>
        <line num="91" count="2" type="stmt"/>
        <line num="92" count="0" type="stmt"/>
        <line num="93" count="0" type="stmt"/>
        <line num="95" count="0" type="stmt"/>
        <line num="105" count="0" type="stmt"/>
        <line num="108" count="0" type="stmt"/>
        <line num="112" count="2" type="stmt"/>
        <line num="113" count="0" type="stmt"/>
        <line num="115" count="0" type="stmt"/>
        <line num="122" count="0" type="stmt"/>
        <line num="124" count="0" type="stmt"/>
        <line num="132" count="0" type="stmt"/>
        <line num="135" count="0" type="stmt"/>
        <line num="138" count="0" type="stmt"/>
        <line num="142" count="2" type="stmt"/>
        <line num="143" count="0" type="stmt"/>
        <line num="144" count="0" type="stmt"/>
        <line num="146" count="0" type="stmt"/>
        <line num="153" count="0" type="stmt"/>
        <line num="155" count="0" type="stmt"/>
        <line num="163" count="0" type="stmt"/>
        <line num="166" count="0" type="stmt"/>
        <line num="169" count="0" type="stmt"/>
        <line num="173" count="2" type="stmt"/>
      </file>
    </package>
    <package name="server.reviews">
      <metrics statements="12" coveredstatements="4" conditionals="0" coveredconditionals="0" methods="4" coveredmethods="0"/>
      <file name="helpers.js" path="/Users/adamklingbaum/Documents/coding/hack_reactor/fec/server/reviews/helpers.js">
        <metrics statements="12" coveredstatements="4" conditionals="0" coveredconditionals="0" methods="4" coveredmethods="0"/>
        <line num="2" count="2" type="stmt"/>
        <line num="4" count="2" type="stmt"/>
        <line num="15" count="2" type="stmt"/>
        <line num="16" count="0" type="stmt"/>
        <line num="17" count="0" type="stmt"/>
        <line num="19" count="0" type="stmt"/>
        <line num="20" count="0" type="stmt"/>
        <line num="23" count="0" type="stmt"/>
        <line num="25" count="0" type="stmt"/>
        <line num="26" count="0" type="stmt"/>
        <line num="29" count="0" type="stmt"/>
        <line num="34" count="2" type="stmt"/>
      </file>
    </package>
    <package name="server.reviews.routes">
      <metrics statements="83" coveredstatements="71" conditionals="4" coveredconditionals="2" methods="27" coveredmethods="20"/>
      <file name="index.js" path="/Users/adamklingbaum/Documents/coding/hack_reactor/fec/server/reviews/routes/index.js">
        <metrics statements="7" coveredstatements="7" conditionals="0" coveredconditionals="0" methods="0" coveredmethods="0"/>
        <line num="1" count="2" type="stmt"/>
        <line num="3" count="2" type="stmt"/>
        <line num="5" count="2" type="stmt"/>
        <line num="6" count="2" type="stmt"/>
        <line num="8" count="2" type="stmt"/>
        <line num="9" count="2" type="stmt"/>
        <line num="11" count="2" type="stmt"/>
      </file>
      <file name="meta.js" path="/Users/adamklingbaum/Documents/coding/hack_reactor/fec/server/reviews/routes/meta.js">
        <metrics statements="45" coveredstatements="45" conditionals="4" coveredconditionals="2" methods="16" coveredmethods="16"/>
        <line num="1" count="2" type="stmt"/>
        <line num="2" count="2" type="stmt"/>
        <line num="3" count="2" type="stmt"/>
        <line num="5" count="2" type="stmt"/>
        <line num="7" count="2" type="stmt"/>
        <line num="52" count="2" type="stmt"/>
        <line num="53" count="11" type="stmt"/>
        <line num="54" count="11" type="stmt"/>
        <line num="64" count="11" type="stmt"/>
        <line num="65" count="11" type="stmt"/>
        <line num="66" count="55" type="stmt"/>
        <line num="69" count="11" type="stmt"/>
        <line num="71" count="55" type="stmt"/>
        <line num="74" count="11" type="stmt"/>
        <line num="78" count="2" type="stmt"/>
        <line num="79" count="11" type="stmt"/>
        <line num="80" count="11" type="stmt"/>
        <line num="90" count="11" type="stmt"/>
        <line num="93" count="11" type="stmt"/>
        <line num="96" count="11" type="stmt"/>
        <line num="100" count="2" type="stmt"/>
        <line num="101" count="11" type="stmt"/>
        <line num="102" count="11" type="stmt"/>
        <line num="112" count="11" type="stmt"/>
        <line num="113" count="11" type="stmt"/>
        <line num="114" count="55" type="stmt"/>
        <line num="118" count="55" type="stmt"/>
        <line num="124" count="11" type="stmt"/>
        <line num="128" count="2" type="stmt"/>
        <line num="129" count="11" type="stmt"/>
        <line num="130" count="11" type="stmt"/>
        <line num="140" count="11" type="stmt"/>
        <line num="142" count="11" type="stmt"/>
        <line num="143" count="44" type="stmt"/>
        <line num="144" count="44" type="stmt"/>
        <line num="147" count="11" type="stmt"/>
        <line num="151" count="2" type="stmt"/>
        <line num="152" count="3" type="stmt"/>
        <line num="153" count="3" type="stmt"/>
        <line num="163" count="3" type="stmt"/>
        <line num="164" count="3" type="stmt"/>
        <line num="165" count="3" type="stmt"/>
        <line num="166" count="12" type="stmt"/>
        <line num="168" count="3" type="stmt"/>
        <line num="172" count="2" type="stmt"/>
      </file>
      <file name="reviews.js" path="/Users/adamklingbaum/Documents/coding/hack_reactor/fec/server/reviews/routes/reviews.js">
        <metrics statements="31" coveredstatements="19" conditionals="0" coveredconditionals="0" methods="11" coveredmethods="4"/>
        <line num="1" count="2" type="stmt"/>
        <line num="2" count="2" type="stmt"/>
        <line num="3" count="2" type="stmt"/>
        <line num="4" count="2" type="stmt"/>
        <line num="5" count="2" type="stmt"/>
        <line num="7" count="2" type="stmt"/>
        <line num="9" count="2" type="stmt"/>
        <line num="11" count="2" type="stmt"/>
        <line num="12" count="13" type="stmt"/>
        <line num="13" count="13" type="stmt"/>
        <line num="26" count="13" type="stmt"/>
        <line num="30" count="2" type="stmt"/>
        <line num="31" count="1" type="stmt"/>
        <line num="32" count="1" type="stmt"/>
        <line num="39" count="1" type="stmt"/>
        <line num="43" count="2" type="stmt"/>
        <line num="44" count="0" type="stmt"/>
        <line num="45" count="0" type="stmt"/>
        <line num="52" count="0" type="stmt"/>
        <line num="56" count="2" type="stmt"/>
        <line num="57" count="0" type="stmt"/>
        <line num="58" count="0" type="stmt"/>
        <line num="60" count="0" type="stmt"/>
        <line num="66" count="0" type="stmt"/>
        <line num="70" count="2" type="stmt"/>
        <line num="71" count="0" type="stmt"/>
        <line num="72" count="0" type="stmt"/>
        <line num="73" count="0" type="stmt"/>
        <line num="74" count="0" type="stmt"/>
        <line num="82" count="0" type="stmt"/>
        <line num="86" count="2" type="stmt"/>
      </file>
    </package>
    <package name="src.components">
      <metrics statements="10" coveredstatements="9" conditionals="0" coveredconditionals="0" methods="5" coveredmethods="4"/>
      <file name="App.jsx" path="/Users/adamklingbaum/Documents/coding/hack_reactor/fec/src/components/App.jsx">
        <metrics statements="10" coveredstatements="9" conditionals="0" coveredconditionals="0" methods="5" coveredmethods="4"/>
        <line num="11" count="4" type="stmt"/>
        <line num="13" count="3" type="stmt"/>
        <line num="14" count="2" type="stmt"/>
        <line num="15" count="2" type="stmt"/>
        <line num="16" count="2" type="stmt"/>
        <line num="19" count="2" type="stmt"/>
        <line num="21" count="2" type="stmt"/>
        <line num="28" count="2" type="stmt"/>
        <line num="31" count="0" type="stmt"/>
        <line num="35" count="3" type="stmt"/>
      </file>
    </package>
    <package name="src.components.context">
      <metrics statements="1" coveredstatements="1" conditionals="0" coveredconditionals="0" methods="1" coveredmethods="0"/>
      <file name="ProductIdContext.jsx" path="/Users/adamklingbaum/Documents/coding/hack_reactor/fec/src/components/context/ProductIdContext.jsx">
        <metrics statements="1" coveredstatements="1" conditionals="0" coveredconditionals="0" methods="1" coveredmethods="0"/>
        <line num="3" count="3" type="stmt"/>
      </file>
    </package>
    <package name="src.components.overview">
      <metrics statements="31" coveredstatements="28" conditionals="2" coveredconditionals="0" methods="13" coveredmethods="11"/>
      <file name="Overview.jsx" path="/Users/adamklingbaum/Documents/coding/hack_reactor/fec/src/components/overview/Overview.jsx">
        <metrics statements="8" coveredstatements="8" conditionals="0" coveredconditionals="0" methods="1" coveredmethods="1"/>
        <line num="13" count="1" type="stmt"/>
        <line num="14" count="4" type="stmt"/>
        <line num="15" count="3" type="stmt"/>
        <line num="16" count="3" type="stmt"/>
        <line num="17" count="3" type="stmt"/>
        <line num="21" count="3" type="stmt"/>
        <line num="26" count="3" type="stmt"/>
        <line num="28" count="3" type="stmt"/>
      </file>
      <file name="ProductDetailWrapper.jsx" path="/Users/adamklingbaum/Documents/coding/hack_reactor/fec/src/components/overview/ProductDetailWrapper.jsx">
        <metrics statements="8" coveredstatements="7" conditionals="0" coveredconditionals="0" methods="5" coveredmethods="4"/>
        <line num="5" count="1" type="stmt"/>
        <line num="6" count="6" type="stmt"/>
        <line num="7" count="13" type="stmt"/>
        <line num="9" count="10" type="stmt"/>
        <line num="10" count="6" type="stmt"/>
        <line num="17" count="6" type="stmt"/>
        <line num="20" count="0" type="stmt"/>
        <line num="25" count="10" type="stmt"/>
      </file>
      <file name="StyleDetailWrapper.jsx" path="/Users/adamklingbaum/Documents/coding/hack_reactor/fec/src/components/overview/StyleDetailWrapper.jsx">
        <metrics statements="15" coveredstatements="13" conditionals="2" coveredconditionals="0" methods="7" coveredmethods="6"/>
        <line num="6" count="1" type="stmt"/>
        <line num="7" count="3" type="stmt"/>
        <line num="8" count="6" type="stmt"/>
        <line num="9" count="5" type="stmt"/>
        <line num="11" count="5" type="stmt"/>
        <line num="12" count="3" type="stmt"/>
        <line num="13" count="3" type="stmt"/>
        <line num="14" count="0" type="cond" truecount="0" falsecount="2"/>
        <line num="16" count="0" type="stmt"/>
        <line num="19" count="5" type="stmt"/>
        <line num="20" count="3" type="stmt"/>
        <line num="27" count="3" type="stmt"/>
        <line num="28" count="3" type="stmt"/>
        <line num="31" count="3" type="stmt"/>
        <line num="36" count="5" type="stmt"/>
      </file>
    </package>
    <package name="src.components.overview.AddToCart">
      <metrics statements="2" coveredstatements="2" conditionals="0" coveredconditionals="0" methods="1" coveredmethods="1"/>
      <file name="AddToCart.jsx" path="/Users/adamklingbaum/Documents/coding/hack_reactor/fec/src/components/overview/AddToCart/AddToCart.jsx">
        <metrics statements="2" coveredstatements="2" conditionals="0" coveredconditionals="0" methods="1" coveredmethods="1"/>
        <line num="4" count="1" type="stmt"/>
        <line num="5" count="3" type="stmt"/>
      </file>
    </package>
    <package name="src.components.overview.ImageGallery">
      <metrics statements="2" coveredstatements="2" conditionals="0" coveredconditionals="0" methods="1" coveredmethods="1"/>
      <file name="ImageGallery.jsx" path="/Users/adamklingbaum/Documents/coding/hack_reactor/fec/src/components/overview/ImageGallery/ImageGallery.jsx">
        <metrics statements="2" coveredstatements="2" conditionals="0" coveredconditionals="0" methods="1" coveredmethods="1"/>
        <line num="4" count="1" type="stmt"/>
        <line num="5" count="3" type="stmt"/>
      </file>
    </package>
    <package name="src.components.overview.ProductInformation">
      <metrics statements="4" coveredstatements="4" conditionals="0" coveredconditionals="0" methods="1" coveredmethods="1"/>
      <file name="ProductInformation.jsx" path="/Users/adamklingbaum/Documents/coding/hack_reactor/fec/src/components/overview/ProductInformation/ProductInformation.jsx">
        <metrics statements="4" coveredstatements="4" conditionals="0" coveredconditionals="0" methods="1" coveredmethods="1"/>
        <line num="6" count="1" type="stmt"/>
        <line num="7" count="5" type="stmt"/>
        <line num="16" count="1" type="stmt"/>
        <line num="24" count="1" type="stmt"/>
      </file>
    </package>
    <package name="src.components.overview.ProductTextOverview">
      <metrics statements="8" coveredstatements="8" conditionals="2" coveredconditionals="2" methods="2" coveredmethods="2"/>
      <file name="ProductTextOverview.jsx" path="/Users/adamklingbaum/Documents/coding/hack_reactor/fec/src/components/overview/ProductTextOverview/ProductTextOverview.jsx">
        <metrics statements="8" coveredstatements="8" conditionals="2" coveredconditionals="2" methods="2" coveredmethods="2"/>
        <line num="6" count="1" type="stmt"/>
        <line num="7" count="5" type="stmt"/>
        <line num="8" count="5" type="cond" truecount="2" falsecount="0"/>
        <line num="9" count="2" type="stmt"/>
        <line num="10" count="4" type="stmt"/>
        <line num="19" count="5" type="stmt"/>
        <line num="28" count="1" type="stmt"/>
        <line num="41" count="1" type="stmt"/>
      </file>
    </package>
    <package name="src.components.overview.StyleSelector">
      <metrics statements="5" coveredstatements="5" conditionals="0" coveredconditionals="0" methods="1" coveredmethods="1"/>
      <file name="StyleSelector.jsx" path="/Users/adamklingbaum/Documents/coding/hack_reactor/fec/src/components/overview/StyleSelector/StyleSelector.jsx">
        <metrics statements="5" coveredstatements="5" conditionals="0" coveredconditionals="0" methods="1" coveredmethods="1"/>
        <line num="7" count="1" type="stmt"/>
        <line num="8" count="5" type="stmt"/>
        <line num="10" count="5" type="stmt"/>
        <line num="22" count="1" type="stmt"/>
        <line num="30" count="1" type="stmt"/>
      </file>
    </package>
    <package name="src.components.overview.StyleSelector.StylePicker">
      <metrics statements="9" coveredstatements="9" conditionals="2" coveredconditionals="2" methods="2" coveredmethods="2"/>
      <file name="StylePicker.jsx" path="/Users/adamklingbaum/Documents/coding/hack_reactor/fec/src/components/overview/StyleSelector/StylePicker/StylePicker.jsx">
        <metrics statements="9" coveredstatements="9" conditionals="2" coveredconditionals="2" methods="2" coveredmethods="2"/>
        <line num="6" count="1" type="stmt"/>
        <line num="7" count="5" type="stmt"/>
        <line num="9" count="5" type="stmt"/>
        <line num="11" count="5" type="cond" truecount="2" falsecount="0"/>
        <line num="12" count="2" type="stmt"/>
        <line num="13" count="12" type="stmt"/>
        <line num="23" count="5" type="stmt"/>
        <line num="30" count="1" type="stmt"/>
        <line num="44" count="1" type="stmt"/>
      </file>
    </package>
    <package name="src.components.overview.context">
      <metrics statements="1" coveredstatements="1" conditionals="0" coveredconditionals="0" methods="1" coveredmethods="0"/>
      <file name="SelectedStyleContext.jsx" path="/Users/adamklingbaum/Documents/coding/hack_reactor/fec/src/components/overview/context/SelectedStyleContext.jsx">
        <metrics statements="1" coveredstatements="1" conditionals="0" coveredconditionals="0" methods="1" coveredmethods="0"/>
        <line num="3" count="1" type="stmt"/>
      </file>
    </package>
    <package name="src.components.q&a">
      <metrics statements="6" coveredstatements="6" conditionals="2" coveredconditionals="2" methods="1" coveredmethods="1"/>
      <file name="QA.jsx" path="/Users/adamklingbaum/Documents/coding/hack_reactor/fec/src/components/q&a/QA.jsx">
        <metrics statements="6" coveredstatements="6" conditionals="2" coveredconditionals="2" methods="1" coveredmethods="1"/>
        <line num="7" count="2" type="stmt"/>
        <line num="8" count="153" type="stmt"/>
        <line num="9" count="151" type="stmt"/>
        <line num="10" count="151" type="stmt"/>
        <line num="14" count="151" type="stmt"/>
        <line num="21" count="151" type="stmt"/>
      </file>
    </package>
    <package name="src.components.q&a.Modal">
      <metrics statements="41" coveredstatements="25" conditionals="26" coveredconditionals="14" methods="10" coveredmethods="5"/>
      <file name="Modal.jsx" path="/Users/adamklingbaum/Documents/coding/hack_reactor/fec/src/components/q&a/Modal/Modal.jsx">
        <metrics statements="41" coveredstatements="25" conditionals="26" coveredconditionals="14" methods="10" coveredmethods="5"/>
        <line num="7" count="2" type="stmt"/>
        <line num="8" count="36" type="stmt"/>
        <line num="9" count="36" type="stmt"/>
        <line num="14" count="36" type="stmt"/>
        <line num="15" count="1" type="stmt"/>
        <line num="23" count="36" type="stmt"/>
        <line num="24" count="2" type="cond" truecount="2" falsecount="0"/>
        <line num="25" count="1" type="stmt"/>
        <line num="26" count="1" type="cond" truecount="1" falsecount="1"/>
        <line num="27" count="0" type="stmt"/>
        <line num="30" count="2" type="stmt"/>
        <line num="33" count="36" type="stmt"/>
        <line num="34" count="3" type="stmt"/>
        <line num="35" count="3" type="stmt"/>
        <line num="36" count="3" type="stmt"/>
        <line num="38" count="3" type="cond" truecount="5" falsecount="0"/>
        <line num="39" count="2" type="cond" truecount="1" falsecount="1"/>
        <line num="40" count="0" type="stmt"/>
        <line num="50" count="0" type="stmt"/>
        <line num="53" count="0" type="stmt"/>
        <line num="55" count="0" type="stmt"/>
        <line num="57" count="2" type="stmt"/>
        <line num="63" count="1" type="stmt"/>
        <line num="70" count="36" type="stmt"/>
        <line num="71" count="0" type="stmt"/>
        <line num="72" count="0" type="stmt"/>
        <line num="73" count="0" type="stmt"/>
        <line num="75" count="0" type="cond" truecount="0" falsecount="5"/>
        <line num="76" count="0" type="cond" truecount="0" falsecount="2"/>
        <line num="77" count="0" type="stmt"/>
        <line num="87" count="0" type="stmt"/>
        <line num="90" count="0" type="stmt"/>
        <line num="93" count="0" type="stmt"/>
        <line num="95" count="0" type="stmt"/>
        <line num="101" count="0" type="stmt"/>
        <line num="108" count="36" type="stmt"/>
        <line num="109" count="12" type="cond" truecount="2" falsecount="0"/>
        <line num="110" count="4" type="stmt"/>
        <line num="116" count="8" type="stmt"/>
        <line num="119" count="36" type="stmt"/>
        <line num="267" count="2" type="stmt"/>
      </file>
    </package>
    <package name="src.components.q&a.QuestionsList">
      <metrics statements="26" coveredstatements="22" conditionals="10" coveredconditionals="7" methods="9" coveredmethods="7"/>
      <file name="QuestionsList.jsx" path="/Users/adamklingbaum/Documents/coding/hack_reactor/fec/src/components/q&a/QuestionsList/QuestionsList.jsx">
        <metrics statements="26" coveredstatements="22" conditionals="10" coveredconditionals="7" methods="9" coveredmethods="7"/>
        <line num="10" count="2" type="stmt"/>
        <line num="18" count="151" type="stmt"/>
        <line num="20" count="151" type="stmt"/>
        <line num="21" count="23" type="stmt"/>
        <line num="22" count="23" type="stmt"/>
        <line num="25" count="151" type="stmt"/>
        <line num="26" count="38" type="cond" truecount="2" falsecount="0"/>
        <line num="27" count="20" type="stmt"/>
        <line num="31" count="41" type="stmt"/>
        <line num="44" count="18" type="cond" truecount="1" falsecount="1"/>
        <line num="45" count="18" type="stmt"/>
        <line num="49" count="0" type="stmt"/>
        <line num="54" count="18" type="stmt"/>
        <line num="57" count="0" type="stmt"/>
        <line num="71" count="151" type="stmt"/>
        <line num="72" count="151" type="cond" truecount="2" falsecount="0"/>
        <line num="73" count="38" type="cond" truecount="1" falsecount="1"/>
        <line num="77" count="0" type="stmt"/>
        <line num="87" count="38" type="stmt"/>
        <line num="100" count="113" type="stmt"/>
        <line num="103" count="151" type="stmt"/>
        <line num="104" count="23" type="stmt"/>
        <line num="112" count="23" type="stmt"/>
        <line num="115" count="0" type="stmt"/>
        <line num="124" count="151" type="stmt"/>
        <line num="133" count="2" type="stmt"/>
      </file>
    </package>
    <package name="src.components.q&a.QuestionsList.AddQuestionsButton">
      <metrics statements="5" coveredstatements="5" conditionals="0" coveredconditionals="0" methods="2" coveredmethods="2"/>
      <file name="AddQuestionsButton.jsx" path="/Users/adamklingbaum/Documents/coding/hack_reactor/fec/src/components/q&a/QuestionsList/AddQuestionsButton/AddQuestionsButton.jsx">
        <metrics statements="5" coveredstatements="5" conditionals="0" coveredconditionals="0" methods="2" coveredmethods="2"/>
        <line num="5" count="2" type="stmt"/>
        <line num="6" count="151" type="stmt"/>
        <line num="7" count="9" type="stmt"/>
        <line num="13" count="151" type="stmt"/>
        <line num="27" count="2" type="stmt"/>
      </file>
    </package>
    <package name="src.components.q&a.QuestionsList.BottomBar">
      <metrics statements="14" coveredstatements="11" conditionals="8" coveredconditionals="4" methods="2" coveredmethods="2"/>
      <file name="BottomBar.jsx" path="/Users/adamklingbaum/Documents/coding/hack_reactor/fec/src/components/q&a/QuestionsList/BottomBar/BottomBar.jsx">
        <metrics statements="14" coveredstatements="11" conditionals="8" coveredconditionals="4" methods="2" coveredmethods="2"/>
        <line num="6" count="2" type="stmt"/>
        <line num="12" count="38" type="stmt"/>
        <line num="13" count="1" type="cond" truecount="1" falsecount="1"/>
        <line num="14" count="0" type="stmt"/>
        <line num="19" count="1" type="stmt"/>
        <line num="21" count="1" type="stmt"/>
        <line num="25" count="1" type="cond" truecount="1" falsecount="1"/>
        <line num="26" count="0" type="stmt"/>
        <line num="30" count="1" type="stmt"/>
        <line num="35" count="1" type="cond" truecount="1" falsecount="1"/>
        <line num="36" count="1" type="stmt"/>
        <line num="40" count="0" type="stmt"/>
        <line num="48" count="38" type="stmt"/>
        <line num="74" count="2" type="stmt"/>
      </file>
    </package>
    <package name="src.components.q&a.QuestionsList.IndividualQuestion">
      <metrics statements="46" coveredstatements="27" conditionals="12" coveredconditionals="5" methods="17" coveredmethods="7"/>
      <file name="IndividualQuestion.jsx" path="/Users/adamklingbaum/Documents/coding/hack_reactor/fec/src/components/q&a/QuestionsList/IndividualQuestion/IndividualQuestion.jsx">
        <metrics statements="46" coveredstatements="27" conditionals="12" coveredconditionals="5" methods="17" coveredmethods="7"/>
        <line num="8" count="2" type="stmt"/>
        <line num="16" count="53" type="stmt"/>
        <line num="17" count="53" type="stmt"/>
        <line num="18" count="53" type="stmt"/>
        <line num="19" count="53" type="stmt"/>
        <line num="21" count="53" type="stmt"/>
        <line num="22" count="0" type="cond" truecount="0" falsecount="2"/>
        <line num="23" count="0" type="stmt"/>
        <line num="25" count="0" type="stmt"/>
        <line num="29" count="53" type="stmt"/>
        <line num="30" count="53" type="cond" truecount="2" falsecount="0"/>
        <line num="31" count="41" type="stmt"/>
        <line num="32" count="0" type="stmt"/>
        <line num="50" count="12" type="cond" truecount="1" falsecount="1"/>
        <line num="51" count="0" type="stmt"/>
        <line num="58" count="0" type="stmt"/>
        <line num="81" count="12" type="stmt"/>
        <line num="82" count="12" type="stmt"/>
        <line num="89" count="24" type="stmt"/>
        <line num="113" count="53" type="stmt"/>
        <line num="114" count="36" type="stmt"/>
        <line num="115" count="36" type="stmt"/>
        <line num="117" count="36" type="stmt"/>
        <line num="118" count="144" type="cond" truecount="1" falsecount="1"/>
        <line num="119" count="0" type="stmt"/>
        <line num="120" count="0" type="stmt"/>
        <line num="123" count="36" type="stmt"/>
        <line num="126" count="53" type="stmt"/>
        <line num="127" count="37" type="stmt"/>
        <line num="135" count="36" type="stmt"/>
        <line num="138" count="0" type="stmt"/>
        <line num="146" count="53" type="stmt"/>
        <line num="147" count="0" type="stmt"/>
        <line num="149" count="0" type="stmt"/>
        <line num="150" count="0" type="cond" truecount="0" falsecount="2"/>
        <line num="152" count="0" type="stmt"/>
        <line num="156" count="0" type="stmt"/>
        <line num="157" count="0" type="stmt"/>
        <line num="160" count="53" type="stmt"/>
        <line num="161" count="0" type="stmt"/>
        <line num="168" count="0" type="stmt"/>
        <line num="171" count="0" type="stmt"/>
        <line num="175" count="53" type="stmt"/>
        <line num="176" count="0" type="stmt"/>
        <line num="184" count="53" type="stmt"/>
        <line num="234" count="2" type="stmt"/>
      </file>
    </package>
    <package name="src.components.q&a.QuestionsList.IndividualQuestion.Answer">
      <metrics statements="26" coveredstatements="13" conditionals="8" coveredconditionals="3" methods="11" coveredmethods="2"/>
      <file name="Answer.jsx" path="/Users/adamklingbaum/Documents/coding/hack_reactor/fec/src/components/q&a/QuestionsList/IndividualQuestion/Answer/Answer.jsx">
        <metrics statements="26" coveredstatements="13" conditionals="8" coveredconditionals="3" methods="11" coveredmethods="2"/>
        <line num="8" count="2" type="stmt"/>
        <line num="18" count="24" type="stmt"/>
        <line num="19" count="24" type="stmt"/>
        <line num="20" count="24" type="stmt"/>
        <line num="22" count="24" type="stmt"/>
        <line num="23" count="24" type="stmt"/>
        <line num="24" count="24" type="stmt"/>
        <line num="27" count="24" type="stmt"/>
        <line num="28" count="0" type="stmt"/>
        <line num="30" count="0" type="stmt"/>
        <line num="31" count="0" type="cond" truecount="0" falsecount="2"/>
        <line num="33" count="0" type="stmt"/>
        <line num="37" count="0" type="stmt"/>
        <line num="38" count="0" type="stmt"/>
        <line num="41" count="24" type="stmt"/>
        <line num="42" count="0" type="stmt"/>
        <line num="49" count="0" type="stmt"/>
        <line num="52" count="0" type="stmt"/>
        <line num="56" count="24" type="stmt"/>
        <line num="57" count="0" type="stmt"/>
        <line num="60" count="24" type="stmt"/>
        <line num="61" count="0" type="stmt"/>
        <line num="68" count="0" type="stmt"/>
        <line num="71" count="0" type="stmt"/>
        <line num="75" count="24" type="stmt"/>
        <line num="137" count="2" type="stmt"/>
      </file>
    </package>
    <package name="src.components.q&a.QuestionsList.IndividualQuestion.Answer.Images">
      <metrics statements="4" coveredstatements="4" conditionals="0" coveredconditionals="0" methods="2" coveredmethods="2"/>
      <file name="Images.jsx" path="/Users/adamklingbaum/Documents/coding/hack_reactor/fec/src/components/q&a/QuestionsList/IndividualQuestion/Answer/Images/Images.jsx">
        <metrics statements="4" coveredstatements="4" conditionals="0" coveredconditionals="0" methods="2" coveredmethods="2"/>
        <line num="5" count="2" type="stmt"/>
        <line num="6" count="24" type="stmt"/>
        <line num="9" count="12" type="stmt"/>
        <line num="17" count="2" type="stmt"/>
      </file>
    </package>
    <package name="src.components.q&a.Search">
      <metrics statements="23" coveredstatements="11" conditionals="12" coveredconditionals="5" methods="3" coveredmethods="2"/>
      <file name="Search.jsx" path="/Users/adamklingbaum/Documents/coding/hack_reactor/fec/src/components/q&a/Search/Search.jsx">
        <metrics statements="23" coveredstatements="11" conditionals="12" coveredconditionals="5" methods="3" coveredmethods="2"/>
        <line num="6" count="2" type="stmt"/>
        <line num="12" count="151" type="stmt"/>
        <line num="13" count="66" type="stmt"/>
        <line num="15" count="66" type="cond" truecount="2" falsecount="0"/>
        <line num="16" count="62" type="stmt"/>
        <line num="18" count="62" type="stmt"/>
        <line num="19" count="0" type="stmt"/>
        <line num="20" count="0" type="cond" truecount="0" falsecount="2"/>
        <line num="21" count="0" type="stmt"/>
        <line num="22" count="0" type="cond" truecount="0" falsecount="2"/>
        <line num="23" count="0" type="stmt"/>
        <line num="25" count="0" type="stmt"/>
        <line num="26" count="0" type="stmt"/>
        <line num="28" count="0" type="cond" truecount="0" falsecount="2"/>
        <line num="29" count="0" type="stmt"/>
        <line num="30" count="0" type="stmt"/>
        <line num="35" count="62" type="stmt"/>
        <line num="36" count="62" type="stmt"/>
        <line num="39" count="4" type="cond" truecount="3" falsecount="1"/>
        <line num="40" count="0" type="stmt"/>
        <line num="41" count="0" type="stmt"/>
        <line num="47" count="151" type="stmt"/>
        <line num="65" count="2" type="stmt"/>
      </file>
    </package>
    <package name="src.components.ratings">
      <metrics statements="2" coveredstatements="2" conditionals="0" coveredconditionals="0" methods="1" coveredmethods="1"/>
      <file name="Ratings.jsx" path="/Users/adamklingbaum/Documents/coding/hack_reactor/fec/src/components/ratings/Ratings.jsx">
        <metrics statements="2" coveredstatements="2" conditionals="0" coveredconditionals="0" methods="1" coveredmethods="1"/>
        <line num="9" count="16" type="stmt"/>
        <line num="14" count="15" type="stmt"/>
      </file>
    </package>
    <package name="src.components.ratings.RatingDetail">
      <metrics statements="7" coveredstatements="7" conditionals="0" coveredconditionals="0" methods="2" coveredmethods="2"/>
      <file name="RatingDetail.jsx" path="/Users/adamklingbaum/Documents/coding/hack_reactor/fec/src/components/ratings/RatingDetail/RatingDetail.jsx">
        <metrics statements="7" coveredstatements="7" conditionals="0" coveredconditionals="0" methods="2" coveredmethods="2"/>
        <line num="7" count="17" type="stmt"/>
        <line num="9" count="16" type="stmt"/>
        <line num="10" count="1" type="stmt"/>
        <line num="11" count="1" type="stmt"/>
        <line num="12" count="1" type="stmt"/>
        <line num="13" count="1" type="stmt"/>
        <line num="16" count="16" type="stmt"/>
      </file>
    </package>
    <package name="src.components.ratings.RatingDetail.RatingCount">
      <metrics statements="2" coveredstatements="2" conditionals="0" coveredconditionals="0" methods="1" coveredmethods="1"/>
      <file name="RatingCount.jsx" path="/Users/adamklingbaum/Documents/coding/hack_reactor/fec/src/components/ratings/RatingDetail/RatingCount/RatingCount.jsx">
        <metrics statements="2" coveredstatements="2" conditionals="0" coveredconditionals="0" methods="1" coveredmethods="1"/>
        <line num="6" count="16" type="stmt"/>
        <line num="37" count="2" type="stmt"/>
      </file>
    </package>
    <package name="src.components.ratings.RatingDetail.RatingList">
      <metrics statements="37" coveredstatements="33" conditionals="10" coveredconditionals="9" methods="8" coveredmethods="6"/>
      <file name="RatingList.jsx" path="/Users/adamklingbaum/Documents/coding/hack_reactor/fec/src/components/ratings/RatingDetail/RatingList/RatingList.jsx">
        <metrics statements="37" coveredstatements="33" conditionals="10" coveredconditionals="9" methods="8" coveredmethods="6"/>
        <line num="12" count="49" type="stmt"/>
        <line num="13" count="49" type="stmt"/>
        <line num="14" count="49" type="stmt"/>
        <line num="15" count="49" type="stmt"/>
        <line num="18" count="49" type="stmt"/>
        <line num="19" count="49" type="stmt"/>
        <line num="20" count="49" type="stmt"/>
        <line num="23" count="49" type="stmt"/>
        <line num="26" count="16" type="stmt"/>
        <line num="37" count="49" type="stmt"/>
        <line num="38" count="16" type="stmt"/>
        <line num="39" count="16" type="stmt"/>
        <line num="40" count="16" type="stmt"/>
        <line num="43" count="16" type="stmt"/>
        <line num="45" count="16" type="stmt"/>
        <line num="46" count="13" type="stmt"/>
        <line num="47" count="13" type="stmt"/>
        <line num="48" count="13" type="stmt"/>
        <line num="50" count="13" type="stmt"/>
        <line num="53" count="13" type="cond" truecount="2" falsecount="0"/>
        <line num="54" count="25" type="stmt"/>
        <line num="57" count="13" type="stmt"/>
        <line num="59" count="13" type="cond" truecount="1" falsecount="1"/>
        <line num="60" count="13" type="stmt"/>
        <line num="63" count="13" type="stmt"/>
        <line num="68" count="49" type="stmt"/>
        <line num="69" count="0" type="stmt"/>
        <line num="70" count="0" type="stmt"/>
        <line num="73" count="49" type="stmt"/>
        <line num="74" count="3" type="stmt"/>
        <line num="75" count="3" type="stmt"/>
        <line num="78" count="49" type="stmt"/>
        <line num="79" count="0" type="stmt"/>
        <line num="80" count="0" type="stmt"/>
        <line num="83" count="49" type="stmt"/>
        <line num="87" count="30" type="stmt"/>
        <line num="108" count="2" type="stmt"/>
      </file>
    </package>
    <package name="src.components.ratings.RatingDetail.RatingList.ActionButtons">
      <metrics statements="2" coveredstatements="2" conditionals="4" coveredconditionals="4" methods="1" coveredmethods="1"/>
      <file name="ActionButtons.jsx" path="/Users/adamklingbaum/Documents/coding/hack_reactor/fec/src/components/ratings/RatingDetail/RatingList/ActionButtons/ActionButtons.jsx">
        <metrics statements="2" coveredstatements="2" conditionals="4" coveredconditionals="4" methods="1" coveredmethods="1"/>
        <line num="12" count="49" type="stmt"/>
        <line num="37" count="2" type="stmt"/>
      </file>
    </package>
    <package name="src.components.ratings.RatingDetail.RatingList.ModalForm">
      <metrics statements="33" coveredstatements="25" conditionals="8" coveredconditionals="8" methods="14" coveredmethods="10"/>
      <file name="ModalForm.jsx" path="/Users/adamklingbaum/Documents/coding/hack_reactor/fec/src/components/ratings/RatingDetail/RatingList/ModalForm/ModalForm.jsx">
        <metrics statements="33" coveredstatements="25" conditionals="8" coveredconditionals="8" methods="14" coveredmethods="10"/>
        <line num="10" count="119" type="stmt"/>
        <line num="11" count="119" type="stmt"/>
        <line num="12" count="119" type="stmt"/>
        <line num="14" count="119" type="stmt"/>
        <line num="27" count="3" type="stmt"/>
        <line num="34" count="119" type="stmt"/>
        <line num="35" count="3" type="stmt"/>
        <line num="36" count="3" type="stmt"/>
        <line num="41" count="111" type="stmt"/>
        <line num="42" count="111" type="cond" truecount="2" falsecount="0"/>
        <line num="43" count="1" type="stmt"/>
        <line num="45" count="110" type="stmt"/>
        <line num="47" count="111" type="stmt"/>
        <line num="51" count="1" type="stmt"/>
        <line num="52" count="1" type="stmt"/>
        <line num="53" count="1" type="stmt"/>
        <line num="56" count="119" type="stmt"/>
        <line num="58" count="0" type="stmt"/>
        <line num="59" count="0" type="stmt"/>
        <line num="60" count="0" type="stmt"/>
        <line num="65" count="119" type="stmt"/>
        <line num="67" count="0" type="stmt"/>
        <line num="68" count="0" type="stmt"/>
        <line num="69" count="0" type="stmt"/>
        <line num="75" count="110" type="stmt"/>
        <line num="79" count="0" type="stmt"/>
        <line num="80" count="0" type="stmt"/>
        <line num="84" count="119" type="stmt"/>
        <line num="202" count="20" type="stmt"/>
        <line num="206" count="100" type="stmt"/>
        <line num="270" count="110" type="stmt"/>
        <line num="271" count="110" type="stmt"/>
        <line num="304" count="2" type="stmt"/>
      </file>
    </package>
    <package name="src.components.ratings.RatingDetail.RatingList.ModalForm.PhotoUpload">
      <metrics statements="21" coveredstatements="4" conditionals="13" coveredconditionals="6" methods="10" coveredmethods="1"/>
      <file name="PhotoUpload.jsx" path="/Users/adamklingbaum/Documents/coding/hack_reactor/fec/src/components/ratings/RatingDetail/RatingList/ModalForm/PhotoUpload/PhotoUpload.jsx">
        <metrics statements="21" coveredstatements="4" conditionals="13" coveredconditionals="6" methods="10" coveredmethods="1"/>
        <line num="7" count="119" type="stmt"/>
        <line num="8" count="119" type="stmt"/>
        <line num="9" count="119" type="stmt"/>
        <line num="12" count="0" type="stmt"/>
        <line num="14" count="0" type="stmt"/>
        <line num="15" count="0" type="stmt"/>
        <line num="16" count="0" type="stmt"/>
        <line num="17" count="0" type="stmt"/>
        <line num="24" count="0" type="stmt"/>
        <line num="25" count="0" type="stmt"/>
        <line num="26" count="0" type="stmt"/>
        <line num="27" count="0" type="stmt"/>
        <line num="32" count="0" type="cond" truecount="0" falsecount="4"/>
        <line num="33" count="0" type="stmt"/>
        <line num="35" count="0" type="stmt"/>
        <line num="37" count="0" type="stmt"/>
        <line num="38" count="0" type="stmt"/>
        <line num="45" count="119" type="stmt"/>
        <line num="54" count="0" type="stmt"/>
        <line num="55" count="0" type="stmt"/>
        <line num="73" count="0" type="stmt"/>
      </file>
    </package>
    <package name="src.components.ratings.RatingDetail.RatingList.ModalForm.StarsInput">
      <metrics statements="17" coveredstatements="11" conditionals="6" coveredconditionals="4" methods="6" coveredmethods="3"/>
      <file name="StarsInput.jsx" path="/Users/adamklingbaum/Documents/coding/hack_reactor/fec/src/components/ratings/RatingDetail/RatingList/ModalForm/StarsInput/StarsInput.jsx">
        <metrics statements="17" coveredstatements="11" conditionals="6" coveredconditionals="4" methods="6" coveredmethods="3"/>
        <line num="7" count="119" type="stmt"/>
        <line num="8" count="119" type="stmt"/>
        <line num="10" count="119" type="stmt"/>
        <line num="18" count="119" type="stmt"/>
        <line num="19" count="0" type="stmt"/>
        <line num="22" count="119" type="stmt"/>
        <line num="23" count="0" type="stmt"/>
        <line num="26" count="119" type="stmt"/>
        <line num="27" count="0" type="stmt"/>
        <line num="28" count="0" type="stmt"/>
        <line num="29" count="0" type="stmt"/>
        <line num="32" count="119" type="stmt"/>
        <line num="35" count="595" type="stmt"/>
        <line num="37" count="595" type="cond" truecount="3" falsecount="1"/>
        <line num="38" count="0" type="stmt"/>
        <line num="48" count="595" type="stmt"/>
        <line num="66" count="2" type="stmt"/>
      </file>
    </package>
    <package name="src.components.ratings.RatingDetail.RatingList.RatingListEntry">
      <metrics statements="16" coveredstatements="12" conditionals="11" coveredconditionals="8" methods="6" coveredmethods="4"/>
      <file name="RatingListEntry.jsx" path="/Users/adamklingbaum/Documents/coding/hack_reactor/fec/src/components/ratings/RatingDetail/RatingList/RatingListEntry/RatingListEntry.jsx">
        <metrics statements="16" coveredstatements="12" conditionals="11" coveredconditionals="8" methods="6" coveredmethods="4"/>
        <line num="10" count="32" type="stmt"/>
        <line num="11" count="32" type="stmt"/>
        <line num="14" count="1" type="stmt"/>
        <line num="15" count="1" type="stmt"/>
        <line num="16" count="1" type="stmt"/>
        <line num="21" count="0" type="stmt"/>
        <line num="22" count="0" type="stmt"/>
        <line num="23" count="0" type="stmt"/>
        <line num="27" count="32" type="stmt"/>
        <line num="52" count="32" type="stmt"/>
        <line num="53" count="20" type="cond" truecount="2" falsecount="0"/>
        <line num="54" count="1" type="stmt"/>
        <line num="61" count="20" type="cond" truecount="1" falsecount="1"/>
        <line num="62" count="0" type="stmt"/>
        <line num="70" count="32" type="stmt"/>
        <line num="104" count="2" type="stmt"/>
      </file>
    </package>
    <package name="src.components.ratings.RatingDetail.RatingList.RatingListEntry.RatingImages">
      <metrics statements="3" coveredstatements="3" conditionals="0" coveredconditionals="0" methods="2" coveredmethods="2"/>
      <file name="RatingImages.jsx" path="/Users/adamklingbaum/Documents/coding/hack_reactor/fec/src/components/ratings/RatingDetail/RatingList/RatingListEntry/RatingImages/RatingImages.jsx">
        <metrics statements="3" coveredstatements="3" conditionals="0" coveredconditionals="0" methods="2" coveredmethods="2"/>
        <line num="7" count="32" type="stmt"/>
        <line num="10" count="63" type="stmt"/>
        <line num="19" count="2" type="stmt"/>
      </file>
    </package>
    <package name="src.components.ratings.RatingSummary">
      <metrics statements="1" coveredstatements="1" conditionals="0" coveredconditionals="0" methods="1" coveredmethods="1"/>
      <file name="RatingSummary.jsx" path="/Users/adamklingbaum/Documents/coding/hack_reactor/fec/src/components/ratings/RatingSummary/RatingSummary.jsx">
        <metrics statements="1" coveredstatements="1" conditionals="0" coveredconditionals="0" methods="1" coveredmethods="1"/>
        <line num="9" count="16" type="stmt"/>
      </file>
    </package>
    <package name="src.components.ratings.RatingSummary.Bars">
      <metrics statements="9" coveredstatements="9" conditionals="2" coveredconditionals="2" methods="6" coveredmethods="6"/>
      <file name="Bars.jsx" path="/Users/adamklingbaum/Documents/coding/hack_reactor/fec/src/components/ratings/RatingSummary/Bars/Bars.jsx">
        <metrics statements="9" coveredstatements="9" conditionals="2" coveredconditionals="2" methods="6" coveredmethods="6"/>
        <line num="9" count="24" type="stmt"/>
        <line num="10" count="23" type="stmt"/>
        <line num="12" count="23" type="stmt"/>
        <line num="14" count="14" type="stmt"/>
        <line num="21" count="14" type="stmt"/>
        <line num="22" count="11" type="stmt"/>
        <line num="26" count="23" type="stmt"/>
        <line num="28" count="45" type="cond" truecount="2" falsecount="0"/>
        <line num="30" count="45" type="stmt"/>
      </file>
    </package>
    <package name="src.components.ratings.RatingSummary.Bars.Bar">
      <metrics statements="8" coveredstatements="8" conditionals="4" coveredconditionals="4" methods="3" coveredmethods="3"/>
      <file name="Bar.jsx" path="/Users/adamklingbaum/Documents/coding/hack_reactor/fec/src/components/ratings/RatingSummary/Bars/Bar/Bar.jsx">
        <metrics statements="8" coveredstatements="8" conditionals="4" coveredconditionals="4" methods="3" coveredmethods="3"/>
        <line num="8" count="45" type="stmt"/>
        <line num="11" count="1" type="stmt"/>
        <line num="12" count="1" type="stmt"/>
        <line num="13" count="1" type="stmt"/>
        <line num="14" count="1" type="stmt"/>
        <line num="16" count="1" type="stmt"/>
        <line num="19" count="45" type="stmt"/>
        <line num="35" count="2" type="stmt"/>
      </file>
    </package>
    <package name="src.components.ratings.RatingSummary.Recommendations">
      <metrics statements="7" coveredstatements="7" conditionals="2" coveredconditionals="1" methods="4" coveredmethods="4"/>
      <file name="Recommendations.jsx" path="/Users/adamklingbaum/Documents/coding/hack_reactor/fec/src/components/ratings/RatingSummary/Recommendations/Recommendations.jsx">
        <metrics statements="7" coveredstatements="7" conditionals="2" coveredconditionals="1" methods="4" coveredmethods="4"/>
        <line num="7" count="24" type="stmt"/>
        <line num="8" count="23" type="stmt"/>
        <line num="10" count="23" type="stmt"/>
        <line num="12" count="14" type="stmt"/>
        <line num="19" count="14" type="stmt"/>
        <line num="20" count="11" type="stmt"/>
        <line num="24" count="23" type="stmt"/>
      </file>
    </package>
    <package name="src.components.ratings.RatingSummary.Sliders">
      <metrics statements="9" coveredstatements="9" conditionals="2" coveredconditionals="2" methods="6" coveredmethods="6"/>
      <file name="Sliders.jsx" path="/Users/adamklingbaum/Documents/coding/hack_reactor/fec/src/components/ratings/RatingSummary/Sliders/Sliders.jsx">
        <metrics statements="9" coveredstatements="9" conditionals="2" coveredconditionals="2" methods="6" coveredmethods="6"/>
        <line num="8" count="23" type="stmt"/>
        <line num="9" count="23" type="stmt"/>
        <line num="11" count="23" type="stmt"/>
        <line num="13" count="14" type="stmt"/>
        <line num="20" count="14" type="stmt"/>
        <line num="21" count="11" type="stmt"/>
        <line num="25" count="23" type="stmt"/>
        <line num="28" count="36" type="stmt"/>
        <line num="32" count="36" type="stmt"/>
      </file>
    </package>
    <package name="src.components.ratings.RatingSummary.Sliders.Slider">
      <metrics statements="2" coveredstatements="2" conditionals="0" coveredconditionals="0" methods="1" coveredmethods="1"/>
      <file name="Slider.jsx" path="/Users/adamklingbaum/Documents/coding/hack_reactor/fec/src/components/ratings/RatingSummary/Sliders/Slider/Slider.jsx">
        <metrics statements="2" coveredstatements="2" conditionals="0" coveredconditionals="0" methods="1" coveredmethods="1"/>
        <line num="7" count="36" type="stmt"/>
        <line num="30" count="2" type="stmt"/>
      </file>
    </package>
    <package name="src.components.ratings.RatingSummary.Stars">
      <metrics statements="7" coveredstatements="7" conditionals="4" coveredconditionals="3" methods="4" coveredmethods="4"/>
      <file name="Stars.jsx" path="/Users/adamklingbaum/Documents/coding/hack_reactor/fec/src/components/ratings/RatingSummary/Stars/Stars.jsx">
        <metrics statements="7" coveredstatements="7" conditionals="4" coveredconditionals="3" methods="4" coveredmethods="4"/>
        <line num="8" count="24" type="stmt"/>
        <line num="9" count="23" type="stmt"/>
        <line num="11" count="23" type="stmt"/>
        <line num="13" count="14" type="stmt"/>
        <line num="20" count="14" type="stmt"/>
        <line num="21" count="11" type="stmt"/>
        <line num="25" count="23" type="stmt"/>
      </file>
    </package>
    <package name="src.components.ratings.RatingSummary.Stars.StarGraphic">
      <metrics statements="2" coveredstatements="2" conditionals="0" coveredconditionals="0" methods="1" coveredmethods="1"/>
      <file name="StarGraphic.jsx" path="/Users/adamklingbaum/Documents/coding/hack_reactor/fec/src/components/ratings/RatingSummary/Stars/StarGraphic/StarGraphic.jsx">
        <metrics statements="2" coveredstatements="2" conditionals="0" coveredconditionals="0" methods="1" coveredmethods="1"/>
        <line num="7" count="46" type="stmt"/>
        <line num="28" count="2" type="stmt"/>
      </file>
    </package>
    <package name="src.components.ratings.context">
      <metrics statements="1" coveredstatements="1" conditionals="0" coveredconditionals="0" methods="0" coveredmethods="0"/>
      <file name="StarFilterContext.jsx" path="/Users/adamklingbaum/Documents/coding/hack_reactor/fec/src/components/ratings/context/StarFilterContext.jsx">
        <metrics statements="1" coveredstatements="1" conditionals="0" coveredconditionals="0" methods="0" coveredmethods="0"/>
        <line num="3" count="2" type="stmt"/>
      </file>
    </package>
    <package name="src.components.related">
      <metrics statements="1" coveredstatements="1" conditionals="0" coveredconditionals="0" methods="1" coveredmethods="1"/>
      <file name="Related.jsx" path="/Users/adamklingbaum/Documents/coding/hack_reactor/fec/src/components/related/Related.jsx">
        <metrics statements="1" coveredstatements="1" conditionals="0" coveredconditionals="0" methods="1" coveredmethods="1"/>
        <line num="4" count="3" type="stmt"/>
      </file>
    </package>
  </project>
</coverage>
