{"/Users/adamklingbaum/Documents/coding/hack_reactor/fec/mocks/front/data.js": {"path":"/Users/adamklingbaum/Documents/coding/hack_reactor/fec/mocks/front/data.js","statementMap":{"0":{"start":{"line":1,"column":27},"end":{"line":360,"column":1}}},"fnMap":{},"branchMap":{},"s":{"0":2},"f":{},"b":{},"_coverageSchema":"1a1c01bbd47fc00a2c39e90264f33305004495a9","hash":"a7d6b7d95302a7c39410767154d722455bf4822c"}
,"/Users/adamklingbaum/Documents/coding/hack_reactor/fec/mocks/front/handlers.js": {"path":"/Users/adamklingbaum/Documents/coding/hack_reactor/fec/mocks/front/handlers.js","statementMap":{"0":{"start":{"line":4,"column":17},"end":{"line":199,"column":1}},"1":{"start":{"line":6,"column":4},"end":{"line":27,"column":5}},"2":{"start":{"line":31,"column":4},"end":{"line":50,"column":5}},"3":{"start":{"line":54,"column":4},"end":{"line":54,"column":49}},"4":{"start":{"line":58,"column":4},"end":{"line":143,"column":5}},"5":{"start":{"line":147,"column":4},"end":{"line":197,"column":5}}},"fnMap":{"0":{"name":"(anonymous_0)","decl":{"start":{"line":5,"column":24},"end":{"line":5,"column":25}},"loc":{"start":{"line":6,"column":4},"end":{"line":27,"column":5}},"line":6},"1":{"name":"(anonymous_1)","decl":{"start":{"line":30,"column":38},"end":{"line":30,"column":39}},"loc":{"start":{"line":31,"column":4},"end":{"line":50,"column":5}},"line":31},"2":{"name":"(anonymous_2)","decl":{"start":{"line":53,"column":36},"end":{"line":53,"column":37}},"loc":{"start":{"line":54,"column":4},"end":{"line":54,"column":49}},"line":54},"3":{"name":"(anonymous_3)","decl":{"start":{"line":57,"column":32},"end":{"line":57,"column":33}},"loc":{"start":{"line":58,"column":4},"end":{"line":143,"column":5}},"line":58},"4":{"name":"(anonymous_4)","decl":{"start":{"line":146,"column":52},"end":{"line":146,"column":53}},"loc":{"start":{"line":147,"column":4},"end":{"line":197,"column":5}},"line":147}},"branchMap":{},"s":{"0":2,"1":2,"2":6,"3":3,"4":23,"5":37},"f":{"0":2,"1":6,"2":3,"3":23,"4":37},"b":{},"_coverageSchema":"1a1c01bbd47fc00a2c39e90264f33305004495a9","hash":"74994517f535ee83babafe16b2d286e67aa913b8"}
,"/Users/adamklingbaum/Documents/coding/hack_reactor/fec/mocks/front/mswServer.js": {"path":"/Users/adamklingbaum/Documents/coding/hack_reactor/fec/mocks/front/mswServer.js","statementMap":{"0":{"start":{"line":4,"column":18},"end":{"line":4,"column":42}}},"fnMap":{},"branchMap":{},"s":{"0":2},"f":{},"b":{},"_coverageSchema":"1a1c01bbd47fc00a2c39e90264f33305004495a9","hash":"7378b9bd3da5e8be39b0ba982f44d9fe56961b8d"}
,"/Users/adamklingbaum/Documents/coding/hack_reactor/fec/server/index.js": {"path":"/Users/adamklingbaum/Documents/coding/hack_reactor/fec/server/index.js","statementMap":{"0":{"start":{"line":1,"column":16},"end":{"line":1,"column":34}},"1":{"start":{"line":2,"column":13},"end":{"line":2,"column":28}},"2":{"start":{"line":4,"column":12},"end":{"line":4,"column":21}},"3":{"start":{"line":5,"column":13},"end":{"line":5,"column":56}},"4":{"start":{"line":7,"column":0},"end":{"line":7,"column":57}},"5":{"start":{"line":8,"column":0},"end":{"line":8,"column":24}},"6":{"start":{"line":9,"column":0},"end":{"line":9,"column":49}},"7":{"start":{"line":11,"column":21},"end":{"line":11,"column":48}},"8":{"start":{"line":13,"column":0},"end":{"line":13,"column":38}},"9":{"start":{"line":15,"column":23},"end":{"line":15,"column":51}},"10":{"start":{"line":17,"column":0},"end":{"line":17,"column":41}},"11":{"start":{"line":19,"column":17},"end":{"line":19,"column":39}},"12":{"start":{"line":21,"column":0},"end":{"line":21,"column":29}},"13":{"start":{"line":23,"column":23},"end":{"line":23,"column":44}},"14":{"start":{"line":25,"column":0},"end":{"line":33,"column":3}},"15":{"start":{"line":26,"column":2},"end":{"line":32,"column":5}},"16":{"start":{"line":27,"column":4},"end":{"line":31,"column":5}},"17":{"start":{"line":28,"column":6},"end":{"line":28,"column":26}},"18":{"start":{"line":30,"column":6},"end":{"line":30,"column":24}},"19":{"start":{"line":35,"column":0},"end":{"line":41,"column":3}},"20":{"start":{"line":36,"column":2},"end":{"line":40,"column":3}},"21":{"start":{"line":37,"column":4},"end":{"line":37,"column":68}},"22":{"start":{"line":39,"column":4},"end":{"line":39,"column":64}},"23":{"start":{"line":43,"column":0},"end":{"line":45,"column":3}},"24":{"start":{"line":44,"column":2},"end":{"line":44,"column":44}},"25":{"start":{"line":47,"column":0},"end":{"line":47,"column":31}}},"fnMap":{"0":{"name":"(anonymous_0)","decl":{"start":{"line":25,"column":21},"end":{"line":25,"column":22}},"loc":{"start":{"line":25,"column":35},"end":{"line":33,"column":1}},"line":25},"1":{"name":"(anonymous_1)","decl":{"start":{"line":26,"column":29},"end":{"line":26,"column":30}},"loc":{"start":{"line":26,"column":47},"end":{"line":32,"column":3}},"line":26},"2":{"name":"(anonymous_2)","decl":{"start":{"line":35,"column":22},"end":{"line":35,"column":23}},"loc":{"start":{"line":35,"column":36},"end":{"line":41,"column":1}},"line":35},"3":{"name":"(anonymous_3)","decl":{"start":{"line":43,"column":17},"end":{"line":43,"column":18}},"loc":{"start":{"line":43,"column":23},"end":{"line":45,"column":1}},"line":43}},"branchMap":{"0":{"loc":{"start":{"line":5,"column":13},"end":{"line":5,"column":56}},"type":"cond-expr","locations":[{"start":{"line":5,"column":47},"end":{"line":5,"column":49}},{"start":{"line":5,"column":52},"end":{"line":5,"column":56}}],"line":5},"1":{"loc":{"start":{"line":27,"column":4},"end":{"line":31,"column":5}},"type":"if","locations":[{"start":{"line":27,"column":4},"end":{"line":31,"column":5}},{"start":{"line":29,"column":11},"end":{"line":31,"column":5}}],"line":27},"2":{"loc":{"start":{"line":36,"column":2},"end":{"line":40,"column":3}},"type":"if","locations":[{"start":{"line":36,"column":2},"end":{"line":40,"column":3}},{"start":{"line":38,"column":9},"end":{"line":40,"column":3}}],"line":36}},"s":{"0":2,"1":2,"2":2,"3":2,"4":2,"5":2,"6":2,"7":2,"8":2,"9":2,"10":2,"11":2,"12":2,"13":2,"14":2,"15":0,"16":0,"17":0,"18":0,"19":2,"20":0,"21":0,"22":0,"23":2,"24":1,"25":2},"f":{"0":0,"1":0,"2":0,"3":1},"b":{"0":[2,0],"1":[0,0],"2":[0,0]},"_coverageSchema":"1a1c01bbd47fc00a2c39e90264f33305004495a9","hash":"151f8af801987565dba50a9622e10058d9b2b883"}
,"/Users/adamklingbaum/Documents/coding/hack_reactor/fec/server/products.js": {"path":"/Users/adamklingbaum/Documents/coding/hack_reactor/fec/server/products.js","statementMap":{"0":{"start":{"line":1,"column":14},"end":{"line":1,"column":30}},"1":{"start":{"line":2,"column":35},"end":{"line":2,"column":61}},"2":{"start":{"line":4,"column":22},"end":{"line":13,"column":1}},"3":{"start":{"line":5,"column":21},"end":{"line":5,"column":23}},"4":{"start":{"line":6,"column":24},"end":{"line":6,"column":61}},"5":{"start":{"line":7,"column":2},"end":{"line":11,"column":5}},"6":{"start":{"line":8,"column":4},"end":{"line":10,"column":5}},"7":{"start":{"line":9,"column":6},"end":{"line":9,"column":29}},"8":{"start":{"line":12,"column":2},"end":{"line":12,"column":22}},"9":{"start":{"line":15,"column":19},"end":{"line":24,"column":1}},"10":{"start":{"line":16,"column":2},"end":{"line":23,"column":29}},"11":{"start":{"line":21,"column":6},"end":{"line":21,"column":63}},"12":{"start":{"line":23,"column":20},"end":{"line":23,"column":27}},"13":{"start":{"line":26,"column":0},"end":{"line":26,"column":39}}},"fnMap":{"0":{"name":"(anonymous_0)","decl":{"start":{"line":4,"column":22},"end":{"line":4,"column":23}},"loc":{"start":{"line":4,"column":42},"end":{"line":13,"column":1}},"line":4},"1":{"name":"(anonymous_1)","decl":{"start":{"line":7,"column":19},"end":{"line":7,"column":20}},"loc":{"start":{"line":7,"column":32},"end":{"line":11,"column":3}},"line":7},"2":{"name":"(anonymous_2)","decl":{"start":{"line":15,"column":19},"end":{"line":15,"column":20}},"loc":{"start":{"line":15,"column":45},"end":{"line":24,"column":1}},"line":15},"3":{"name":"(anonymous_3)","decl":{"start":{"line":20,"column":10},"end":{"line":20,"column":11}},"loc":{"start":{"line":20,"column":24},"end":{"line":22,"column":5}},"line":20},"4":{"name":"(anonymous_4)","decl":{"start":{"line":23,"column":11},"end":{"line":23,"column":12}},"loc":{"start":{"line":23,"column":20},"end":{"line":23,"column":27}},"line":23}},"branchMap":{"0":{"loc":{"start":{"line":8,"column":4},"end":{"line":10,"column":5}},"type":"if","locations":[{"start":{"line":8,"column":4},"end":{"line":10,"column":5}},{"start":{},"end":{}}],"line":8}},"s":{"0":3,"1":3,"2":3,"3":1,"4":1,"5":1,"6":5,"7":1,"8":1,"9":3,"10":1,"11":1,"12":0,"13":3},"f":{"0":1,"1":5,"2":1,"3":1,"4":0},"b":{"0":[1,4]},"_coverageSchema":"1a1c01bbd47fc00a2c39e90264f33305004495a9","hash":"7b78449c6b638692b5920074ac3f07b48d9ef63f"}
,"/Users/adamklingbaum/Documents/coding/hack_reactor/fec/server/server-config.js": {"path":"/Users/adamklingbaum/Documents/coding/hack_reactor/fec/server/server-config.js","statementMap":{"0":{"start":{"line":1,"column":18},"end":{"line":1,"column":37}},"1":{"start":{"line":3,"column":0},"end":{"line":6,"column":2}}},"fnMap":{},"branchMap":{},"s":{"0":3,"1":3},"f":{},"b":{},"_coverageSchema":"1a1c01bbd47fc00a2c39e90264f33305004495a9","hash":"7e119e89461a89141cd97cb36b5fd40df9acd8ec"}
,"/Users/adamklingbaum/Documents/coding/hack_reactor/fec/server/gc/index.js": {"path":"/Users/adamklingbaum/Documents/coding/hack_reactor/fec/server/gc/index.js","statementMap":{"0":{"start":{"line":1,"column":14},"end":{"line":1,"column":46}},"1":{"start":{"line":2,"column":13},"end":{"line":2,"column":28}},"2":{"start":{"line":4,"column":19},"end":{"line":4,"column":57}},"3":{"start":{"line":6,"column":20},"end":{"line":6,"column":25}},"4":{"start":{"line":8,"column":16},"end":{"line":11,"column":2}},"5":{"start":{"line":13,"column":0},"end":{"line":13,"column":25}}},"fnMap":{},"branchMap":{},"s":{"0":2,"1":2,"2":2,"3":2,"4":2,"5":2},"f":{},"b":{},"_coverageSchema":"1a1c01bbd47fc00a2c39e90264f33305004495a9","hash":"6d1dae36b38042b02728af12dae74201a4c67f91"}
,"/Users/adamklingbaum/Documents/coding/hack_reactor/fec/server/middleware/multer.js": {"path":"/Users/adamklingbaum/Documents/coding/hack_reactor/fec/server/middleware/multer.js","statementMap":{"0":{"start":{"line":1,"column":15},"end":{"line":1,"column":32}},"1":{"start":{"line":3,"column":0},"end":{"line":8,"column":3}}},"fnMap":{},"branchMap":{},"s":{"0":2,"1":2},"f":{},"b":{},"_coverageSchema":"1a1c01bbd47fc00a2c39e90264f33305004495a9","hash":"a5bc0443b5325bda423a0131c51242c424186ec5"}
,"/Users/adamklingbaum/Documents/coding/hack_reactor/fec/server/overview/routes.js": {"path":"/Users/adamklingbaum/Documents/coding/hack_reactor/fec/server/overview/routes.js","statementMap":{"0":{"start":{"line":1,"column":16},"end":{"line":1,"column":34}},"1":{"start":{"line":2,"column":14},"end":{"line":2,"column":30}},"2":{"start":{"line":3,"column":35},"end":{"line":3,"column":62}},"3":{"start":{"line":5,"column":15},"end":{"line":5,"column":31}},"4":{"start":{"line":7,"column":0},"end":{"line":21,"column":3}},"5":{"start":{"line":8,"column":24},"end":{"line":8,"column":33}},"6":{"start":{"line":9,"column":2},"end":{"line":20,"column":7}},"7":{"start":{"line":16,"column":6},"end":{"line":16,"column":42}},"8":{"start":{"line":19,"column":6},"end":{"line":19,"column":66}},"9":{"start":{"line":23,"column":0},"end":{"line":37,"column":3}},"10":{"start":{"line":24,"column":24},"end":{"line":24,"column":33}},"11":{"start":{"line":25,"column":2},"end":{"line":36,"column":7}},"12":{"start":{"line":32,"column":6},"end":{"line":32,"column":42}},"13":{"start":{"line":35,"column":6},"end":{"line":35,"column":65}},"14":{"start":{"line":39,"column":0},"end":{"line":39,"column":24}}},"fnMap":{"0":{"name":"(anonymous_0)","decl":{"start":{"line":7,"column":24},"end":{"line":7,"column":25}},"loc":{"start":{"line":7,"column":38},"end":{"line":21,"column":1}},"line":7},"1":{"name":"(anonymous_1)","decl":{"start":{"line":15,"column":10},"end":{"line":15,"column":11}},"loc":{"start":{"line":15,"column":24},"end":{"line":17,"column":5}},"line":15},"2":{"name":"(anonymous_2)","decl":{"start":{"line":18,"column":11},"end":{"line":18,"column":12}},"loc":{"start":{"line":18,"column":17},"end":{"line":20,"column":5}},"line":18},"3":{"name":"(anonymous_3)","decl":{"start":{"line":23,"column":22},"end":{"line":23,"column":23}},"loc":{"start":{"line":23,"column":36},"end":{"line":37,"column":1}},"line":23},"4":{"name":"(anonymous_4)","decl":{"start":{"line":31,"column":10},"end":{"line":31,"column":11}},"loc":{"start":{"line":31,"column":24},"end":{"line":33,"column":5}},"line":31},"5":{"name":"(anonymous_5)","decl":{"start":{"line":34,"column":11},"end":{"line":34,"column":12}},"loc":{"start":{"line":34,"column":17},"end":{"line":36,"column":5}},"line":34}},"branchMap":{},"s":{"0":2,"1":2,"2":2,"3":2,"4":2,"5":0,"6":0,"7":0,"8":0,"9":2,"10":0,"11":0,"12":0,"13":0,"14":2},"f":{"0":0,"1":0,"2":0,"3":0,"4":0,"5":0},"b":{},"_coverageSchema":"1a1c01bbd47fc00a2c39e90264f33305004495a9","hash":"b2b7a44f8819052fbc85af9268b857fcff38223a"}
,"/Users/adamklingbaum/Documents/coding/hack_reactor/fec/server/qa/routes.js": {"path":"/Users/adamklingbaum/Documents/coding/hack_reactor/fec/server/qa/routes.js","statementMap":{"0":{"start":{"line":1,"column":16},"end":{"line":1,"column":34}},"1":{"start":{"line":2,"column":14},"end":{"line":2,"column":30}},"2":{"start":{"line":3,"column":35},"end":{"line":3,"column":62}},"3":{"start":{"line":5,"column":15},"end":{"line":5,"column":31}},"4":{"start":{"line":7,"column":0},"end":{"line":26,"column":3}},"5":{"start":{"line":8,"column":31},"end":{"line":8,"column":40}},"6":{"start":{"line":9,"column":2},"end":{"line":25,"column":7}},"7":{"start":{"line":20,"column":26},"end":{"line":20,"column":39}},"8":{"start":{"line":21,"column":6},"end":{"line":21,"column":36}},"9":{"start":{"line":24,"column":6},"end":{"line":24,"column":58}},"10":{"start":{"line":28,"column":0},"end":{"line":47,"column":3}},"11":{"start":{"line":29,"column":31},"end":{"line":29,"column":40}},"12":{"start":{"line":30,"column":25},"end":{"line":30,"column":35}},"13":{"start":{"line":31,"column":2},"end":{"line":46,"column":7}},"14":{"start":{"line":42,"column":6},"end":{"line":42,"column":42}},"15":{"start":{"line":45,"column":6},"end":{"line":45,"column":58}},"16":{"start":{"line":49,"column":0},"end":{"line":68,"column":3}},"17":{"start":{"line":50,"column":24},"end":{"line":50,"column":33}},"18":{"start":{"line":51,"column":25},"end":{"line":51,"column":35}},"19":{"start":{"line":53,"column":2},"end":{"line":67,"column":7}},"20":{"start":{"line":63,"column":6},"end":{"line":63,"column":62}},"21":{"start":{"line":66,"column":6},"end":{"line":66,"column":58}},"22":{"start":{"line":70,"column":0},"end":{"line":89,"column":3}},"23":{"start":{"line":71,"column":24},"end":{"line":71,"column":33}},"24":{"start":{"line":72,"column":23},"end":{"line":72,"column":33}},"25":{"start":{"line":74,"column":2},"end":{"line":88,"column":7}},"26":{"start":{"line":84,"column":6},"end":{"line":84,"column":60}},"27":{"start":{"line":87,"column":6},"end":{"line":87,"column":58}},"28":{"start":{"line":91,"column":0},"end":{"line":110,"column":3}},"29":{"start":{"line":92,"column":23},"end":{"line":92,"column":33}},"30":{"start":{"line":93,"column":24},"end":{"line":93,"column":33}},"31":{"start":{"line":95,"column":2},"end":{"line":109,"column":7}},"32":{"start":{"line":105,"column":6},"end":{"line":105,"column":64}},"33":{"start":{"line":108,"column":6},"end":{"line":108,"column":58}},"34":{"start":{"line":112,"column":0},"end":{"line":140,"column":3}},"35":{"start":{"line":113,"column":44},"end":{"line":113,"column":59}},"36":{"start":{"line":115,"column":15},"end":{"line":120,"column":4}},"37":{"start":{"line":122,"column":14},"end":{"line":122,"column":80}},"38":{"start":{"line":124,"column":17},"end":{"line":130,"column":3}},"39":{"start":{"line":132,"column":2},"end":{"line":139,"column":7}},"40":{"start":{"line":135,"column":6},"end":{"line":135,"column":64}},"41":{"start":{"line":138,"column":6},"end":{"line":138,"column":58}},"42":{"start":{"line":142,"column":0},"end":{"line":171,"column":3}},"43":{"start":{"line":143,"column":25},"end":{"line":143,"column":35}},"44":{"start":{"line":144,"column":40},"end":{"line":144,"column":55}},"45":{"start":{"line":146,"column":15},"end":{"line":151,"column":4}},"46":{"start":{"line":153,"column":14},"end":{"line":153,"column":102}},"47":{"start":{"line":155,"column":17},"end":{"line":161,"column":3}},"48":{"start":{"line":163,"column":2},"end":{"line":170,"column":7}},"49":{"start":{"line":166,"column":6},"end":{"line":166,"column":62}},"50":{"start":{"line":169,"column":6},"end":{"line":169,"column":58}},"51":{"start":{"line":173,"column":0},"end":{"line":173,"column":24}}},"fnMap":{"0":{"name":"(anonymous_0)","decl":{"start":{"line":7,"column":25},"end":{"line":7,"column":26}},"loc":{"start":{"line":7,"column":39},"end":{"line":26,"column":1}},"line":7},"1":{"name":"(anonymous_1)","decl":{"start":{"line":19,"column":10},"end":{"line":19,"column":11}},"loc":{"start":{"line":19,"column":24},"end":{"line":22,"column":5}},"line":19},"2":{"name":"(anonymous_2)","decl":{"start":{"line":23,"column":11},"end":{"line":23,"column":12}},"loc":{"start":{"line":23,"column":17},"end":{"line":25,"column":5}},"line":23},"3":{"name":"(anonymous_3)","decl":{"start":{"line":28,"column":45},"end":{"line":28,"column":46}},"loc":{"start":{"line":28,"column":59},"end":{"line":47,"column":1}},"line":28},"4":{"name":"(anonymous_4)","decl":{"start":{"line":41,"column":10},"end":{"line":41,"column":11}},"loc":{"start":{"line":41,"column":24},"end":{"line":43,"column":5}},"line":41},"5":{"name":"(anonymous_5)","decl":{"start":{"line":44,"column":11},"end":{"line":44,"column":12}},"loc":{"start":{"line":44,"column":17},"end":{"line":46,"column":5}},"line":44},"6":{"name":"(anonymous_6)","decl":{"start":{"line":49,"column":45},"end":{"line":49,"column":46}},"loc":{"start":{"line":49,"column":59},"end":{"line":68,"column":1}},"line":49},"7":{"name":"(anonymous_7)","decl":{"start":{"line":62,"column":10},"end":{"line":62,"column":11}},"loc":{"start":{"line":62,"column":16},"end":{"line":64,"column":5}},"line":62},"8":{"name":"(anonymous_8)","decl":{"start":{"line":65,"column":11},"end":{"line":65,"column":12}},"loc":{"start":{"line":65,"column":17},"end":{"line":67,"column":5}},"line":65},"9":{"name":"(anonymous_9)","decl":{"start":{"line":70,"column":41},"end":{"line":70,"column":42}},"loc":{"start":{"line":70,"column":55},"end":{"line":89,"column":1}},"line":70},"10":{"name":"(anonymous_10)","decl":{"start":{"line":83,"column":10},"end":{"line":83,"column":11}},"loc":{"start":{"line":83,"column":16},"end":{"line":85,"column":5}},"line":83},"11":{"name":"(anonymous_11)","decl":{"start":{"line":86,"column":11},"end":{"line":86,"column":12}},"loc":{"start":{"line":86,"column":17},"end":{"line":88,"column":5}},"line":86},"12":{"name":"(anonymous_12)","decl":{"start":{"line":91,"column":40},"end":{"line":91,"column":41}},"loc":{"start":{"line":91,"column":54},"end":{"line":110,"column":1}},"line":91},"13":{"name":"(anonymous_13)","decl":{"start":{"line":104,"column":10},"end":{"line":104,"column":11}},"loc":{"start":{"line":104,"column":16},"end":{"line":106,"column":5}},"line":104},"14":{"name":"(anonymous_14)","decl":{"start":{"line":107,"column":11},"end":{"line":107,"column":12}},"loc":{"start":{"line":107,"column":17},"end":{"line":109,"column":5}},"line":107},"15":{"name":"(anonymous_15)","decl":{"start":{"line":112,"column":26},"end":{"line":112,"column":27}},"loc":{"start":{"line":112,"column":40},"end":{"line":140,"column":1}},"line":112},"16":{"name":"(anonymous_16)","decl":{"start":{"line":134,"column":10},"end":{"line":134,"column":11}},"loc":{"start":{"line":134,"column":16},"end":{"line":136,"column":5}},"line":134},"17":{"name":"(anonymous_17)","decl":{"start":{"line":137,"column":11},"end":{"line":137,"column":12}},"loc":{"start":{"line":137,"column":17},"end":{"line":139,"column":5}},"line":137},"18":{"name":"(anonymous_18)","decl":{"start":{"line":142,"column":46},"end":{"line":142,"column":47}},"loc":{"start":{"line":142,"column":60},"end":{"line":171,"column":1}},"line":142},"19":{"name":"(anonymous_19)","decl":{"start":{"line":165,"column":10},"end":{"line":165,"column":11}},"loc":{"start":{"line":165,"column":16},"end":{"line":167,"column":5}},"line":165},"20":{"name":"(anonymous_20)","decl":{"start":{"line":168,"column":11},"end":{"line":168,"column":12}},"loc":{"start":{"line":168,"column":17},"end":{"line":170,"column":5}},"line":168}},"branchMap":{},"s":{"0":2,"1":2,"2":2,"3":2,"4":2,"5":0,"6":0,"7":0,"8":0,"9":0,"10":2,"11":0,"12":0,"13":0,"14":0,"15":0,"16":2,"17":0,"18":0,"19":0,"20":0,"21":0,"22":2,"23":0,"24":0,"25":0,"26":0,"27":0,"28":2,"29":0,"30":0,"31":0,"32":0,"33":0,"34":2,"35":0,"36":0,"37":0,"38":0,"39":0,"40":0,"41":0,"42":2,"43":0,"44":0,"45":0,"46":0,"47":0,"48":0,"49":0,"50":0,"51":2},"f":{"0":0,"1":0,"2":0,"3":0,"4":0,"5":0,"6":0,"7":0,"8":0,"9":0,"10":0,"11":0,"12":0,"13":0,"14":0,"15":0,"16":0,"17":0,"18":0,"19":0,"20":0},"b":{},"_coverageSchema":"1a1c01bbd47fc00a2c39e90264f33305004495a9","hash":"8531772f4fca690b4a732b6b9c7595d702635cf5"}
,"/Users/adamklingbaum/Documents/coding/hack_reactor/fec/server/reviews/helpers.js": {"path":"/Users/adamklingbaum/Documents/coding/hack_reactor/fec/server/reviews/helpers.js","statementMap":{"0":{"start":{"line":2,"column":11},"end":{"line":2,"column":27}},"1":{"start":{"line":4,"column":15},"end":{"line":4,"column":41}},"2":{"start":{"line":15,"column":20},"end":{"line":32,"column":4}},"3":{"start":{"line":16,"column":2},"end":{"line":32,"column":4}},"4":{"start":{"line":17,"column":37},"end":{"line":17,"column":41}},"5":{"start":{"line":19,"column":17},"end":{"line":19,"column":61}},"6":{"start":{"line":20,"column":23},"end":{"line":22,"column":6}},"7":{"start":{"line":23,"column":4},"end":{"line":31,"column":19}},"8":{"start":{"line":25,"column":26},"end":{"line":25,"column":86}},"9":{"start":{"line":26,"column":8},"end":{"line":26,"column":27}},"10":{"start":{"line":29,"column":8},"end":{"line":29,"column":63}},"11":{"start":{"line":34,"column":0},"end":{"line":34,"column":29}}},"fnMap":{"0":{"name":"(anonymous_0)","decl":{"start":{"line":15,"column":20},"end":{"line":15,"column":21}},"loc":{"start":{"line":16,"column":2},"end":{"line":32,"column":4}},"line":16},"1":{"name":"(anonymous_1)","decl":{"start":{"line":16,"column":14},"end":{"line":16,"column":15}},"loc":{"start":{"line":16,"column":35},"end":{"line":32,"column":3}},"line":16},"2":{"name":"(anonymous_2)","decl":{"start":{"line":24,"column":20},"end":{"line":24,"column":21}},"loc":{"start":{"line":24,"column":26},"end":{"line":27,"column":7}},"line":24},"3":{"name":"(anonymous_3)","decl":{"start":{"line":28,"column":19},"end":{"line":28,"column":20}},"loc":{"start":{"line":28,"column":25},"end":{"line":30,"column":7}},"line":28}},"branchMap":{},"s":{"0":2,"1":2,"2":2,"3":0,"4":0,"5":0,"6":0,"7":0,"8":0,"9":0,"10":0,"11":2},"f":{"0":0,"1":0,"2":0,"3":0},"b":{},"_coverageSchema":"1a1c01bbd47fc00a2c39e90264f33305004495a9","hash":"85f1012f05198cfee0e3663620b20d1eca8a44c6"}
,"/Users/adamklingbaum/Documents/coding/hack_reactor/fec/server/reviews/routes/index.js": {"path":"/Users/adamklingbaum/Documents/coding/hack_reactor/fec/server/reviews/routes/index.js","statementMap":{"0":{"start":{"line":1,"column":16},"end":{"line":1,"column":34}},"1":{"start":{"line":3,"column":15},"end":{"line":3,"column":31}},"2":{"start":{"line":5,"column":21},"end":{"line":5,"column":41}},"3":{"start":{"line":6,"column":19},"end":{"line":6,"column":36}},"4":{"start":{"line":8,"column":0},"end":{"line":8,"column":30}},"5":{"start":{"line":9,"column":0},"end":{"line":9,"column":32}},"6":{"start":{"line":11,"column":0},"end":{"line":11,"column":24}}},"fnMap":{},"branchMap":{},"s":{"0":2,"1":2,"2":2,"3":2,"4":2,"5":2,"6":2},"f":{},"b":{},"_coverageSchema":"1a1c01bbd47fc00a2c39e90264f33305004495a9","hash":"21c70b1397da141bb24e1421173b811d55b995d7"}
,"/Users/adamklingbaum/Documents/coding/hack_reactor/fec/server/reviews/routes/meta.js": {"path":"/Users/adamklingbaum/Documents/coding/hack_reactor/fec/server/reviews/routes/meta.js","statementMap":{"0":{"start":{"line":1,"column":16},"end":{"line":1,"column":34}},"1":{"start":{"line":2,"column":14},"end":{"line":2,"column":30}},"2":{"start":{"line":3,"column":35},"end":{"line":3,"column":65}},"3":{"start":{"line":5,"column":15},"end":{"line":5,"column":31}},"4":{"start":{"line":7,"column":15},"end":{"line":50,"column":1}},"5":{"start":{"line":52,"column":0},"end":{"line":76,"column":3}},"6":{"start":{"line":53,"column":24},"end":{"line":53,"column":33}},"7":{"start":{"line":54,"column":2},"end":{"line":75,"column":7}},"8":{"start":{"line":64,"column":26},"end":{"line":64,"column":39}},"9":{"start":{"line":65,"column":20},"end":{"line":68,"column":7}},"10":{"start":{"line":66,"column":31},"end":{"line":66,"column":70}},"11":{"start":{"line":69,"column":18},"end":{"line":73,"column":7}},"12":{"start":{"line":71,"column":10},"end":{"line":71,"column":71}},"13":{"start":{"line":74,"column":6},"end":{"line":74,"column":51}},"14":{"start":{"line":78,"column":0},"end":{"line":98,"column":3}},"15":{"start":{"line":79,"column":24},"end":{"line":79,"column":33}},"16":{"start":{"line":80,"column":2},"end":{"line":97,"column":7}},"17":{"start":{"line":90,"column":30},"end":{"line":90,"column":43}},"18":{"start":{"line":93,"column":8},"end":{"line":94,"column":62}},"19":{"start":{"line":96,"column":6},"end":{"line":96,"column":57}},"20":{"start":{"line":100,"column":0},"end":{"line":126,"column":3}},"21":{"start":{"line":101,"column":24},"end":{"line":101,"column":33}},"22":{"start":{"line":102,"column":2},"end":{"line":125,"column":7}},"23":{"start":{"line":112,"column":26},"end":{"line":112,"column":39}},"24":{"start":{"line":113,"column":27},"end":{"line":116,"column":7}},"25":{"start":{"line":114,"column":28},"end":{"line":114,"column":60}},"26":{"start":{"line":118,"column":21},"end":{"line":122,"column":9}},"27":{"start":{"line":118,"column":54},"end":{"line":122,"column":7}},"28":{"start":{"line":124,"column":6},"end":{"line":124,"column":48}},"29":{"start":{"line":128,"column":0},"end":{"line":149,"column":3}},"30":{"start":{"line":129,"column":24},"end":{"line":129,"column":33}},"31":{"start":{"line":130,"column":2},"end":{"line":148,"column":7}},"32":{"start":{"line":140,"column":34},"end":{"line":140,"column":47}},"33":{"start":{"line":142,"column":6},"end":{"line":145,"column":9}},"34":{"start":{"line":143,"column":8},"end":{"line":143,"column":72}},"35":{"start":{"line":144,"column":8},"end":{"line":144,"column":50}},"36":{"start":{"line":147,"column":6},"end":{"line":147,"column":48}},"37":{"start":{"line":151,"column":0},"end":{"line":170,"column":3}},"38":{"start":{"line":152,"column":24},"end":{"line":152,"column":33}},"39":{"start":{"line":153,"column":2},"end":{"line":169,"column":7}},"40":{"start":{"line":163,"column":34},"end":{"line":163,"column":47}},"41":{"start":{"line":164,"column":21},"end":{"line":164,"column":23}},"42":{"start":{"line":165,"column":6},"end":{"line":167,"column":9}},"43":{"start":{"line":166,"column":8},"end":{"line":166,"column":75}},"44":{"start":{"line":168,"column":6},"end":{"line":168,"column":56}},"45":{"start":{"line":172,"column":0},"end":{"line":172,"column":24}}},"fnMap":{"0":{"name":"(anonymous_0)","decl":{"start":{"line":52,"column":21},"end":{"line":52,"column":22}},"loc":{"start":{"line":52,"column":35},"end":{"line":76,"column":1}},"line":52},"1":{"name":"(anonymous_1)","decl":{"start":{"line":63,"column":10},"end":{"line":63,"column":11}},"loc":{"start":{"line":63,"column":24},"end":{"line":75,"column":5}},"line":63},"2":{"name":"(anonymous_2)","decl":{"start":{"line":66,"column":8},"end":{"line":66,"column":9}},"loc":{"start":{"line":66,"column":31},"end":{"line":66,"column":70}},"line":66},"3":{"name":"(anonymous_3)","decl":{"start":{"line":70,"column":8},"end":{"line":70,"column":9}},"loc":{"start":{"line":71,"column":10},"end":{"line":71,"column":71}},"line":71},"4":{"name":"(anonymous_4)","decl":{"start":{"line":78,"column":27},"end":{"line":78,"column":28}},"loc":{"start":{"line":78,"column":41},"end":{"line":98,"column":1}},"line":78},"5":{"name":"(anonymous_5)","decl":{"start":{"line":89,"column":10},"end":{"line":89,"column":11}},"loc":{"start":{"line":89,"column":24},"end":{"line":97,"column":5}},"line":89},"6":{"name":"(anonymous_6)","decl":{"start":{"line":100,"column":23},"end":{"line":100,"column":24}},"loc":{"start":{"line":100,"column":37},"end":{"line":126,"column":1}},"line":100},"7":{"name":"(anonymous_7)","decl":{"start":{"line":111,"column":10},"end":{"line":111,"column":11}},"loc":{"start":{"line":111,"column":24},"end":{"line":125,"column":5}},"line":111},"8":{"name":"(anonymous_8)","decl":{"start":{"line":114,"column":8},"end":{"line":114,"column":9}},"loc":{"start":{"line":114,"column":28},"end":{"line":114,"column":60}},"line":114},"9":{"name":"(anonymous_9)","decl":{"start":{"line":118,"column":41},"end":{"line":118,"column":42}},"loc":{"start":{"line":118,"column":54},"end":{"line":122,"column":7}},"line":118},"10":{"name":"(anonymous_10)","decl":{"start":{"line":128,"column":31},"end":{"line":128,"column":32}},"loc":{"start":{"line":128,"column":45},"end":{"line":149,"column":1}},"line":128},"11":{"name":"(anonymous_11)","decl":{"start":{"line":139,"column":10},"end":{"line":139,"column":11}},"loc":{"start":{"line":139,"column":24},"end":{"line":148,"column":5}},"line":139},"12":{"name":"(anonymous_12)","decl":{"start":{"line":142,"column":43},"end":{"line":142,"column":44}},"loc":{"start":{"line":142,"column":52},"end":{"line":145,"column":7}},"line":142},"13":{"name":"(anonymous_13)","decl":{"start":{"line":151,"column":42},"end":{"line":151,"column":43}},"loc":{"start":{"line":151,"column":56},"end":{"line":170,"column":1}},"line":151},"14":{"name":"(anonymous_14)","decl":{"start":{"line":162,"column":10},"end":{"line":162,"column":11}},"loc":{"start":{"line":162,"column":24},"end":{"line":169,"column":5}},"line":162},"15":{"name":"(anonymous_15)","decl":{"start":{"line":165,"column":43},"end":{"line":165,"column":44}},"loc":{"start":{"line":165,"column":52},"end":{"line":167,"column":7}},"line":165}},"branchMap":{"0":{"loc":{"start":{"line":120,"column":15},"end":{"line":120,"column":43}},"type":"binary-expr","locations":[{"start":{"line":120,"column":15},"end":{"line":120,"column":38}},{"start":{"line":120,"column":42},"end":{"line":120,"column":43}}],"line":120},"1":{"loc":{"start":{"line":121,"column":24},"end":{"line":121,"column":44}},"type":"binary-expr","locations":[{"start":{"line":121,"column":24},"end":{"line":121,"column":39}},{"start":{"line":121,"column":43},"end":{"line":121,"column":44}}],"line":121}},"s":{"0":2,"1":2,"2":2,"3":2,"4":2,"5":2,"6":11,"7":11,"8":11,"9":11,"10":55,"11":11,"12":55,"13":11,"14":2,"15":11,"16":11,"17":11,"18":11,"19":11,"20":2,"21":11,"22":11,"23":11,"24":11,"25":55,"26":11,"27":55,"28":11,"29":2,"30":11,"31":11,"32":11,"33":11,"34":44,"35":44,"36":11,"37":2,"38":3,"39":3,"40":3,"41":3,"42":3,"43":12,"44":3,"45":2},"f":{"0":11,"1":11,"2":55,"3":55,"4":11,"5":11,"6":11,"7":11,"8":55,"9":55,"10":11,"11":11,"12":44,"13":3,"14":3,"15":12},"b":{"0":[55,0],"1":[55,0]},"_coverageSchema":"1a1c01bbd47fc00a2c39e90264f33305004495a9","hash":"de4b28ccd5b5ba67c892eddef9173984e1dd748f"}
,"/Users/adamklingbaum/Documents/coding/hack_reactor/fec/server/reviews/routes/reviews.js": {"path":"/Users/adamklingbaum/Documents/coding/hack_reactor/fec/server/reviews/routes/reviews.js","statementMap":{"0":{"start":{"line":1,"column":16},"end":{"line":1,"column":34}},"1":{"start":{"line":2,"column":14},"end":{"line":2,"column":30}},"2":{"start":{"line":3,"column":35},"end":{"line":3,"column":65}},"3":{"start":{"line":4,"column":18},"end":{"line":4,"column":52}},"4":{"start":{"line":5,"column":20},"end":{"line":5,"column":41}},"5":{"start":{"line":7,"column":15},"end":{"line":7,"column":31}},"6":{"start":{"line":9,"column":0},"end":{"line":9,"column":37}},"7":{"start":{"line":11,"column":0},"end":{"line":28,"column":3}},"8":{"start":{"line":12,"column":43},"end":{"line":12,"column":52}},"9":{"start":{"line":13,"column":2},"end":{"line":27,"column":7}},"10":{"start":{"line":26,"column":6},"end":{"line":26,"column":63}},"11":{"start":{"line":30,"column":0},"end":{"line":41,"column":3}},"12":{"start":{"line":31,"column":23},"end":{"line":31,"column":33}},"13":{"start":{"line":32,"column":2},"end":{"line":40,"column":5}},"14":{"start":{"line":39,"column":4},"end":{"line":39,"column":40}},"15":{"start":{"line":43,"column":0},"end":{"line":54,"column":3}},"16":{"start":{"line":44,"column":23},"end":{"line":44,"column":33}},"17":{"start":{"line":45,"column":2},"end":{"line":53,"column":5}},"18":{"start":{"line":52,"column":4},"end":{"line":52,"column":40}},"19":{"start":{"line":56,"column":0},"end":{"line":68,"column":3}},"20":{"start":{"line":57,"column":17},"end":{"line":57,"column":25}},"21":{"start":{"line":58,"column":2},"end":{"line":67,"column":7}},"22":{"start":{"line":60,"column":6},"end":{"line":63,"column":9}},"23":{"start":{"line":66,"column":6},"end":{"line":66,"column":18}},"24":{"start":{"line":70,"column":0},"end":{"line":84,"column":3}},"25":{"start":{"line":71,"column":15},"end":{"line":71,"column":23}},"26":{"start":{"line":72,"column":2},"end":{"line":72,"column":35}},"27":{"start":{"line":73,"column":2},"end":{"line":73,"column":24}},"28":{"start":{"line":74,"column":2},"end":{"line":83,"column":5}},"29":{"start":{"line":82,"column":4},"end":{"line":82,"column":40}},"30":{"start":{"line":86,"column":0},"end":{"line":86,"column":24}}},"fnMap":{"0":{"name":"(anonymous_0)","decl":{"start":{"line":11,"column":16},"end":{"line":11,"column":17}},"loc":{"start":{"line":11,"column":30},"end":{"line":28,"column":1}},"line":11},"1":{"name":"(anonymous_1)","decl":{"start":{"line":25,"column":10},"end":{"line":25,"column":11}},"loc":{"start":{"line":25,"column":24},"end":{"line":27,"column":5}},"line":25},"2":{"name":"(anonymous_2)","decl":{"start":{"line":30,"column":33},"end":{"line":30,"column":34}},"loc":{"start":{"line":30,"column":47},"end":{"line":41,"column":1}},"line":30},"3":{"name":"(anonymous_3)","decl":{"start":{"line":38,"column":10},"end":{"line":38,"column":11}},"loc":{"start":{"line":38,"column":24},"end":{"line":40,"column":3}},"line":38},"4":{"name":"(anonymous_4)","decl":{"start":{"line":43,"column":32},"end":{"line":43,"column":33}},"loc":{"start":{"line":43,"column":46},"end":{"line":54,"column":1}},"line":43},"5":{"name":"(anonymous_5)","decl":{"start":{"line":51,"column":10},"end":{"line":51,"column":11}},"loc":{"start":{"line":51,"column":24},"end":{"line":53,"column":3}},"line":51},"6":{"name":"(anonymous_6)","decl":{"start":{"line":56,"column":24},"end":{"line":56,"column":25}},"loc":{"start":{"line":56,"column":44},"end":{"line":68,"column":1}},"line":56},"7":{"name":"(anonymous_7)","decl":{"start":{"line":59,"column":10},"end":{"line":59,"column":11}},"loc":{"start":{"line":59,"column":24},"end":{"line":64,"column":5}},"line":59},"8":{"name":"(anonymous_8)","decl":{"start":{"line":65,"column":11},"end":{"line":65,"column":12}},"loc":{"start":{"line":65,"column":22},"end":{"line":67,"column":5}},"line":65},"9":{"name":"(anonymous_9)","decl":{"start":{"line":70,"column":23},"end":{"line":70,"column":24}},"loc":{"start":{"line":70,"column":43},"end":{"line":84,"column":1}},"line":70},"10":{"name":"(anonymous_10)","decl":{"start":{"line":81,"column":10},"end":{"line":81,"column":11}},"loc":{"start":{"line":81,"column":24},"end":{"line":83,"column":3}},"line":81}},"branchMap":{},"s":{"0":2,"1":2,"2":2,"3":2,"4":2,"5":2,"6":2,"7":2,"8":13,"9":13,"10":13,"11":2,"12":1,"13":1,"14":1,"15":2,"16":0,"17":0,"18":0,"19":2,"20":0,"21":0,"22":0,"23":0,"24":2,"25":0,"26":0,"27":0,"28":0,"29":0,"30":2},"f":{"0":13,"1":13,"2":1,"3":1,"4":0,"5":0,"6":0,"7":0,"8":0,"9":0,"10":0},"b":{},"_coverageSchema":"1a1c01bbd47fc00a2c39e90264f33305004495a9","hash":"ff11dfcce8576c06d7eda4b9902233dd69f657ad"}
,"/Users/adamklingbaum/Documents/coding/hack_reactor/fec/src/components/App.jsx": {"path":"/Users/adamklingbaum/Documents/coding/hack_reactor/fec/src/components/App.jsx","statementMap":{"0":{"start":{"line":11,"column":36},"end":{"line":11,"column":51}},"1":{"start":{"line":13,"column":2},"end":{"line":33,"column":9}},"2":{"start":{"line":14,"column":27},"end":{"line":17,"column":5}},"3":{"start":{"line":15,"column":23},"end":{"line":15,"column":58}},"4":{"start":{"line":16,"column":6},"end":{"line":16,"column":25}},"5":{"start":{"line":19,"column":27},"end":{"line":19,"column":43}},"6":{"start":{"line":21,"column":4},"end":{"line":32,"column":9}},"7":{"start":{"line":28,"column":8},"end":{"line":28,"column":39}},"8":{"start":{"line":31,"column":8},"end":{"line":31,"column":52}},"9":{"start":{"line":35,"column":2},"end":{"line":48,"column":4}}},"fnMap":{"0":{"name":"App","decl":{"start":{"line":10,"column":24},"end":{"line":10,"column":27}},"loc":{"start":{"line":10,"column":30},"end":{"line":49,"column":1}},"line":10},"1":{"name":"(anonymous_1)","decl":{"start":{"line":13,"column":12},"end":{"line":13,"column":13}},"loc":{"start":{"line":13,"column":18},"end":{"line":33,"column":3}},"line":13},"2":{"name":"(anonymous_2)","decl":{"start":{"line":14,"column":27},"end":{"line":14,"column":28}},"loc":{"start":{"line":14,"column":33},"end":{"line":17,"column":5}},"line":14},"3":{"name":"(anonymous_3)","decl":{"start":{"line":27,"column":12},"end":{"line":27,"column":13}},"loc":{"start":{"line":27,"column":26},"end":{"line":29,"column":7}},"line":27},"4":{"name":"(anonymous_4)","decl":{"start":{"line":30,"column":13},"end":{"line":30,"column":14}},"loc":{"start":{"line":30,"column":24},"end":{"line":32,"column":7}},"line":30}},"branchMap":{},"s":{"0":4,"1":3,"2":2,"3":2,"4":2,"5":2,"6":2,"7":2,"8":0,"9":3},"f":{"0":4,"1":2,"2":2,"3":2,"4":0},"b":{},"_coverageSchema":"1a1c01bbd47fc00a2c39e90264f33305004495a9","hash":"b812025c6b2f03a2892cc55d5e484cc9a8c6b602"}
,"/Users/adamklingbaum/Documents/coding/hack_reactor/fec/src/components/context/ProductIdContext.jsx": {"path":"/Users/adamklingbaum/Documents/coding/hack_reactor/fec/src/components/context/ProductIdContext.jsx","statementMap":{"0":{"start":{"line":3,"column":25},"end":{"line":6,"column":2}}},"fnMap":{"0":{"name":"(anonymous_0)","decl":{"start":{"line":5,"column":16},"end":{"line":5,"column":17}},"loc":{"start":{"line":5,"column":22},"end":{"line":5,"column":24}},"line":5}},"branchMap":{},"s":{"0":3},"f":{"0":0},"b":{},"_coverageSchema":"1a1c01bbd47fc00a2c39e90264f33305004495a9","hash":"b9b906e1f19b6a5603d9949d4900fd11f759ba1e"}
,"/Users/adamklingbaum/Documents/coding/hack_reactor/fec/src/components/overview/Overview.jsx": {"path":"/Users/adamklingbaum/Documents/coding/hack_reactor/fec/src/components/overview/Overview.jsx","statementMap":{"0":{"start":{"line":13,"column":17},"end":{"line":46,"column":1}},"1":{"start":{"line":14,"column":24},"end":{"line":14,"column":52}},"2":{"start":{"line":15,"column":54},"end":{"line":15,"column":65}},"3":{"start":{"line":16,"column":29},"end":{"line":16,"column":74}},"4":{"start":{"line":17,"column":40},"end":{"line":20,"column":3}},"5":{"start":{"line":21,"column":41},"end":{"line":24,"column":3}},"6":{"start":{"line":26,"column":35},"end":{"line":26,"column":77}},"7":{"start":{"line":28,"column":2},"end":{"line":45,"column":4}}},"fnMap":{"0":{"name":"(anonymous_0)","decl":{"start":{"line":13,"column":17},"end":{"line":13,"column":18}},"loc":{"start":{"line":13,"column":23},"end":{"line":46,"column":1}},"line":13}},"branchMap":{},"s":{"0":1,"1":4,"2":3,"3":3,"4":3,"5":3,"6":3,"7":3},"f":{"0":4},"b":{},"_coverageSchema":"1a1c01bbd47fc00a2c39e90264f33305004495a9","hash":"b1e06ad96c8a4e71ef1f56d175b9c54767c51015"}
,"/Users/adamklingbaum/Documents/coding/hack_reactor/fec/src/components/overview/ProductDetailWrapper.jsx": {"path":"/Users/adamklingbaum/Documents/coding/hack_reactor/fec/src/components/overview/ProductDetailWrapper.jsx","statementMap":{"0":{"start":{"line":5,"column":2},"end":{"line":26,"column":3}},"1":{"start":{"line":6,"column":2},"end":{"line":26,"column":3}},"2":{"start":{"line":7,"column":34},"end":{"line":7,"column":46}},"3":{"start":{"line":9,"column":4},"end":{"line":22,"column":11}},"4":{"start":{"line":10,"column":6},"end":{"line":21,"column":11}},"5":{"start":{"line":17,"column":10},"end":{"line":17,"column":36}},"6":{"start":{"line":20,"column":10},"end":{"line":20,"column":62}},"7":{"start":{"line":25,"column":4},"end":{"line":25,"column":61}}},"fnMap":{"0":{"name":"(anonymous_0)","decl":{"start":{"line":5,"column":2},"end":{"line":5,"column":3}},"loc":{"start":{"line":6,"column":2},"end":{"line":26,"column":3}},"line":6},"1":{"name":"(anonymous_1)","decl":{"start":{"line":6,"column":2},"end":{"line":6,"column":3}},"loc":{"start":{"line":6,"column":16},"end":{"line":26,"column":3}},"line":6},"2":{"name":"(anonymous_2)","decl":{"start":{"line":9,"column":14},"end":{"line":9,"column":15}},"loc":{"start":{"line":9,"column":20},"end":{"line":22,"column":5}},"line":9},"3":{"name":"(anonymous_3)","decl":{"start":{"line":16,"column":14},"end":{"line":16,"column":15}},"loc":{"start":{"line":16,"column":28},"end":{"line":18,"column":9}},"line":16},"4":{"name":"(anonymous_4)","decl":{"start":{"line":19,"column":15},"end":{"line":19,"column":16}},"loc":{"start":{"line":19,"column":26},"end":{"line":21,"column":9}},"line":19}},"branchMap":{},"s":{"0":1,"1":6,"2":13,"3":10,"4":6,"5":6,"6":0,"7":10},"f":{"0":6,"1":13,"2":6,"3":6,"4":0},"b":{},"_coverageSchema":"1a1c01bbd47fc00a2c39e90264f33305004495a9","hash":"3181a7b1405fcb52da47a4b1b2d7f5d1e007e90f"}
,"/Users/adamklingbaum/Documents/coding/hack_reactor/fec/src/components/overview/StyleDetailWrapper.jsx": {"path":"/Users/adamklingbaum/Documents/coding/hack_reactor/fec/src/components/overview/StyleDetailWrapper.jsx","statementMap":{"0":{"start":{"line":6,"column":2},"end":{"line":37,"column":3}},"1":{"start":{"line":7,"column":2},"end":{"line":37,"column":3}},"2":{"start":{"line":8,"column":38},"end":{"line":8,"column":52}},"3":{"start":{"line":9,"column":58},"end":{"line":9,"column":90}},"4":{"start":{"line":11,"column":34},"end":{"line":17,"column":5}},"5":{"start":{"line":12,"column":19},"end":{"line":12,"column":20}},"6":{"start":{"line":13,"column":6},"end":{"line":15,"column":9}},"7":{"start":{"line":14,"column":8},"end":{"line":14,"column":46}},"8":{"start":{"line":14,"column":31},"end":{"line":14,"column":46}},"9":{"start":{"line":16,"column":6},"end":{"line":16,"column":20}},"10":{"start":{"line":19,"column":4},"end":{"line":33,"column":11}},"11":{"start":{"line":20,"column":6},"end":{"line":32,"column":11}},"12":{"start":{"line":27,"column":10},"end":{"line":27,"column":46}},"13":{"start":{"line":28,"column":10},"end":{"line":28,"column":70}},"14":{"start":{"line":31,"column":10},"end":{"line":31,"column":60}},"15":{"start":{"line":36,"column":4},"end":{"line":36,"column":65}}},"fnMap":{"0":{"name":"(anonymous_0)","decl":{"start":{"line":6,"column":2},"end":{"line":6,"column":3}},"loc":{"start":{"line":7,"column":2},"end":{"line":37,"column":3}},"line":7},"1":{"name":"(anonymous_1)","decl":{"start":{"line":7,"column":2},"end":{"line":7,"column":3}},"loc":{"start":{"line":7,"column":16},"end":{"line":37,"column":3}},"line":7},"2":{"name":"(anonymous_2)","decl":{"start":{"line":11,"column":34},"end":{"line":11,"column":35}},"loc":{"start":{"line":11,"column":50},"end":{"line":17,"column":5}},"line":11},"3":{"name":"(anonymous_3)","decl":{"start":{"line":13,"column":25},"end":{"line":13,"column":26}},"loc":{"start":{"line":13,"column":43},"end":{"line":15,"column":7}},"line":13},"4":{"name":"(anonymous_4)","decl":{"start":{"line":19,"column":14},"end":{"line":19,"column":15}},"loc":{"start":{"line":19,"column":20},"end":{"line":33,"column":5}},"line":19},"5":{"name":"(anonymous_5)","decl":{"start":{"line":26,"column":14},"end":{"line":26,"column":15}},"loc":{"start":{"line":26,"column":28},"end":{"line":29,"column":9}},"line":26},"6":{"name":"(anonymous_6)","decl":{"start":{"line":30,"column":15},"end":{"line":30,"column":16}},"loc":{"start":{"line":30,"column":26},"end":{"line":32,"column":9}},"line":30}},"branchMap":{"0":{"loc":{"start":{"line":14,"column":8},"end":{"line":14,"column":46}},"type":"if","locations":[{"start":{"line":14,"column":8},"end":{"line":14,"column":46}},{"start":{},"end":{}}],"line":14}},"s":{"0":1,"1":3,"2":6,"3":5,"4":5,"5":3,"6":3,"7":0,"8":0,"9":0,"10":5,"11":3,"12":3,"13":3,"14":3,"15":5},"f":{"0":3,"1":6,"2":3,"3":0,"4":3,"5":3,"6":3},"b":{"0":[0,0]},"_coverageSchema":"1a1c01bbd47fc00a2c39e90264f33305004495a9","hash":"b5ec9de1017d3acce991885cc87ec3ac32414fcb"}
,"/Users/adamklingbaum/Documents/coding/hack_reactor/fec/src/components/overview/AddToCart/AddToCart.jsx": {"path":"/Users/adamklingbaum/Documents/coding/hack_reactor/fec/src/components/overview/AddToCart/AddToCart.jsx","statementMap":{"0":{"start":{"line":4,"column":18},"end":{"line":23,"column":1}},"1":{"start":{"line":5,"column":2},"end":{"line":22,"column":8}}},"fnMap":{"0":{"name":"(anonymous_0)","decl":{"start":{"line":4,"column":18},"end":{"line":4,"column":19}},"loc":{"start":{"line":5,"column":2},"end":{"line":22,"column":8}},"line":5}},"branchMap":{},"s":{"0":1,"1":3},"f":{"0":3},"b":{},"_coverageSchema":"1a1c01bbd47fc00a2c39e90264f33305004495a9","hash":"739af26cf51a34890fe697235aab914104553da4"}
,"/Users/adamklingbaum/Documents/coding/hack_reactor/fec/src/components/overview/ImageGallery/ImageGallery.jsx": {"path":"/Users/adamklingbaum/Documents/coding/hack_reactor/fec/src/components/overview/ImageGallery/ImageGallery.jsx","statementMap":{"0":{"start":{"line":4,"column":21},"end":{"line":13,"column":1}},"1":{"start":{"line":5,"column":2},"end":{"line":12,"column":8}}},"fnMap":{"0":{"name":"(anonymous_0)","decl":{"start":{"line":4,"column":21},"end":{"line":4,"column":22}},"loc":{"start":{"line":5,"column":2},"end":{"line":12,"column":8}},"line":5}},"branchMap":{},"s":{"0":1,"1":3},"f":{"0":3},"b":{},"_coverageSchema":"1a1c01bbd47fc00a2c39e90264f33305004495a9","hash":"55f6239e7bf3634424cb13f615100d4ac1ff3f73"}
,"/Users/adamklingbaum/Documents/coding/hack_reactor/fec/src/components/overview/ProductInformation/ProductInformation.jsx": {"path":"/Users/adamklingbaum/Documents/coding/hack_reactor/fec/src/components/overview/ProductInformation/ProductInformation.jsx","statementMap":{"0":{"start":{"line":6,"column":27},"end":{"line":14,"column":1}},"1":{"start":{"line":7,"column":2},"end":{"line":13,"column":8}},"2":{"start":{"line":16,"column":0},"end":{"line":22,"column":2}},"3":{"start":{"line":24,"column":0},"end":{"line":30,"column":2}}},"fnMap":{"0":{"name":"(anonymous_0)","decl":{"start":{"line":6,"column":27},"end":{"line":6,"column":28}},"loc":{"start":{"line":7,"column":2},"end":{"line":13,"column":8}},"line":7}},"branchMap":{},"s":{"0":1,"1":5,"2":1,"3":1},"f":{"0":5},"b":{},"_coverageSchema":"1a1c01bbd47fc00a2c39e90264f33305004495a9","hash":"1205ec45e0fe5dfa4c65358fc70b407fffbdac31"}
,"/Users/adamklingbaum/Documents/coding/hack_reactor/fec/src/components/overview/ProductTextOverview/ProductTextOverview.jsx": {"path":"/Users/adamklingbaum/Documents/coding/hack_reactor/fec/src/components/overview/ProductTextOverview/ProductTextOverview.jsx","statementMap":{"0":{"start":{"line":6,"column":28},"end":{"line":26,"column":1}},"1":{"start":{"line":7,"column":19},"end":{"line":7,"column":21}},"2":{"start":{"line":8,"column":2},"end":{"line":17,"column":3}},"3":{"start":{"line":9,"column":4},"end":{"line":16,"column":7}},"4":{"start":{"line":10,"column":6},"end":{"line":15,"column":8}},"5":{"start":{"line":19,"column":2},"end":{"line":25,"column":4}},"6":{"start":{"line":28,"column":0},"end":{"line":39,"column":2}},"7":{"start":{"line":41,"column":0},"end":{"line":52,"column":2}}},"fnMap":{"0":{"name":"(anonymous_0)","decl":{"start":{"line":6,"column":28},"end":{"line":6,"column":29}},"loc":{"start":{"line":6,"column":45},"end":{"line":26,"column":1}},"line":6},"1":{"name":"(anonymous_1)","decl":{"start":{"line":9,"column":29},"end":{"line":9,"column":30}},"loc":{"start":{"line":9,"column":46},"end":{"line":16,"column":5}},"line":9}},"branchMap":{"0":{"loc":{"start":{"line":8,"column":2},"end":{"line":17,"column":3}},"type":"if","locations":[{"start":{"line":8,"column":2},"end":{"line":17,"column":3}},{"start":{},"end":{}}],"line":8}},"s":{"0":1,"1":5,"2":5,"3":2,"4":4,"5":5,"6":1,"7":1},"f":{"0":5,"1":4},"b":{"0":[2,3]},"_coverageSchema":"1a1c01bbd47fc00a2c39e90264f33305004495a9","hash":"35ecab2c0263c3b99138a9b943f3003b00e92b51"}
,"/Users/adamklingbaum/Documents/coding/hack_reactor/fec/src/components/overview/StyleSelector/StyleSelector.jsx": {"path":"/Users/adamklingbaum/Documents/coding/hack_reactor/fec/src/components/overview/StyleSelector/StyleSelector.jsx","statementMap":{"0":{"start":{"line":7,"column":22},"end":{"line":20,"column":1}},"1":{"start":{"line":8,"column":33},"end":{"line":8,"column":65}},"2":{"start":{"line":10,"column":2},"end":{"line":19,"column":4}},"3":{"start":{"line":22,"column":0},"end":{"line":28,"column":2}},"4":{"start":{"line":30,"column":0},"end":{"line":36,"column":2}}},"fnMap":{"0":{"name":"(anonymous_0)","decl":{"start":{"line":7,"column":22},"end":{"line":7,"column":23}},"loc":{"start":{"line":7,"column":41},"end":{"line":20,"column":1}},"line":7}},"branchMap":{},"s":{"0":1,"1":5,"2":5,"3":1,"4":1},"f":{"0":5},"b":{},"_coverageSchema":"1a1c01bbd47fc00a2c39e90264f33305004495a9","hash":"d2d19276c022886b85d81da72fcac58d1abfa103"}
,"/Users/adamklingbaum/Documents/coding/hack_reactor/fec/src/components/overview/StyleSelector/StylePicker/StylePicker.jsx": {"path":"/Users/adamklingbaum/Documents/coding/hack_reactor/fec/src/components/overview/StyleSelector/StylePicker/StylePicker.jsx","statementMap":{"0":{"start":{"line":6,"column":20},"end":{"line":28,"column":1}},"1":{"start":{"line":7,"column":21},"end":{"line":7,"column":23}},"2":{"start":{"line":9,"column":4},"end":{"line":9,"column":36}},"3":{"start":{"line":11,"column":2},"end":{"line":21,"column":3}},"4":{"start":{"line":12,"column":4},"end":{"line":20,"column":7}},"5":{"start":{"line":13,"column":6},"end":{"line":19,"column":8}},"6":{"start":{"line":23,"column":2},"end":{"line":27,"column":4}},"7":{"start":{"line":30,"column":0},"end":{"line":42,"column":2}},"8":{"start":{"line":44,"column":0},"end":{"line":56,"column":2}}},"fnMap":{"0":{"name":"(anonymous_0)","decl":{"start":{"line":6,"column":20},"end":{"line":6,"column":21}},"loc":{"start":{"line":6,"column":39},"end":{"line":28,"column":1}},"line":6},"1":{"name":"(anonymous_1)","decl":{"start":{"line":12,"column":22},"end":{"line":12,"column":23}},"loc":{"start":{"line":12,"column":40},"end":{"line":20,"column":5}},"line":12}},"branchMap":{"0":{"loc":{"start":{"line":11,"column":2},"end":{"line":21,"column":3}},"type":"if","locations":[{"start":{"line":11,"column":2},"end":{"line":21,"column":3}},{"start":{},"end":{}}],"line":11}},"s":{"0":1,"1":5,"2":5,"3":5,"4":2,"5":12,"6":5,"7":1,"8":1},"f":{"0":5,"1":12},"b":{"0":[2,3]},"_coverageSchema":"1a1c01bbd47fc00a2c39e90264f33305004495a9","hash":"3b02de3442c8579036a9b54f3ad1d0b871ae591e"}
,"/Users/adamklingbaum/Documents/coding/hack_reactor/fec/src/components/overview/context/SelectedStyleContext.jsx": {"path":"/Users/adamklingbaum/Documents/coding/hack_reactor/fec/src/components/overview/context/SelectedStyleContext.jsx","statementMap":{"0":{"start":{"line":3,"column":29},"end":{"line":6,"column":2}}},"fnMap":{"0":{"name":"(anonymous_0)","decl":{"start":{"line":5,"column":25},"end":{"line":5,"column":26}},"loc":{"start":{"line":5,"column":31},"end":{"line":5,"column":33}},"line":5}},"branchMap":{},"s":{"0":1},"f":{"0":0},"b":{},"_coverageSchema":"1a1c01bbd47fc00a2c39e90264f33305004495a9","hash":"a7f9f648f5f33c0e726427abbf7fd11fcdc53895"}
,"/Users/adamklingbaum/Documents/coding/hack_reactor/fec/src/components/q&a/QA.jsx": {"path":"/Users/adamklingbaum/Documents/coding/hack_reactor/fec/src/components/q&a/QA.jsx","statementMap":{"0":{"start":{"line":7,"column":11},"end":{"line":47,"column":1}},"1":{"start":{"line":8,"column":36},"end":{"line":8,"column":48}},"2":{"start":{"line":9,"column":42},"end":{"line":9,"column":54}},"3":{"start":{"line":10,"column":44},"end":{"line":13,"column":4}},"4":{"start":{"line":14,"column":36},"end":{"line":19,"column":4}},"5":{"start":{"line":21,"column":2},"end":{"line":46,"column":4}}},"fnMap":{"0":{"name":"(anonymous_0)","decl":{"start":{"line":7,"column":11},"end":{"line":7,"column":12}},"loc":{"start":{"line":7,"column":23},"end":{"line":47,"column":1}},"line":7}},"branchMap":{"0":{"loc":{"start":{"line":42,"column":7},"end":{"line":44,"column":14}},"type":"cond-expr","locations":[{"start":{"line":43,"column":8},"end":{"line":43,"column":67}},{"start":{"line":44,"column":10},"end":{"line":44,"column":14}}],"line":42}},"s":{"0":2,"1":153,"2":151,"3":151,"4":151,"5":151},"f":{"0":153},"b":{"0":[33,118]},"_coverageSchema":"1a1c01bbd47fc00a2c39e90264f33305004495a9","hash":"b30a2456f6561a8d60feb9ab0331f630f2c508b8"}
,"/Users/adamklingbaum/Documents/coding/hack_reactor/fec/src/components/q&a/Modal/Modal.jsx": {"path":"/Users/adamklingbaum/Documents/coding/hack_reactor/fec/src/components/q&a/Modal/Modal.jsx","statementMap":{"0":{"start":{"line":7,"column":14},"end":{"line":263,"column":1}},"1":{"start":{"line":8,"column":24},"end":{"line":8,"column":52}},"2":{"start":{"line":9,"column":28},"end":{"line":12,"column":4}},"3":{"start":{"line":14,"column":22},"end":{"line":21,"column":3}},"4":{"start":{"line":15,"column":4},"end":{"line":20,"column":7}},"5":{"start":{"line":23,"column":24},"end":{"line":31,"column":3}},"6":{"start":{"line":24,"column":4},"end":{"line":29,"column":5}},"7":{"start":{"line":25,"column":21},"end":{"line":25,"column":40}},"8":{"start":{"line":26,"column":6},"end":{"line":28,"column":7}},"9":{"start":{"line":27,"column":8},"end":{"line":27,"column":20}},"10":{"start":{"line":30,"column":4},"end":{"line":30,"column":17}},"11":{"start":{"line":33,"column":24},"end":{"line":68,"column":3}},"12":{"start":{"line":34,"column":18},"end":{"line":34,"column":63}},"13":{"start":{"line":35,"column":17},"end":{"line":35,"column":56}},"14":{"start":{"line":36,"column":18},"end":{"line":36,"column":58}},"15":{"start":{"line":38,"column":4},"end":{"line":67,"column":5}},"16":{"start":{"line":39,"column":6},"end":{"line":61,"column":7}},"17":{"start":{"line":40,"column":8},"end":{"line":54,"column":13}},"18":{"start":{"line":50,"column":12},"end":{"line":50,"column":66}},"19":{"start":{"line":53,"column":12},"end":{"line":53,"column":29}},"20":{"start":{"line":55,"column":8},"end":{"line":55,"column":22}},"21":{"start":{"line":57,"column":8},"end":{"line":60,"column":11}},"22":{"start":{"line":63,"column":6},"end":{"line":66,"column":9}},"23":{"start":{"line":70,"column":24},"end":{"line":106,"column":3}},"24":{"start":{"line":71,"column":18},"end":{"line":71,"column":63}},"25":{"start":{"line":72,"column":17},"end":{"line":72,"column":56}},"26":{"start":{"line":73,"column":18},"end":{"line":73,"column":58}},"27":{"start":{"line":75,"column":4},"end":{"line":105,"column":5}},"28":{"start":{"line":76,"column":6},"end":{"line":99,"column":7}},"29":{"start":{"line":77,"column":8},"end":{"line":91,"column":13}},"30":{"start":{"line":87,"column":12},"end":{"line":87,"column":64}},"31":{"start":{"line":90,"column":12},"end":{"line":90,"column":29}},"32":{"start":{"line":93,"column":8},"end":{"line":93,"column":22}},"33":{"start":{"line":95,"column":8},"end":{"line":98,"column":11}},"34":{"start":{"line":101,"column":6},"end":{"line":104,"column":9}},"35":{"start":{"line":108,"column":23},"end":{"line":117,"column":3}},"36":{"start":{"line":109,"column":4},"end":{"line":115,"column":5}},"37":{"start":{"line":110,"column":6},"end":{"line":114,"column":8}},"38":{"start":{"line":116,"column":4},"end":{"line":116,"column":79}},"39":{"start":{"line":119,"column":2},"end":{"line":262,"column":4}},"40":{"start":{"line":267,"column":0},"end":{"line":275,"column":2}}},"fnMap":{"0":{"name":"(anonymous_0)","decl":{"start":{"line":7,"column":14},"end":{"line":7,"column":15}},"loc":{"start":{"line":7,"column":53},"end":{"line":263,"column":1}},"line":7},"1":{"name":"(anonymous_1)","decl":{"start":{"line":14,"column":22},"end":{"line":14,"column":23}},"loc":{"start":{"line":14,"column":28},"end":{"line":21,"column":3}},"line":14},"2":{"name":"(anonymous_2)","decl":{"start":{"line":23,"column":24},"end":{"line":23,"column":25}},"loc":{"start":{"line":23,"column":35},"end":{"line":31,"column":3}},"line":23},"3":{"name":"(anonymous_3)","decl":{"start":{"line":33,"column":24},"end":{"line":33,"column":25}},"loc":{"start":{"line":33,"column":30},"end":{"line":68,"column":3}},"line":33},"4":{"name":"(anonymous_4)","decl":{"start":{"line":49,"column":16},"end":{"line":49,"column":17}},"loc":{"start":{"line":49,"column":22},"end":{"line":51,"column":11}},"line":49},"5":{"name":"(anonymous_5)","decl":{"start":{"line":52,"column":17},"end":{"line":52,"column":18}},"loc":{"start":{"line":52,"column":26},"end":{"line":54,"column":11}},"line":52},"6":{"name":"(anonymous_6)","decl":{"start":{"line":70,"column":24},"end":{"line":70,"column":25}},"loc":{"start":{"line":70,"column":30},"end":{"line":106,"column":3}},"line":70},"7":{"name":"(anonymous_7)","decl":{"start":{"line":86,"column":16},"end":{"line":86,"column":17}},"loc":{"start":{"line":86,"column":22},"end":{"line":88,"column":11}},"line":86},"8":{"name":"(anonymous_8)","decl":{"start":{"line":89,"column":17},"end":{"line":89,"column":18}},"loc":{"start":{"line":89,"column":26},"end":{"line":91,"column":11}},"line":89},"9":{"name":"(anonymous_9)","decl":{"start":{"line":108,"column":23},"end":{"line":108,"column":24}},"loc":{"start":{"line":108,"column":29},"end":{"line":117,"column":3}},"line":108}},"branchMap":{"0":{"loc":{"start":{"line":24,"column":4},"end":{"line":29,"column":5}},"type":"if","locations":[{"start":{"line":24,"column":4},"end":{"line":29,"column":5}},{"start":{},"end":{}}],"line":24},"1":{"loc":{"start":{"line":26,"column":6},"end":{"line":28,"column":7}},"type":"if","locations":[{"start":{"line":26,"column":6},"end":{"line":28,"column":7}},{"start":{},"end":{}}],"line":26},"2":{"loc":{"start":{"line":38,"column":4},"end":{"line":67,"column":5}},"type":"if","locations":[{"start":{"line":38,"column":4},"end":{"line":67,"column":5}},{"start":{"line":62,"column":11},"end":{"line":67,"column":5}}],"line":38},"3":{"loc":{"start":{"line":38,"column":8},"end":{"line":38,"column":30}},"type":"binary-expr","locations":[{"start":{"line":38,"column":8},"end":{"line":38,"column":13}},{"start":{"line":38,"column":17},"end":{"line":38,"column":21}},{"start":{"line":38,"column":25},"end":{"line":38,"column":30}}],"line":38},"4":{"loc":{"start":{"line":39,"column":6},"end":{"line":61,"column":7}},"type":"if","locations":[{"start":{"line":39,"column":6},"end":{"line":61,"column":7}},{"start":{"line":56,"column":13},"end":{"line":61,"column":7}}],"line":39},"5":{"loc":{"start":{"line":75,"column":4},"end":{"line":105,"column":5}},"type":"if","locations":[{"start":{"line":75,"column":4},"end":{"line":105,"column":5}},{"start":{"line":100,"column":11},"end":{"line":105,"column":5}}],"line":75},"6":{"loc":{"start":{"line":75,"column":8},"end":{"line":75,"column":30}},"type":"binary-expr","locations":[{"start":{"line":75,"column":8},"end":{"line":75,"column":13}},{"start":{"line":75,"column":17},"end":{"line":75,"column":21}},{"start":{"line":75,"column":25},"end":{"line":75,"column":30}}],"line":75},"7":{"loc":{"start":{"line":76,"column":6},"end":{"line":99,"column":7}},"type":"if","locations":[{"start":{"line":76,"column":6},"end":{"line":99,"column":7}},{"start":{"line":94,"column":13},"end":{"line":99,"column":7}}],"line":76},"8":{"loc":{"start":{"line":109,"column":4},"end":{"line":115,"column":5}},"type":"if","locations":[{"start":{"line":109,"column":4},"end":{"line":115,"column":5}},{"start":{},"end":{}}],"line":109},"9":{"loc":{"start":{"line":121,"column":7},"end":{"line":260,"column":7}},"type":"cond-expr","locations":[{"start":{"line":122,"column":8},"end":{"line":189,"column":14}},{"start":{"line":191,"column":8},"end":{"line":259,"column":14}}],"line":121},"10":{"loc":{"start":{"line":172,"column":11},"end":{"line":172,"column":46}},"type":"cond-expr","locations":[{"start":{"line":172,"column":25},"end":{"line":172,"column":39}},{"start":{"line":172,"column":42},"end":{"line":172,"column":46}}],"line":172},"11":{"loc":{"start":{"line":242,"column":11},"end":{"line":242,"column":46}},"type":"cond-expr","locations":[{"start":{"line":242,"column":25},"end":{"line":242,"column":39}},{"start":{"line":242,"column":42},"end":{"line":242,"column":46}}],"line":242}},"s":{"0":2,"1":36,"2":36,"3":36,"4":1,"5":36,"6":2,"7":1,"8":1,"9":0,"10":2,"11":36,"12":3,"13":3,"14":3,"15":3,"16":2,"17":0,"18":0,"19":0,"20":0,"21":2,"22":1,"23":36,"24":0,"25":0,"26":0,"27":0,"28":0,"29":0,"30":0,"31":0,"32":0,"33":0,"34":0,"35":36,"36":12,"37":4,"38":8,"39":36,"40":2},"f":{"0":36,"1":1,"2":2,"3":3,"4":0,"5":0,"6":0,"7":0,"8":0,"9":12},"b":{"0":[1,1],"1":[0,1],"2":[2,1],"3":[3,2,2],"4":[0,2],"5":[0,0],"6":[0,0,0],"7":[0,0],"8":[4,8],"9":[36,0],"10":[12,24],"11":[0,0]},"_coverageSchema":"1a1c01bbd47fc00a2c39e90264f33305004495a9","hash":"150019d27b7faf85dc45533fa023b575a0732148"}
,"/Users/adamklingbaum/Documents/coding/hack_reactor/fec/src/components/q&a/QuestionsList/QuestionsList.jsx": {"path":"/Users/adamklingbaum/Documents/coding/hack_reactor/fec/src/components/q&a/QuestionsList/QuestionsList.jsx","statementMap":{"0":{"start":{"line":10,"column":22},"end":{"line":129,"column":1}},"1":{"start":{"line":18,"column":24},"end":{"line":18,"column":52}},"2":{"start":{"line":20,"column":20},"end":{"line":23,"column":3}},"3":{"start":{"line":21,"column":4},"end":{"line":21,"column":35}},"4":{"start":{"line":22,"column":4},"end":{"line":22,"column":32}},"5":{"start":{"line":25,"column":21},"end":{"line":69,"column":3}},"6":{"start":{"line":26,"column":4},"end":{"line":43,"column":5}},"7":{"start":{"line":27,"column":6},"end":{"line":42,"column":8}},"8":{"start":{"line":31,"column":12},"end":{"line":39,"column":14}},"9":{"start":{"line":44,"column":4},"end":{"line":52,"column":5}},"10":{"start":{"line":45,"column":6},"end":{"line":47,"column":9}},"11":{"start":{"line":49,"column":6},"end":{"line":51,"column":9}},"12":{"start":{"line":54,"column":4},"end":{"line":68,"column":6}},"13":{"start":{"line":57,"column":10},"end":{"line":65,"column":12}},"14":{"start":{"line":71,"column":31},"end":{"line":101,"column":3}},"15":{"start":{"line":72,"column":4},"end":{"line":99,"column":5}},"16":{"start":{"line":73,"column":6},"end":{"line":86,"column":7}},"17":{"start":{"line":77,"column":8},"end":{"line":85,"column":10}},"18":{"start":{"line":87,"column":6},"end":{"line":98,"column":8}},"19":{"start":{"line":100,"column":4},"end":{"line":100,"column":62}},"20":{"start":{"line":103,"column":2},"end":{"line":122,"column":9}},"21":{"start":{"line":104,"column":4},"end":{"line":116,"column":9}},"22":{"start":{"line":112,"column":8},"end":{"line":112,"column":28}},"23":{"start":{"line":115,"column":8},"end":{"line":115,"column":25}},"24":{"start":{"line":124,"column":2},"end":{"line":128,"column":4}},"25":{"start":{"line":133,"column":0},"end":{"line":181,"column":2}}},"fnMap":{"0":{"name":"(anonymous_0)","decl":{"start":{"line":10,"column":22},"end":{"line":10,"column":23}},"loc":{"start":{"line":17,"column":3},"end":{"line":129,"column":1}},"line":17},"1":{"name":"(anonymous_1)","decl":{"start":{"line":20,"column":20},"end":{"line":20,"column":21}},"loc":{"start":{"line":20,"column":34},"end":{"line":23,"column":3}},"line":20},"2":{"name":"(anonymous_2)","decl":{"start":{"line":25,"column":21},"end":{"line":25,"column":22}},"loc":{"start":{"line":25,"column":27},"end":{"line":69,"column":3}},"line":25},"3":{"name":"(anonymous_3)","decl":{"start":{"line":29,"column":41},"end":{"line":29,"column":42}},"loc":{"start":{"line":31,"column":12},"end":{"line":39,"column":14}},"line":31},"4":{"name":"(anonymous_4)","decl":{"start":{"line":56,"column":39},"end":{"line":56,"column":40}},"loc":{"start":{"line":57,"column":10},"end":{"line":65,"column":12}},"line":57},"5":{"name":"(anonymous_5)","decl":{"start":{"line":71,"column":31},"end":{"line":71,"column":32}},"loc":{"start":{"line":71,"column":37},"end":{"line":101,"column":3}},"line":71},"6":{"name":"(anonymous_6)","decl":{"start":{"line":103,"column":12},"end":{"line":103,"column":13}},"loc":{"start":{"line":103,"column":18},"end":{"line":122,"column":3}},"line":103},"7":{"name":"(anonymous_7)","decl":{"start":{"line":111,"column":12},"end":{"line":111,"column":13}},"loc":{"start":{"line":111,"column":26},"end":{"line":113,"column":7}},"line":111},"8":{"name":"(anonymous_8)","decl":{"start":{"line":114,"column":13},"end":{"line":114,"column":14}},"loc":{"start":{"line":114,"column":22},"end":{"line":116,"column":7}},"line":114}},"branchMap":{"0":{"loc":{"start":{"line":26,"column":4},"end":{"line":43,"column":5}},"type":"if","locations":[{"start":{"line":26,"column":4},"end":{"line":43,"column":5}},{"start":{},"end":{}}],"line":26},"1":{"loc":{"start":{"line":44,"column":4},"end":{"line":52,"column":5}},"type":"if","locations":[{"start":{"line":44,"column":4},"end":{"line":52,"column":5}},{"start":{"line":48,"column":11},"end":{"line":52,"column":5}}],"line":44},"2":{"loc":{"start":{"line":72,"column":4},"end":{"line":99,"column":5}},"type":"if","locations":[{"start":{"line":72,"column":4},"end":{"line":99,"column":5}},{"start":{},"end":{}}],"line":72},"3":{"loc":{"start":{"line":73,"column":6},"end":{"line":86,"column":7}},"type":"if","locations":[{"start":{"line":73,"column":6},"end":{"line":86,"column":7}},{"start":{},"end":{}}],"line":73},"4":{"loc":{"start":{"line":74,"column":8},"end":{"line":75,"column":29}},"type":"binary-expr","locations":[{"start":{"line":74,"column":8},"end":{"line":74,"column":61}},{"start":{"line":75,"column":8},"end":{"line":75,"column":29}}],"line":74}},"s":{"0":2,"1":151,"2":151,"3":23,"4":23,"5":151,"6":38,"7":20,"8":41,"9":18,"10":18,"11":0,"12":18,"13":0,"14":151,"15":151,"16":38,"17":0,"18":38,"19":113,"20":151,"21":23,"22":23,"23":0,"24":151,"25":2},"f":{"0":151,"1":23,"2":38,"3":41,"4":0,"5":151,"6":23,"7":23,"8":0},"b":{"0":[20,18],"1":[18,0],"2":[38,113],"3":[0,38],"4":[38,0]},"_coverageSchema":"1a1c01bbd47fc00a2c39e90264f33305004495a9","hash":"f2935ff137f7e8ba2385c344e0cf73a80cd806c3"}
,"/Users/adamklingbaum/Documents/coding/hack_reactor/fec/src/components/q&a/QuestionsList/AddQuestionsButton/AddQuestionsButton.jsx": {"path":"/Users/adamklingbaum/Documents/coding/hack_reactor/fec/src/components/q&a/QuestionsList/AddQuestionsButton/AddQuestionsButton.jsx","statementMap":{"0":{"start":{"line":5,"column":27},"end":{"line":23,"column":1}},"1":{"start":{"line":6,"column":20},"end":{"line":11,"column":3}},"2":{"start":{"line":7,"column":4},"end":{"line":10,"column":7}},"3":{"start":{"line":13,"column":2},"end":{"line":22,"column":4}},"4":{"start":{"line":27,"column":0},"end":{"line":29,"column":2}}},"fnMap":{"0":{"name":"(anonymous_0)","decl":{"start":{"line":5,"column":27},"end":{"line":5,"column":28}},"loc":{"start":{"line":5,"column":55},"end":{"line":23,"column":1}},"line":5},"1":{"name":"(anonymous_1)","decl":{"start":{"line":6,"column":20},"end":{"line":6,"column":21}},"loc":{"start":{"line":6,"column":26},"end":{"line":11,"column":3}},"line":6}},"branchMap":{},"s":{"0":2,"1":151,"2":9,"3":151,"4":2},"f":{"0":151,"1":9},"b":{},"_coverageSchema":"1a1c01bbd47fc00a2c39e90264f33305004495a9","hash":"b62b066216e80f2dd7070c739f5e086c0993cad7"}
,"/Users/adamklingbaum/Documents/coding/hack_reactor/fec/src/components/q&a/QuestionsList/BottomBar/BottomBar.jsx": {"path":"/Users/adamklingbaum/Documents/coding/hack_reactor/fec/src/components/q&a/QuestionsList/BottomBar/BottomBar.jsx","statementMap":{"0":{"start":{"line":6,"column":18},"end":{"line":70,"column":1}},"1":{"start":{"line":12,"column":27},"end":{"line":46,"column":3}},"2":{"start":{"line":13,"column":4},"end":{"line":45,"column":5}},"3":{"start":{"line":14,"column":6},"end":{"line":17,"column":9}},"4":{"start":{"line":19,"column":30},"end":{"line":19,"column":43}},"5":{"start":{"line":21,"column":8},"end":{"line":21,"column":66}},"6":{"start":{"line":25,"column":6},"end":{"line":33,"column":7}},"7":{"start":{"line":26,"column":8},"end":{"line":28,"column":10}},"8":{"start":{"line":30,"column":8},"end":{"line":32,"column":10}},"9":{"start":{"line":35,"column":6},"end":{"line":44,"column":7}},"10":{"start":{"line":36,"column":8},"end":{"line":38,"column":11}},"11":{"start":{"line":40,"column":8},"end":{"line":43,"column":11}},"12":{"start":{"line":48,"column":2},"end":{"line":69,"column":4}},"13":{"start":{"line":74,"column":0},"end":{"line":120,"column":2}}},"fnMap":{"0":{"name":"(anonymous_0)","decl":{"start":{"line":6,"column":18},"end":{"line":6,"column":19}},"loc":{"start":{"line":11,"column":3},"end":{"line":70,"column":1}},"line":11},"1":{"name":"(anonymous_1)","decl":{"start":{"line":12,"column":27},"end":{"line":12,"column":28}},"loc":{"start":{"line":12,"column":33},"end":{"line":46,"column":3}},"line":12}},"branchMap":{"0":{"loc":{"start":{"line":13,"column":4},"end":{"line":45,"column":5}},"type":"if","locations":[{"start":{"line":13,"column":4},"end":{"line":45,"column":5}},{"start":{"line":18,"column":11},"end":{"line":45,"column":5}}],"line":13},"1":{"loc":{"start":{"line":25,"column":6},"end":{"line":33,"column":7}},"type":"if","locations":[{"start":{"line":25,"column":6},"end":{"line":33,"column":7}},{"start":{"line":29,"column":13},"end":{"line":33,"column":7}}],"line":25},"2":{"loc":{"start":{"line":35,"column":6},"end":{"line":44,"column":7}},"type":"if","locations":[{"start":{"line":35,"column":6},"end":{"line":44,"column":7}},{"start":{"line":39,"column":13},"end":{"line":44,"column":7}}],"line":35},"3":{"loc":{"start":{"line":50,"column":7},"end":{"line":66,"column":7}},"type":"cond-expr","locations":[{"start":{"line":51,"column":8},"end":{"line":57,"column":17}},{"start":{"line":59,"column":8},"end":{"line":65,"column":17}}],"line":50}},"s":{"0":2,"1":38,"2":1,"3":0,"4":1,"5":1,"6":1,"7":0,"8":1,"9":1,"10":1,"11":0,"12":38,"13":2},"f":{"0":38,"1":1},"b":{"0":[0,1],"1":[0,1],"2":[1,0],"3":[0,38]},"_coverageSchema":"1a1c01bbd47fc00a2c39e90264f33305004495a9","hash":"0f6cdb61f253ae159f03d6839b6abcb762e077a3"}
,"/Users/adamklingbaum/Documents/coding/hack_reactor/fec/src/components/q&a/QuestionsList/IndividualQuestion/IndividualQuestion.jsx": {"path":"/Users/adamklingbaum/Documents/coding/hack_reactor/fec/src/components/q&a/QuestionsList/IndividualQuestion/IndividualQuestion.jsx","statementMap":{"0":{"start":{"line":8,"column":27},"end":{"line":230,"column":1}},"1":{"start":{"line":16,"column":24},"end":{"line":16,"column":52}},"2":{"start":{"line":17,"column":32},"end":{"line":17,"column":44}},"3":{"start":{"line":18,"column":32},"end":{"line":18,"column":47}},"4":{"start":{"line":19,"column":34},"end":{"line":19,"column":49}},"5":{"start":{"line":21,"column":27},"end":{"line":27,"column":3}},"6":{"start":{"line":22,"column":4},"end":{"line":26,"column":5}},"7":{"start":{"line":23,"column":6},"end":{"line":23,"column":25}},"8":{"start":{"line":25,"column":6},"end":{"line":25,"column":24}},"9":{"start":{"line":29,"column":21},"end":{"line":111,"column":3}},"10":{"start":{"line":30,"column":4},"end":{"line":49,"column":5}},"11":{"start":{"line":31,"column":6},"end":{"line":48,"column":9}},"12":{"start":{"line":32,"column":8},"end":{"line":47,"column":14}},"13":{"start":{"line":50,"column":4},"end":{"line":80,"column":5}},"14":{"start":{"line":51,"column":6},"end":{"line":79,"column":8}},"15":{"start":{"line":58,"column":14},"end":{"line":68,"column":16}},"16":{"start":{"line":81,"column":22},"end":{"line":81,"column":41}},"17":{"start":{"line":82,"column":4},"end":{"line":110,"column":6}},"18":{"start":{"line":89,"column":12},"end":{"line":99,"column":14}},"19":{"start":{"line":113,"column":27},"end":{"line":124,"column":3}},"20":{"start":{"line":114,"column":24},"end":{"line":114,"column":45}},"21":{"start":{"line":115,"column":27},"end":{"line":115,"column":29}},"22":{"start":{"line":117,"column":4},"end":{"line":122,"column":7}},"23":{"start":{"line":118,"column":6},"end":{"line":121,"column":7}},"24":{"start":{"line":119,"column":8},"end":{"line":119,"column":36}},"25":{"start":{"line":120,"column":8},"end":{"line":120,"column":33}},"26":{"start":{"line":123,"column":4},"end":{"line":123,"column":51}},"27":{"start":{"line":126,"column":2},"end":{"line":144,"column":9}},"28":{"start":{"line":127,"column":4},"end":{"line":139,"column":9}},"29":{"start":{"line":135,"column":8},"end":{"line":135,"column":35}},"30":{"start":{"line":138,"column":8},"end":{"line":138,"column":25}},"31":{"start":{"line":146,"column":33},"end":{"line":158,"column":3}},"32":{"start":{"line":147,"column":17},"end":{"line":147,"column":34}},"33":{"start":{"line":149,"column":4},"end":{"line":154,"column":7}},"34":{"start":{"line":150,"column":6},"end":{"line":153,"column":7}},"35":{"start":{"line":152,"column":8},"end":{"line":152,"column":43}},"36":{"start":{"line":156,"column":4},"end":{"line":156,"column":21}},"37":{"start":{"line":157,"column":4},"end":{"line":157,"column":23}},"38":{"start":{"line":160,"column":24},"end":{"line":173,"column":3}},"39":{"start":{"line":161,"column":4},"end":{"line":172,"column":9}},"40":{"start":{"line":168,"column":8},"end":{"line":168,"column":33}},"41":{"start":{"line":171,"column":8},"end":{"line":171,"column":25}},"42":{"start":{"line":175,"column":20},"end":{"line":182,"column":3}},"43":{"start":{"line":176,"column":4},"end":{"line":181,"column":7}},"44":{"start":{"line":184,"column":2},"end":{"line":229,"column":4}},"45":{"start":{"line":234,"column":0},"end":{"line":260,"column":2}}},"fnMap":{"0":{"name":"(anonymous_0)","decl":{"start":{"line":8,"column":27},"end":{"line":8,"column":28}},"loc":{"start":{"line":15,"column":3},"end":{"line":230,"column":1}},"line":15},"1":{"name":"(anonymous_1)","decl":{"start":{"line":21,"column":27},"end":{"line":21,"column":28}},"loc":{"start":{"line":21,"column":33},"end":{"line":27,"column":3}},"line":21},"2":{"name":"(anonymous_2)","decl":{"start":{"line":29,"column":21},"end":{"line":29,"column":22}},"loc":{"start":{"line":29,"column":27},"end":{"line":111,"column":3}},"line":29},"3":{"name":"(anonymous_3)","decl":{"start":{"line":31,"column":25},"end":{"line":31,"column":26}},"loc":{"start":{"line":32,"column":8},"end":{"line":47,"column":14}},"line":32},"4":{"name":"(anonymous_4)","decl":{"start":{"line":57,"column":25},"end":{"line":57,"column":26}},"loc":{"start":{"line":58,"column":14},"end":{"line":68,"column":16}},"line":58},"5":{"name":"(anonymous_5)","decl":{"start":{"line":88,"column":25},"end":{"line":88,"column":26}},"loc":{"start":{"line":89,"column":12},"end":{"line":99,"column":14}},"line":89},"6":{"name":"(anonymous_6)","decl":{"start":{"line":113,"column":27},"end":{"line":113,"column":28}},"loc":{"start":{"line":113,"column":41},"end":{"line":124,"column":3}},"line":113},"7":{"name":"(anonymous_7)","decl":{"start":{"line":117,"column":24},"end":{"line":117,"column":25}},"loc":{"start":{"line":117,"column":39},"end":{"line":122,"column":5}},"line":117},"8":{"name":"(anonymous_8)","decl":{"start":{"line":126,"column":12},"end":{"line":126,"column":13}},"loc":{"start":{"line":126,"column":18},"end":{"line":144,"column":3}},"line":126},"9":{"name":"(anonymous_9)","decl":{"start":{"line":134,"column":12},"end":{"line":134,"column":13}},"loc":{"start":{"line":134,"column":26},"end":{"line":136,"column":7}},"line":134},"10":{"name":"(anonymous_10)","decl":{"start":{"line":137,"column":13},"end":{"line":137,"column":14}},"loc":{"start":{"line":137,"column":22},"end":{"line":139,"column":7}},"line":137},"11":{"name":"(anonymous_11)","decl":{"start":{"line":146,"column":33},"end":{"line":146,"column":34}},"loc":{"start":{"line":146,"column":39},"end":{"line":158,"column":3}},"line":146},"12":{"name":"(anonymous_12)","decl":{"start":{"line":149,"column":17},"end":{"line":149,"column":18}},"loc":{"start":{"line":149,"column":31},"end":{"line":154,"column":5}},"line":149},"13":{"name":"(anonymous_13)","decl":{"start":{"line":160,"column":24},"end":{"line":160,"column":25}},"loc":{"start":{"line":160,"column":30},"end":{"line":173,"column":3}},"line":160},"14":{"name":"(anonymous_14)","decl":{"start":{"line":167,"column":12},"end":{"line":167,"column":13}},"loc":{"start":{"line":167,"column":18},"end":{"line":169,"column":7}},"line":167},"15":{"name":"(anonymous_15)","decl":{"start":{"line":170,"column":13},"end":{"line":170,"column":14}},"loc":{"start":{"line":170,"column":22},"end":{"line":172,"column":7}},"line":170},"16":{"name":"(anonymous_16)","decl":{"start":{"line":175,"column":20},"end":{"line":175,"column":21}},"loc":{"start":{"line":175,"column":26},"end":{"line":182,"column":3}},"line":175}},"branchMap":{"0":{"loc":{"start":{"line":22,"column":4},"end":{"line":26,"column":5}},"type":"if","locations":[{"start":{"line":22,"column":4},"end":{"line":26,"column":5}},{"start":{"line":24,"column":11},"end":{"line":26,"column":5}}],"line":22},"1":{"loc":{"start":{"line":30,"column":4},"end":{"line":49,"column":5}},"type":"if","locations":[{"start":{"line":30,"column":4},"end":{"line":49,"column":5}},{"start":{},"end":{}}],"line":30},"2":{"loc":{"start":{"line":50,"column":4},"end":{"line":80,"column":5}},"type":"if","locations":[{"start":{"line":50,"column":4},"end":{"line":80,"column":5}},{"start":{},"end":{}}],"line":50},"3":{"loc":{"start":{"line":118,"column":6},"end":{"line":121,"column":7}},"type":"if","locations":[{"start":{"line":118,"column":6},"end":{"line":121,"column":7}},{"start":{},"end":{}}],"line":118},"4":{"loc":{"start":{"line":150,"column":6},"end":{"line":153,"column":7}},"type":"if","locations":[{"start":{"line":150,"column":6},"end":{"line":153,"column":7}},{"start":{},"end":{}}],"line":150},"5":{"loc":{"start":{"line":193,"column":11},"end":{"line":214,"column":11}},"type":"cond-expr","locations":[{"start":{"line":194,"column":12},"end":{"line":199,"column":19}},{"start":{"line":201,"column":12},"end":{"line":213,"column":19}}],"line":193}},"s":{"0":2,"1":53,"2":53,"3":53,"4":53,"5":53,"6":0,"7":0,"8":0,"9":53,"10":53,"11":41,"12":0,"13":12,"14":0,"15":0,"16":12,"17":12,"18":24,"19":53,"20":36,"21":36,"22":36,"23":144,"24":0,"25":0,"26":36,"27":53,"28":37,"29":36,"30":0,"31":53,"32":0,"33":0,"34":0,"35":0,"36":0,"37":0,"38":53,"39":0,"40":0,"41":0,"42":53,"43":0,"44":53,"45":2},"f":{"0":53,"1":0,"2":53,"3":0,"4":0,"5":24,"6":36,"7":144,"8":37,"9":36,"10":0,"11":0,"12":0,"13":0,"14":0,"15":0,"16":0},"b":{"0":[0,0],"1":[41,12],"2":[0,12],"3":[0,144],"4":[0,0],"5":[0,53]},"_coverageSchema":"1a1c01bbd47fc00a2c39e90264f33305004495a9","hash":"56e310f2b2354e5eb4ab6a1fe452d368d8a6d736"}
[...]
,"/Users/adamklingbaum/Documents/coding/hack_reactor/fec/src/components/ratings/RatingDetail/RatingList/RatingListEntry/RatingListEntry.jsx": {"path":"/Users/adamklingbaum/Documents/coding/hack_reactor/fec/src/components/ratings/RatingDetail/RatingList/RatingListEntry/RatingListEntry.jsx","statementMap":{"0":{"start":{"line":10,"column":44},"end":{"line":10,"column":59}},"1":{"start":{"line":11,"column":34},"end":{"line":11,"column":49}},"2":{"start":{"line":14,"column":4},"end":{"line":14,"column":27}},"3":{"start":{"line":15,"column":4},"end":{"line":17,"column":7}},"4":{"start":{"line":16,"column":6},"end":{"line":16,"column":29}},"5":{"start":{"line":21,"column":4},"end":{"line":21,"column":27}},"6":{"start":{"line":22,"column":4},"end":{"line":24,"column":7}},"7":{"start":{"line":23,"column":6},"end":{"line":23,"column":24}},"8":{"start":{"line":27,"column":40},"end":{"line":50,"column":3}},"9":{"start":{"line":52,"column":2},"end":{"line":68,"column":32}},"10":{"start":{"line":53,"column":4},"end":{"line":59,"column":5}},"11":{"start":{"line":54,"column":6},"end":{"line":58,"column":8}},"12":{"start":{"line":61,"column":4},"end":{"line":67,"column":5}},"13":{"start":{"line":62,"column":6},"end":{"line":66,"column":8}},"14":{"start":{"line":70,"column":2},"end":{"line":101,"column":4}},"15":{"start":{"line":104,"column":0},"end":{"line":122,"column":2}}},"fnMap":{"0":{"name":"RatingListEntry","decl":{"start":{"line":9,"column":24},"end":{"line":9,"column":39}},"loc":{"start":{"line":9,"column":52},"end":{"line":102,"column":1}},"line":9},"1":{"name":"handleHelpfulClick","decl":{"start":{"line":13,"column":11},"end":{"line":13,"column":29}},"loc":{"start":{"line":13,"column":37},"end":{"line":18,"column":3}},"line":13},"2":{"name":"(anonymous_2)","decl":{"start":{"line":15,"column":63},"end":{"line":15,"column":64}},"loc":{"start":{"line":15,"column":69},"end":{"line":17,"column":5}},"line":15},"3":{"name":"handleReportClick","decl":{"start":{"line":20,"column":11},"end":{"line":20,"column":28}},"loc":{"start":{"line":20,"column":36},"end":{"line":25,"column":3}},"line":20},"4":{"name":"(anonymous_4)","decl":{"start":{"line":22,"column":62},"end":{"line":22,"column":63}},"loc":{"start":{"line":22,"column":68},"end":{"line":24,"column":5}},"line":22},"5":{"name":"(anonymous_5)","decl":{"start":{"line":52,"column":12},"end":{"line":52,"column":13}},"loc":{"start":{"line":52,"column":18},"end":{"line":68,"column":3}},"line":52}},"branchMap":{"0":{"loc":{"start":{"line":53,"column":4},"end":{"line":59,"column":5}},"type":"if","locations":[{"start":{"line":53,"column":4},"end":{"line":59,"column":5}},{"start":{},"end":{}}],"line":53},"1":{"loc":{"start":{"line":61,"column":4},"end":{"line":67,"column":5}},"type":"if","locations":[{"start":{"line":61,"column":4},"end":{"line":67,"column":5}},{"start":{},"end":{}}],"line":61},"2":{"loc":{"start":{"line":85,"column":9},"end":{"line":85,"column":76}},"type":"binary-expr","locations":[{"start":{"line":85,"column":9},"end":{"line":85,"column":33}},{"start":{"line":85,"column":37},"end":{"line":85,"column":76}}],"line":85},"3":{"loc":{"start":{"line":87,"column":7},"end":{"line":92,"column":7}},"type":"binary-expr","locations":[{"start":{"line":87,"column":7},"end":{"line":87,"column":23}},{"start":{"line":88,"column":8},"end":{"line":91,"column":14}}],"line":87},"4":{"loc":{"start":{"line":93,"column":7},"end":{"line":98,"column":7}},"type":"binary-expr","locations":[{"start":{"line":93,"column":7},"end":{"line":93,"column":22}},{"start":{"line":93,"column":26},"end":{"line":93,"column":52}},{"start":{"line":94,"column":8},"end":{"line":97,"column":14}}],"line":93}},"s":{"0":32,"1":32,"2":1,"3":1,"4":1,"5":0,"6":0,"7":0,"8":32,"9":32,"10":20,"11":1,"12":20,"13":0,"14":32,"15":2},"f":{"0":32,"1":1,"2":1,"3":0,"4":0,"5":20},"b":{"0":[1,19],"1":[0,20],"2":[32,32],"3":[32,30],"4":[32,0,0]},"_coverageSchema":"1a1c01bbd47fc00a2c39e90264f33305004495a9","hash":"2d6fbe5317ba1f906c2cd44c72940963465f75a3"}
,"/Users/adamklingbaum/Documents/coding/hack_reactor/fec/src/components/ratings/RatingDetail/RatingList/RatingListEntry/RatingImages/RatingImages.jsx": {"path":"/Users/adamklingbaum/Documents/coding/hack_reactor/fec/src/components/ratings/RatingDetail/RatingList/RatingListEntry/RatingImages/RatingImages.jsx","statementMap":{"0":{"start":{"line":7,"column":2},"end":{"line":16,"column":4}},"1":{"start":{"line":10,"column":8},"end":{"line":13,"column":14}},"2":{"start":{"line":19,"column":0},"end":{"line":26,"column":2}}},"fnMap":{"0":{"name":"RatingImages","decl":{"start":{"line":6,"column":24},"end":{"line":6,"column":36}},"loc":{"start":{"line":6,"column":49},"end":{"line":17,"column":1}},"line":6},"1":{"name":"(anonymous_1)","decl":{"start":{"line":9,"column":18},"end":{"line":9,"column":19}},"loc":{"start":{"line":10,"column":8},"end":{"line":13,"column":14}},"line":10}},"branchMap":{},"s":{"0":32,"1":63,"2":2},"f":{"0":32,"1":63},"b":{},"_coverageSchema":"1a1c01bbd47fc00a2c39e90264f33305004495a9","hash":"399be8861d7827b9d5cf7b0df148d91f126c7101"}
,"/Users/adamklingbaum/Documents/coding/hack_reactor/fec/src/components/ratings/RatingSummary/RatingSummary.jsx": {"path":"/Users/adamklingbaum/Documents/coding/hack_reactor/fec/src/components/ratings/RatingSummary/RatingSummary.jsx","statementMap":{"0":{"start":{"line":9,"column":2},"end":{"line":16,"column":4}}},"fnMap":{"0":{"name":"RatingSummary","decl":{"start":{"line":8,"column":24},"end":{"line":8,"column":37}},"loc":{"start":{"line":8,"column":40},"end":{"line":17,"column":1}},"line":8}},"branchMap":{},"s":{"0":16},"f":{"0":16},"b":{},"_coverageSchema":"1a1c01bbd47fc00a2c39e90264f33305004495a9","hash":"b8e4d9b3296365716da37391b10a8ce26ab3d12f"}
,"/Users/adamklingbaum/Documents/coding/hack_reactor/fec/src/components/ratings/RatingSummary/Bars/Bars.jsx": {"path":"/Users/adamklingbaum/Documents/coding/hack_reactor/fec/src/components/ratings/RatingSummary/Bars/Bars.jsx","statementMap":{"0":{"start":{"line":9,"column":24},"end":{"line":9,"column":52}},"1":{"start":{"line":10,"column":32},"end":{"line":10,"column":44}},"2":{"start":{"line":12,"column":2},"end":{"line":24,"column":18}},"3":{"start":{"line":14,"column":6},"end":{"line":18,"column":9}},"4":{"start":{"line":21,"column":4},"end":{"line":23,"column":7}},"5":{"start":{"line":22,"column":6},"end":{"line":22,"column":40}},"6":{"start":{"line":26,"column":2},"end":{"line":33,"column":4}},"7":{"start":{"line":28,"column":40},"end":{"line":28,"column":59}},"8":{"start":{"line":30,"column":10},"end":{"line":30,"column":68}}},"fnMap":{"0":{"name":"Sliders","decl":{"start":{"line":8,"column":24},"end":{"line":8,"column":31}},"loc":{"start":{"line":8,"column":34},"end":{"line":34,"column":1}},"line":8},"1":{"name":"(anonymous_1)","decl":{"start":{"line":12,"column":12},"end":{"line":12,"column":13}},"loc":{"start":{"line":12,"column":18},"end":{"line":24,"column":3}},"line":12},"2":{"name":"getRatings","decl":{"start":{"line":13,"column":13},"end":{"line":13,"column":23}},"loc":{"start":{"line":13,"column":26},"end":{"line":19,"column":5}},"line":13},"3":{"name":"(anonymous_3)","decl":{"start":{"line":21,"column":22},"end":{"line":21,"column":23}},"loc":{"start":{"line":21,"column":36},"end":{"line":23,"column":5}},"line":21},"4":{"name":"(anonymous_4)","decl":{"start":{"line":28,"column":22},"end":{"line":28,"column":23}},"loc":{"start":{"line":28,"column":40},"end":{"line":28,"column":59}},"line":28},"5":{"name":"(anonymous_5)","decl":{"start":{"line":29,"column":20},"end":{"line":29,"column":21}},"loc":{"start":{"line":30,"column":10},"end":{"line":30,"column":68}},"line":30}},"branchMap":{"0":{"loc":{"start":{"line":28,"column":7},"end":{"line":31,"column":10}},"type":"binary-expr","locations":[{"start":{"line":28,"column":7},"end":{"line":28,"column":67}},{"start":{"line":29,"column":8},"end":{"line":31,"column":10}}],"line":28}},"s":{"0":24,"1":23,"2":23,"3":14,"4":14,"5":11,"6":23,"7":45,"8":45},"f":{"0":24,"1":14,"2":14,"3":11,"4":45,"5":45},"b":{"0":[23,9]},"_coverageSchema":"1a1c01bbd47fc00a2c39e90264f33305004495a9","hash":"cc0143167e7e144412d8193aeab449cb864798bf"}
,"/Users/adamklingbaum/Documents/coding/hack_reactor/fec/src/components/ratings/RatingSummary/Bars/Bar/Bar.jsx": {"path":"/Users/adamklingbaum/Documents/coding/hack_reactor/fec/src/components/ratings/RatingSummary/Bars/Bar/Bar.jsx","statementMap":{"0":{"start":{"line":8,"column":4},"end":{"line":8,"column":33}},"1":{"start":{"line":11,"column":27},"end":{"line":11,"column":45}},"2":{"start":{"line":12,"column":4},"end":{"line":12,"column":53}},"3":{"start":{"line":13,"column":25},"end":{"line":15,"column":5}},"4":{"start":{"line":14,"column":15},"end":{"line":14,"column":34}},"5":{"start":{"line":16,"column":4},"end":{"line":16,"column":76}},"6":{"start":{"line":19,"column":2},"end":{"line":32,"column":4}},"7":{"start":{"line":35,"column":0},"end":{"line":39,"column":2}}},"fnMap":{"0":{"name":"Slider","decl":{"start":{"line":6,"column":24},"end":{"line":6,"column":30}},"loc":{"start":{"line":6,"column":59},"end":{"line":33,"column":1}},"line":6},"1":{"name":"clickHandler","decl":{"start":{"line":10,"column":11},"end":{"line":10,"column":23}},"loc":{"start":{"line":10,"column":26},"end":{"line":17,"column":3}},"line":10},"2":{"name":"(anonymous_2)","decl":{"start":{"line":14,"column":6},"end":{"line":14,"column":7}},"loc":{"start":{"line":14,"column":15},"end":{"line":14,"column":34}},"line":14}},"branchMap":{"0":{"loc":{"start":{"line":23,"column":10},"end":{"line":23,"column":60}},"type":"cond-expr","locations":[{"start":{"line":23,"column":23},"end":{"line":23,"column":54}},{"start":{"line":23,"column":58},"end":{"line":23,"column":60}}],"line":23},"1":{"loc":{"start":{"line":23,"column":23},"end":{"line":23,"column":54}},"type":"cond-expr","locations":[{"start":{"line":23,"column":45},"end":{"line":23,"column":48}},{"start":{"line":23,"column":51},"end":{"line":23,"column":54}}],"line":23}},"s":{"0":45,"1":1,"2":1,"3":1,"4":1,"5":1,"6":45,"7":2},"f":{"0":45,"1":1,"2":1},"b":{"0":[5,40],"1":[1,4]},"_coverageSchema":"1a1c01bbd47fc00a2c39e90264f33305004495a9","hash":"1f3951d6b73e19d9111f73628ee19fc71e5e3479"}
,"/Users/adamklingbaum/Documents/coding/hack_reactor/fec/src/components/ratings/RatingSummary/Recommendations/Recommendations.jsx": {"path":"/Users/adamklingbaum/Documents/coding/hack_reactor/fec/src/components/ratings/RatingSummary/Recommendations/Recommendations.jsx","statementMap":{"0":{"start":{"line":7,"column":24},"end":{"line":7,"column":52}},"1":{"start":{"line":8,"column":48},"end":{"line":8,"column":59}},"2":{"start":{"line":10,"column":2},"end":{"line":22,"column":18}},"3":{"start":{"line":12,"column":6},"end":{"line":16,"column":9}},"4":{"start":{"line":19,"column":4},"end":{"line":21,"column":7}},"5":{"start":{"line":20,"column":6},"end":{"line":20,"column":52}},"6":{"start":{"line":24,"column":2},"end":{"line":34,"column":4}}},"fnMap":{"0":{"name":"Recommendations","decl":{"start":{"line":6,"column":24},"end":{"line":6,"column":39}},"loc":{"start":{"line":6,"column":42},"end":{"line":35,"column":1}},"line":6},"1":{"name":"(anonymous_1)","decl":{"start":{"line":10,"column":12},"end":{"line":10,"column":13}},"loc":{"start":{"line":10,"column":18},"end":{"line":22,"column":3}},"line":10},"2":{"name":"getRecommendations","decl":{"start":{"line":11,"column":13},"end":{"line":11,"column":31}},"loc":{"start":{"line":11,"column":34},"end":{"line":17,"column":5}},"line":11},"3":{"name":"(anonymous_3)","decl":{"start":{"line":19,"column":30},"end":{"line":19,"column":31}},"loc":{"start":{"line":19,"column":44},"end":{"line":21,"column":5}},"line":19}},"branchMap":{"0":{"loc":{"start":{"line":27,"column":9},"end":{"line":31,"column":61}},"type":"cond-expr","locations":[{"start":{"line":28,"column":12},"end":{"line":28,"column":54}},{"start":{"line":29,"column":12},"end":{"line":31,"column":61}}],"line":27}},"s":{"0":24,"1":23,"2":23,"3":14,"4":14,"5":11,"6":23},"f":{"0":24,"1":14,"2":14,"3":11},"b":{"0":[0,23]},"_coverageSchema":"1a1c01bbd47fc00a2c39e90264f33305004495a9","hash":"cb3ca9769c111767994da9e17f121d4f8e714591"}
,"/Users/adamklingbaum/Documents/coding/hack_reactor/fec/src/components/ratings/RatingSummary/Sliders/Sliders.jsx": {"path":"/Users/adamklingbaum/Documents/coding/hack_reactor/fec/src/components/ratings/RatingSummary/Sliders/Sliders.jsx","statementMap":{"0":{"start":{"line":8,"column":48},"end":{"line":8,"column":60}},"1":{"start":{"line":9,"column":24},"end":{"line":9,"column":52}},"2":{"start":{"line":11,"column":2},"end":{"line":23,"column":18}},"3":{"start":{"line":13,"column":6},"end":{"line":17,"column":9}},"4":{"start":{"line":20,"column":4},"end":{"line":22,"column":7}},"5":{"start":{"line":21,"column":6},"end":{"line":21,"column":56}},"6":{"start":{"line":25,"column":2},"end":{"line":39,"column":4}},"7":{"start":{"line":28,"column":24},"end":{"line":28,"column":58}},"8":{"start":{"line":32,"column":10},"end":{"line":36,"column":12}}},"fnMap":{"0":{"name":"Sliders","decl":{"start":{"line":7,"column":24},"end":{"line":7,"column":31}},"loc":{"start":{"line":7,"column":34},"end":{"line":40,"column":1}},"line":7},"1":{"name":"(anonymous_1)","decl":{"start":{"line":11,"column":12},"end":{"line":11,"column":13}},"loc":{"start":{"line":11,"column":18},"end":{"line":23,"column":3}},"line":11},"2":{"name":"getCharacteristics","decl":{"start":{"line":12,"column":13},"end":{"line":12,"column":31}},"loc":{"start":{"line":12,"column":34},"end":{"line":18,"column":5}},"line":12},"3":{"name":"(anonymous_3)","decl":{"start":{"line":20,"column":30},"end":{"line":20,"column":31}},"loc":{"start":{"line":20,"column":44},"end":{"line":22,"column":5}},"line":20},"4":{"name":"(anonymous_4)","decl":{"start":{"line":28,"column":8},"end":{"line":28,"column":9}},"loc":{"start":{"line":28,"column":24},"end":{"line":28,"column":58}},"line":28},"5":{"name":"(anonymous_5)","decl":{"start":{"line":31,"column":41},"end":{"line":31,"column":42}},"loc":{"start":{"line":32,"column":10},"end":{"line":36,"column":12}},"line":32}},"branchMap":{"0":{"loc":{"start":{"line":27,"column":7},"end":{"line":37,"column":10}},"type":"binary-expr","locations":[{"start":{"line":27,"column":7},"end":{"line":30,"column":11}},{"start":{"line":31,"column":8},"end":{"line":37,"column":10}}],"line":27}},"s":{"0":23,"1":23,"2":23,"3":14,"4":14,"5":11,"6":23,"7":36,"8":36},"f":{"0":23,"1":14,"2":14,"3":11,"4":36,"5":36},"b":{"0":[23,9]},"_coverageSchema":"1a1c01bbd47fc00a2c39e90264f33305004495a9","hash":"2e2f7d9c1593296c05db232f38b7aa7cc0ff20b7"}
,"/Users/adamklingbaum/Documents/coding/hack_reactor/fec/src/components/ratings/RatingSummary/Sliders/Slider/Slider.jsx": {"path":"/Users/adamklingbaum/Documents/coding/hack_reactor/fec/src/components/ratings/RatingSummary/Sliders/Slider/Slider.jsx","statementMap":{"0":{"start":{"line":7,"column":2},"end":{"line":27,"column":4}},"1":{"start":{"line":30,"column":0},"end":{"line":33,"column":2}}},"fnMap":{"0":{"name":"Slider","decl":{"start":{"line":6,"column":24},"end":{"line":6,"column":30}},"loc":{"start":{"line":6,"column":68},"end":{"line":28,"column":1}},"line":6}},"branchMap":{},"s":{"0":36,"1":2},"f":{"0":36},"b":{},"_coverageSchema":"1a1c01bbd47fc00a2c39e90264f33305004495a9","hash":"f8702c496811cd346089be7cc75143fd56c38ee7"}
,"/Users/adamklingbaum/Documents/coding/hack_reactor/fec/src/components/ratings/RatingSummary/Stars/Stars.jsx": {"path":"/Users/adamklingbaum/Documents/coding/hack_reactor/fec/src/components/ratings/RatingSummary/Stars/Stars.jsx","statementMap":{"0":{"start":{"line":8,"column":28},"end":{"line":8,"column":42}},"1":{"start":{"line":9,"column":24},"end":{"line":9,"column":52}},"2":{"start":{"line":11,"column":2},"end":{"line":23,"column":18}},"3":{"start":{"line":13,"column":6},"end":{"line":17,"column":9}},"4":{"start":{"line":20,"column":4},"end":{"line":22,"column":7}},"5":{"start":{"line":21,"column":6},"end":{"line":21,"column":36}},"6":{"start":{"line":25,"column":2},"end":{"line":36,"column":4}}},"fnMap":{"0":{"name":"Stars","decl":{"start":{"line":7,"column":24},"end":{"line":7,"column":29}},"loc":{"start":{"line":7,"column":32},"end":{"line":37,"column":1}},"line":7},"1":{"name":"(anonymous_1)","decl":{"start":{"line":11,"column":12},"end":{"line":11,"column":13}},"loc":{"start":{"line":11,"column":18},"end":{"line":23,"column":3}},"line":11},"2":{"name":"getStars","decl":{"start":{"line":12,"column":13},"end":{"line":12,"column":21}},"loc":{"start":{"line":12,"column":24},"end":{"line":18,"column":5}},"line":12},"3":{"name":"(anonymous_3)","decl":{"start":{"line":20,"column":20},"end":{"line":20,"column":21}},"loc":{"start":{"line":20,"column":34},"end":{"line":22,"column":5}},"line":20}},"branchMap":{"0":{"loc":{"start":{"line":27,"column":7},"end":{"line":34,"column":7}},"type":"cond-expr","locations":[{"start":{"line":28,"column":8},"end":{"line":31,"column":11}},{"start":{"line":33,"column":8},"end":{"line":33,"column":51}}],"line":27},"1":{"loc":{"start":{"line":30,"column":30},"end":{"line":30,"column":40}},"type":"binary-expr","locations":[{"start":{"line":30,"column":30},"end":{"line":30,"column":35}},{"start":{"line":30,"column":39},"end":{"line":30,"column":40}}],"line":30}},"s":{"0":24,"1":23,"2":23,"3":14,"4":14,"5":11,"6":23},"f":{"0":24,"1":14,"2":14,"3":11},"b":{"0":[9,14],"1":[9,0]},"_coverageSchema":"1a1c01bbd47fc00a2c39e90264f33305004495a9","hash":"2220ba866142e372536bdfee7d73213c310a4911"}
,"/Users/adamklingbaum/Documents/coding/hack_reactor/fec/src/components/ratings/RatingSummary/Stars/StarGraphic/StarGraphic.jsx": {"path":"/Users/adamklingbaum/Documents/coding/hack_reactor/fec/src/components/ratings/RatingSummary/Stars/StarGraphic/StarGraphic.jsx","statementMap":{"0":{"start":{"line":7,"column":2},"end":{"line":25,"column":4}},"1":{"start":{"line":28,"column":0},"end":{"line":30,"column":2}}},"fnMap":{"0":{"name":"StarGraphic","decl":{"start":{"line":6,"column":24},"end":{"line":6,"column":35}},"loc":{"start":{"line":6,"column":47},"end":{"line":26,"column":1}},"line":6}},"branchMap":{},"s":{"0":46,"1":2},"f":{"0":46},"b":{},"_coverageSchema":"1a1c01bbd47fc00a2c39e90264f33305004495a9","hash":"b3b71d34a59e548cff38b1664beeb8d17d7a238f"}
,"/Users/adamklingbaum/Documents/coding/hack_reactor/fec/src/components/ratings/context/StarFilterContext.jsx": {"path":"/Users/adamklingbaum/Documents/coding/hack_reactor/fec/src/components/ratings/context/StarFilterContext.jsx","statementMap":{"0":{"start":{"line":3,"column":26},"end":{"line":3,"column":41}}},"fnMap":{},"branchMap":{},"s":{"0":2},"f":{},"b":{},"_coverageSchema":"1a1c01bbd47fc00a2c39e90264f33305004495a9","hash":"4461a9329cad95437130df302a7aa6918b9891d2"}
,"/Users/adamklingbaum/Documents/coding/hack_reactor/fec/src/components/related/Related.jsx": {"path":"/Users/adamklingbaum/Documents/coding/hack_reactor/fec/src/components/related/Related.jsx","statementMap":{"0":{"start":{"line":4,"column":16},"end":{"line":4,"column":75}},"1":{"start":{"line":4,"column":22},"end":{"line":4,"column":75}}},"fnMap":{"0":{"name":"(anonymous_0)","decl":{"start":{"line":4,"column":16},"end":{"line":4,"column":17}},"loc":{"start":{"line":4,"column":22},"end":{"line":4,"column":75}},"line":4}},"branchMap":{},"s":{"0":1,"1":3},"f":{"0":3},"b":{},"_coverageSchema":"1a1c01bbd47fc00a2c39e90264f33305004495a9","hash":"e967ee52a19373275dbc7ec5b9e74fa497c98a92"}
}
