TN:
SF:mocks/front/data.js
FNF:0
FNH:0
DA:1,2
LF:1
LH:1
BRF:0
BRH:0
end_of_record
TN:
SF:mocks/front/handlers.js
FN:5,(anonymous_0)
FN:30,(anonymous_1)
FN:53,(anonymous_2)
FN:57,(anonymous_3)
FN:146,(anonymous_4)
FNF:5
FNH:5
FNDA:2,(anonymous_0)
FNDA:6,(anonymous_1)
FNDA:3,(anonymous_2)
FNDA:23,(anonymous_3)
FNDA:37,(anonymous_4)
DA:4,2
DA:6,2
DA:31,6
DA:54,3
DA:58,23
DA:147,37
LF:6
LH:6
BRF:0
BRH:0
end_of_record
TN:
SF:mocks/front/mswServer.js
FNF:0
FNH:0
DA:4,2
LF:1
LH:1
BRF:0
BRH:0
end_of_record
TN:
SF:server/index.js
FN:25,(anonymous_0)
FN:26,(anonymous_1)
FN:35,(anonymous_2)
FN:43,(anonymous_3)
FNF:4
FNH:1
FNDA:0,(anonymous_0)
FNDA:0,(anonymous_1)
FNDA:0,(anonymous_2)
FNDA:1,(anonymous_3)
DA:1,2
DA:2,2
DA:4,2
DA:5,2
DA:7,2
DA:8,2
DA:9,2
DA:11,2
DA:13,2
DA:15,2
DA:17,2
DA:19,2
DA:21,2
DA:23,2
DA:25,2
DA:26,0
DA:27,0
DA:28,0
DA:30,0
DA:35,2
DA:36,0
DA:37,0
DA:39,0
DA:43,2
DA:44,1
DA:47,2
LF:26
LH:19
BRDA:5,0,0,2
BRDA:5,0,1,0
BRDA:27,1,0,0
BRDA:27,1,1,0
BRDA:36,2,0,0
BRDA:36,2,1,0
BRF:6
BRH:1
end_of_record
TN:
SF:server/products.js
FN:4,(anonymous_0)
FN:7,(anonymous_1)
FN:15,(anonymous_2)
FN:20,(anonymous_3)
FN:23,(anonymous_4)
FNF:5
FNH:4
FNDA:1,(anonymous_0)
FNDA:5,(anonymous_1)
FNDA:1,(anonymous_2)
FNDA:1,(anonymous_3)
FNDA:0,(anonymous_4)
DA:1,3
DA:2,3
DA:4,3
DA:5,1
DA:6,1
DA:7,1
DA:8,5
DA:9,1
DA:12,1
DA:15,3
DA:16,1
DA:21,1
DA:23,0
DA:26,3
LF:14
LH:13
BRDA:8,0,0,1
BRDA:8,0,1,4
BRF:2
BRH:2
end_of_record
TN:
SF:server/server-config.js
FNF:0
FNH:0
DA:1,3
DA:3,3
LF:2
LH:2
BRF:0
BRH:0
end_of_record
TN:
SF:server/gc/index.js
FNF:0
FNH:0
DA:1,2
DA:2,2
DA:4,2
DA:6,2
DA:8,2
DA:13,2
LF:6
LH:6
BRF:0
BRH:0
end_of_record
TN:
SF:server/middleware/multer.js
FNF:0
FNH:0
DA:1,2
DA:3,2
LF:2
LH:2
BRF:0
BRH:0
end_of_record
TN:
SF:server/overview/routes.js
FN:7,(anonymous_0)
FN:15,(anonymous_1)
FN:18,(anonymous_2)
FN:23,(anonymous_3)
FN:31,(anonymous_4)
FN:34,(anonymous_5)
FNF:6
FNH:0
FNDA:0,(anonymous_0)
FNDA:0,(anonymous_1)
FNDA:0,(anonymous_2)
FNDA:0,(anonymous_3)
FNDA:0,(anonymous_4)
FNDA:0,(anonymous_5)
DA:1,2
DA:2,2
DA:3,2
DA:5,2
DA:7,2
DA:8,0
DA:9,0
DA:16,0
DA:19,0
DA:23,2
DA:24,0
DA:25,0
DA:32,0
DA:35,0
DA:39,2
LF:15
LH:7
BRF:0
BRH:0
end_of_record
TN:
SF:server/qa/routes.js
FN:7,(anonymous_0)
FN:19,(anonymous_1)
FN:23,(anonymous_2)
FN:28,(anonymous_3)
FN:41,(anonymous_4)
FN:44,(anonymous_5)
FN:49,(anonymous_6)
FN:62,(anonymous_7)
FN:65,(anonymous_8)
FN:70,(anonymous_9)
FN:83,(anonymous_10)
FN:86,(anonymous_11)
FN:91,(anonymous_12)
FN:104,(anonymous_13)
FN:107,(anonymous_14)
FN:112,(anonymous_15)
FN:134,(anonymous_16)
FN:137,(anonymous_17)
FN:142,(anonymous_18)
FN:165,(anonymous_19)
FN:168,(anonymous_20)
FNF:21
FNH:0
FNDA:0,(anonymous_0)
FNDA:0,(anonymous_1)
FNDA:0,(anonymous_2)
FNDA:0,(anonymous_3)
FNDA:0,(anonymous_4)
FNDA:0,(anonymous_5)
FNDA:0,(anonymous_6)
FNDA:0,(anonymous_7)
FNDA:0,(anonymous_8)
FNDA:0,(anonymous_9)
FNDA:0,(anonymous_10)
FNDA:0,(anonymous_11)
FNDA:0,(anonymous_12)
FNDA:0,(anonymous_13)
FNDA:0,(anonymous_14)
FNDA:0,(anonymous_15)
FNDA:0,(anonymous_16)
FNDA:0,(anonymous_17)
FNDA:0,(anonymous_18)
FNDA:0,(anonymous_19)
FNDA:0,(anonymous_20)
DA:1,2
DA:2,2
DA:3,2
DA:5,2
DA:7,2
DA:8,0
DA:9,0
DA:20,0
DA:21,0
DA:24,0
DA:28,2
DA:29,0
DA:30,0
DA:31,0
DA:42,0
DA:45,0
DA:49,2
DA:50,0
DA:51,0
DA:53,0
DA:63,0
DA:66,0
DA:70,2
DA:71,0
DA:72,0
DA:74,0
DA:84,0
DA:87,0
DA:91,2
DA:92,0
DA:93,0
DA:95,0
DA:105,0
DA:108,0
DA:112,2
DA:113,0
DA:115,0
DA:122,0
DA:124,0
DA:132,0
DA:135,0
DA:138,0
DA:142,2
DA:143,0
DA:144,0
DA:146,0
DA:153,0
DA:155,0
DA:163,0
DA:166,0
DA:169,0
DA:173,2
LF:52
LH:12
BRF:0
BRH:0
end_of_record
TN:
SF:server/reviews/helpers.js
FN:15,(anonymous_0)
FN:16,(anonymous_1)
FN:24,(anonymous_2)
FN:28,(anonymous_3)
FNF:4
FNH:0
FNDA:0,(anonymous_0)
FNDA:0,(anonymous_1)
FNDA:0,(anonymous_2)
FNDA:0,(anonymous_3)
DA:2,2
DA:4,2
DA:15,2
DA:16,0
DA:17,0
DA:19,0
DA:20,0
DA:23,0
DA:25,0
DA:26,0
DA:29,0
DA:34,2
LF:12
LH:4
BRF:0
BRH:0
end_of_record
TN:
SF:server/reviews/routes/index.js
FNF:0
FNH:0
DA:1,2
DA:3,2
DA:5,2
DA:6,2
DA:8,2
DA:9,2
DA:11,2
LF:7
LH:7
BRF:0
BRH:0
end_of_record
TN:
SF:server/reviews/routes/meta.js
FN:52,(anonymous_0)
FN:63,(anonymous_1)
FN:66,(anonymous_2)
FN:70,(anonymous_3)
FN:78,(anonymous_4)
FN:89,(anonymous_5)
FN:100,(anonymous_6)
FN:111,(anonymous_7)
FN:114,(anonymous_8)
FN:118,(anonymous_9)
FN:128,(anonymous_10)
FN:139,(anonymous_11)
FN:142,(anonymous_12)
FN:151,(anonymous_13)
FN:162,(anonymous_14)
FN:165,(anonymous_15)
FNF:16
FNH:16
FNDA:11,(anonymous_0)
FNDA:11,(anonymous_1)
FNDA:55,(anonymous_2)
FNDA:55,(anonymous_3)
FNDA:11,(anonymous_4)
FNDA:11,(anonymous_5)
FNDA:11,(anonymous_6)
FNDA:11,(anonymous_7)
FNDA:55,(anonymous_8)
FNDA:55,(anonymous_9)
FNDA:11,(anonymous_10)
FNDA:11,(anonymous_11)
FNDA:44,(anonymous_12)
FNDA:3,(anonymous_13)
FNDA:3,(anonymous_14)
FNDA:12,(anonymous_15)
DA:1,2
DA:2,2
DA:3,2
DA:5,2
DA:7,2
DA:52,2
DA:53,11
DA:54,11
DA:64,11
DA:65,11
DA:66,55
DA:69,11
DA:71,55
DA:74,11
DA:78,2
DA:79,11
DA:80,11
DA:90,11
DA:93,11
DA:96,11
DA:100,2
DA:101,11
DA:102,11
DA:112,11
DA:113,11
DA:114,55
DA:118,55
DA:124,11
DA:128,2
DA:129,11
DA:130,11
DA:140,11
DA:142,11
DA:143,44
DA:144,44
DA:147,11
DA:151,2
DA:152,3
DA:153,3
DA:163,3
DA:164,3
DA:165,3
DA:166,12
DA:168,3
DA:172,2
LF:45
LH:45
BRDA:120,0,0,55
BRDA:120,0,1,0
BRDA:121,1,0,55
BRDA:121,1,1,0
BRF:4
BRH:2
end_of_record
TN:
SF:server/reviews/routes/reviews.js
FN:11,(anonymous_0)
FN:25,(anonymous_1)
FN:30,(anonymous_2)
FN:38,(anonymous_3)
FN:43,(anonymous_4)
FN:51,(anonymous_5)
FN:56,(anonymous_6)
FN:59,(anonymous_7)
FN:65,(anonymous_8)
FN:70,(anonymous_9)
FN:81,(anonymous_10)
FNF:11
FNH:4
FNDA:13,(anonymous_0)
FNDA:13,(anonymous_1)
FNDA:1,(anonymous_2)
FNDA:1,(anonymous_3)
FNDA:0,(anonymous_4)
FNDA:0,(anonymous_5)
FNDA:0,(anonymous_6)
FNDA:0,(anonymous_7)
FNDA:0,(anonymous_8)
FNDA:0,(anonymous_9)
FNDA:0,(anonymous_10)
DA:1,2
DA:2,2
DA:3,2
DA:4,2
DA:5,2
DA:7,2
DA:9,2
DA:11,2
DA:12,13
DA:13,13
DA:26,13
DA:30,2
DA:31,1
DA:32,1
DA:39,1
DA:43,2
DA:44,0
DA:45,0
DA:52,0
DA:56,2
DA:57,0
DA:58,0
DA:60,0
DA:66,0
DA:70,2
DA:71,0
DA:72,0
DA:73,0
DA:74,0
DA:82,0
DA:86,2
LF:31
LH:19
BRF:0
BRH:0
end_of_record
TN:
SF:src/components/App.jsx
FN:10,App
FN:13,(anonymous_1)
FN:14,(anonymous_2)
FN:27,(anonymous_3)
FN:30,(anonymous_4)
FNF:5
FNH:4
FNDA:4,App
FNDA:2,(anonymous_1)
FNDA:2,(anonymous_2)
FNDA:2,(anonymous_3)
FNDA:0,(anonymous_4)
DA:11,4
DA:13,3
DA:14,2
DA:15,2
DA:16,2
DA:19,2
DA:21,2
DA:28,2
DA:31,0
DA:35,3
LF:10
LH:9
BRF:0
BRH:0
end_of_record
TN:
SF:src/components/context/ProductIdContext.jsx
FN:5,(anonymous_0)
FNF:1
FNH:0
FNDA:0,(anonymous_0)
DA:3,3
LF:1
LH:1
BRF:0
BRH:0
end_of_record
TN:
SF:src/components/overview/Overview.jsx
FN:13,(anonymous_0)
FNF:1
FNH:1
FNDA:4,(anonymous_0)
DA:13,1
DA:14,4
DA:15,3
DA:16,3
DA:17,3
DA:21,3
DA:26,3
DA:28,3
LF:8
LH:8
BRF:0
BRH:0
end_of_record
TN:
SF:src/components/overview/ProductDetailWrapper.jsx
FN:5,(anonymous_0)
FN:6,(anonymous_1)
FN:9,(anonymous_2)
FN:16,(anonymous_3)
FN:19,(anonymous_4)
FNF:5
FNH:4
FNDA:6,(anonymous_0)
FNDA:13,(anonymous_1)
FNDA:6,(anonymous_2)
FNDA:6,(anonymous_3)
FNDA:0,(anonymous_4)
DA:5,1
DA:6,6
DA:7,13
DA:9,10
DA:10,6
DA:17,6
DA:20,0
DA:25,10
LF:8
LH:7
BRF:0
BRH:0
end_of_record
TN:
SF:src/components/overview/StyleDetailWrapper.jsx
FN:6,(anonymous_0)
FN:7,(anonymous_1)
FN:11,(anonymous_2)
FN:13,(anonymous_3)
FN:19,(anonymous_4)
FN:26,(anonymous_5)
FN:30,(anonymous_6)
FNF:7
FNH:6
FNDA:3,(anonymous_0)
FNDA:6,(anonymous_1)
FNDA:3,(anonymous_2)
FNDA:0,(anonymous_3)
FNDA:3,(anonymous_4)
FNDA:3,(anonymous_5)
FNDA:3,(anonymous_6)
DA:6,1
DA:7,3
DA:8,6
DA:9,5
DA:11,5
DA:12,3
DA:13,3
DA:14,0
DA:16,0
DA:19,5
DA:20,3
DA:27,3
DA:28,3
DA:31,3
DA:36,5
LF:15
LH:13
BRDA:14,0,0,0
BRDA:14,0,1,0
BRF:2
BRH:0
end_of_record
TN:
SF:src/components/overview/AddToCart/AddToCart.jsx
FN:4,(anonymous_0)
FNF:1
FNH:1
FNDA:3,(anonymous_0)
DA:4,1
DA:5,3
LF:2
LH:2
BRF:0
BRH:0
end_of_record
TN:
SF:src/components/overview/ImageGallery/ImageGallery.jsx
FN:4,(anonymous_0)
FNF:1
FNH:1
FNDA:3,(anonymous_0)
DA:4,1
DA:5,3
LF:2
LH:2
BRF:0
BRH:0
end_of_record
TN:
SF:src/components/overview/ProductInformation/ProductInformation.jsx
FN:6,(anonymous_0)
FNF:1
FNH:1
FNDA:5,(anonymous_0)
DA:6,1
DA:7,5
DA:16,1
DA:24,1
LF:4
LH:4
BRF:0
BRH:0
end_of_record
TN:
SF:src/components/overview/ProductTextOverview/ProductTextOverview.jsx
FN:6,(anonymous_0)
FN:9,(anonymous_1)
FNF:2
FNH:2
FNDA:5,(anonymous_0)
FNDA:4,(anonymous_1)
DA:6,1
DA:7,5
DA:8,5
DA:9,2
DA:10,4
DA:19,5
DA:28,1
DA:41,1
LF:8
LH:8
BRDA:8,0,0,2
BRDA:8,0,1,3
BRF:2
BRH:2
end_of_record
TN:
SF:src/components/overview/StyleSelector/StyleSelector.jsx
FN:7,(anonymous_0)
FNF:1
FNH:1
FNDA:5,(anonymous_0)
DA:7,1
DA:8,5
DA:10,5
DA:22,1
DA:30,1
LF:5
LH:5
BRF:0
BRH:0
end_of_record
TN:
SF:src/components/overview/StyleSelector/StylePicker/StylePicker.jsx
FN:6,(anonymous_0)
FN:12,(anonymous_1)
FNF:2
FNH:2
FNDA:5,(anonymous_0)
FNDA:12,(anonymous_1)
DA:6,1
DA:7,5
DA:9,5
DA:11,5
DA:12,2
DA:13,12
DA:23,5
DA:30,1
DA:44,1
LF:9
LH:9
BRDA:11,0,0,2
BRDA:11,0,1,3
BRF:2
BRH:2
end_of_record
TN:
SF:src/components/overview/context/SelectedStyleContext.jsx
FN:5,(anonymous_0)
FNF:1
FNH:0
FNDA:0,(anonymous_0)
DA:3,1
LF:1
LH:1
BRF:0
BRH:0
end_of_record
TN:
SF:src/components/q&a/QA.jsx
FN:7,(anonymous_0)
FNF:1
FNH:1
FNDA:153,(anonymous_0)
DA:7,2
DA:8,153
DA:9,151
DA:10,151
DA:14,151
DA:21,151
LF:6
LH:6
BRDA:42,0,0,33
BRDA:42,0,1,118
BRF:2
BRH:2
end_of_record
TN:
SF:src/components/q&a/Modal/Modal.jsx
FN:7,(anonymous_0)
FN:14,(anonymous_1)
FN:23,(anonymous_2)
FN:33,(anonymous_3)
FN:49,(anonymous_4)
FN:52,(anonymous_5)
FN:70,(anonymous_6)
FN:86,(anonymous_7)
FN:89,(anonymous_8)
FN:108,(anonymous_9)
FNF:10
FNH:5
FNDA:36,(anonymous_0)
FNDA:1,(anonymous_1)
FNDA:2,(anonymous_2)
FNDA:3,(anonymous_3)
FNDA:0,(anonymous_4)
FNDA:0,(anonymous_5)
FNDA:0,(anonymous_6)
FNDA:0,(anonymous_7)
FNDA:0,(anonymous_8)
FNDA:12,(anonymous_9)
DA:7,2
DA:8,36
DA:9,36
DA:14,36
DA:15,1
DA:23,36
DA:24,2
DA:25,1
DA:26,1
DA:27,0
DA:30,2
DA:33,36
DA:34,3
DA:35,3
DA:36,3
DA:38,3
DA:39,2
DA:40,0
DA:50,0
DA:53,0
DA:55,0
DA:57,2
DA:63,1
DA:70,36
DA:71,0
DA:72,0
DA:73,0
DA:75,0
DA:76,0
DA:77,0
DA:87,0
DA:90,0
DA:93,0
DA:95,0
DA:101,0
DA:108,36
DA:109,12
DA:110,4
DA:116,8
DA:119,36
DA:267,2
LF:41
LH:25
BRDA:24,0,0,1
BRDA:24,0,1,1
BRDA:26,1,0,0
BRDA:26,1,1,1
BRDA:38,2,0,2
BRDA:38,2,1,1
BRDA:38,3,0,3
BRDA:38,3,1,2
BRDA:38,3,2,2
BRDA:39,4,0,0
BRDA:39,4,1,2
BRDA:75,5,0,0
BRDA:75,5,1,0
BRDA:75,6,0,0
BRDA:75,6,1,0
BRDA:75,6,2,0
BRDA:76,7,0,0
BRDA:76,7,1,0
BRDA:109,8,0,4
BRDA:109,8,1,8
BRDA:121,9,0,36
BRDA:121,9,1,0
BRDA:172,10,0,12
BRDA:172,10,1,24
BRDA:242,11,0,0
BRDA:242,11,1,0
BRF:26
BRH:14
end_of_record
TN:
SF:src/components/q&a/QuestionsList/QuestionsList.jsx
FN:10,(anonymous_0)
FN:20,(anonymous_1)
FN:25,(anonymous_2)
FN:29,(anonymous_3)
FN:56,(anonymous_4)
FN:71,(anonymous_5)
FN:103,(anonymous_6)
FN:111,(anonymous_7)
FN:114,(anonymous_8)
FNF:9
FNH:7
FNDA:151,(anonymous_0)
FNDA:23,(anonymous_1)
FNDA:38,(anonymous_2)
FNDA:41,(anonymous_3)
FNDA:0,(anonymous_4)
FNDA:151,(anonymous_5)
FNDA:23,(anonymous_6)
FNDA:23,(anonymous_7)
FNDA:0,(anonymous_8)
DA:10,2
DA:18,151
DA:20,151
DA:21,23
DA:22,23
DA:25,151
DA:26,38
DA:27,20
DA:31,41
DA:44,18
DA:45,18
DA:49,0
DA:54,18
DA:57,0
DA:71,151
DA:72,151
DA:73,38
DA:77,0
DA:87,38
DA:100,113
DA:103,151
DA:104,23
DA:112,23
DA:115,0
DA:124,151
DA:133,2
LF:26
LH:22
BRDA:26,0,0,20
BRDA:26,0,1,18
BRDA:44,1,0,18
BRDA:44,1,1,0
BRDA:72,2,0,38
BRDA:72,2,1,113
BRDA:73,3,0,0
BRDA:73,3,1,38
BRDA:74,4,0,38
BRDA:74,4,1,0
BRF:10
BRH:7
end_of_record
TN:
SF:src/components/q&a/QuestionsList/AddQuestionsButton/AddQuestionsButton.jsx
FN:5,(anonymous_0)
FN:6,(anonymous_1)
FNF:2
FNH:2
FNDA:151,(anonymous_0)
FNDA:9,(anonymous_1)
DA:5,2
DA:6,151
DA:7,9
DA:13,151
DA:27,2
LF:5
LH:5
BRF:0
BRH:0
end_of_record
TN:
SF:src/components/q&a/QuestionsList/BottomBar/BottomBar.jsx
FN:6,(anonymous_0)
FN:12,(anonymous_1)
FNF:2
FNH:2
FNDA:38,(anonymous_0)
FNDA:1,(anonymous_1)
DA:6,2
DA:12,38
DA:13,1
DA:14,0
DA:19,1
DA:21,1
DA:25,1
DA:26,0
DA:30,1
DA:35,1
DA:36,1
DA:40,0
DA:48,38
DA:74,2
LF:14
LH:11
BRDA:13,0,0,0
BRDA:13,0,1,1
BRDA:25,1,0,0
BRDA:25,1,1,1
BRDA:35,2,0,1
BRDA:35,2,1,0
BRDA:50,3,0,0
BRDA:50,3,1,38
BRF:8
BRH:4
end_of_record
TN:
SF:src/components/q&a/QuestionsList/IndividualQuestion/IndividualQuestion.jsx
FN:8,(anonymous_0)
FN:21,(anonymous_1)
FN:29,(anonymous_2)
FN:31,(anonymous_3)
FN:57,(anonymous_4)
FN:88,(anonymous_5)
FN:113,(anonymous_6)
FN:117,(anonymous_7)
FN:126,(anonymous_8)
FN:134,(anonymous_9)
FN:137,(anonymous_10)
FN:146,(anonymous_11)
FN:149,(anonymous_12)
FN:160,(anonymous_13)
FN:167,(anonymous_14)
FN:170,(anonymous_15)
FN:175,(anonymous_16)
FNF:17
FNH:7
FNDA:53,(anonymous_0)
FNDA:0,(anonymous_1)
FNDA:53,(anonymous_2)
FNDA:0,(anonymous_3)
FNDA:0,(anonymous_4)
FNDA:24,(anonymous_5)
FNDA:36,(anonymous_6)
FNDA:144,(anonymous_7)
FNDA:37,(anonymous_8)
FNDA:36,(anonymous_9)
FNDA:0,(anonymous_10)
FNDA:0,(anonymous_11)
FNDA:0,(anonymous_12)
FNDA:0,(anonymous_13)
FNDA:0,(anonymous_14)
FNDA:0,(anonymous_15)
FNDA:0,(anonymous_16)
DA:8,2
DA:16,53
DA:17,53
DA:18,53
DA:19,53
DA:21,53
DA:22,0
DA:23,0
DA:25,0
DA:29,53
DA:30,53
DA:31,41
DA:32,0
DA:50,12
DA:51,0
DA:58,0
DA:81,12
DA:82,12
DA:89,24
DA:113,53
DA:114,36
DA:115,36
DA:117,36
DA:118,144
DA:119,0
DA:120,0
DA:123,36
DA:126,53
DA:127,37
DA:135,36
DA:138,0
DA:146,53
DA:147,0
DA:149,0
DA:150,0
DA:152,0
DA:156,0
DA:157,0
DA:160,53
DA:161,0
DA:168,0
DA:171,0
DA:175,53
DA:176,0
DA:184,53
DA:234,2
LF:46
LH:27
BRDA:22,0,0,0
BRDA:22,0,1,0
BRDA:30,1,0,41
BRDA:30,1,1,12
BRDA:50,2,0,0
BRDA:50,2,1,12
BRDA:118,3,0,0
BRDA:118,3,1,144
BRDA:150,4,0,0
BRDA:150,4,1,0
BRDA:193,5,0,0
BRDA:193,5,1,53
BRF:12
BRH:5
end_of_record
TN:
SF:src/components/q&a/QuestionsList/IndividualQuestion/Answer/Answer.jsx
FN:8,(anonymous_0)
FN:22,(anonymous_1)
FN:27,(anonymous_2)
FN:30,(anonymous_3)
FN:41,(anonymous_4)
FN:48,(anonymous_5)
FN:51,(anonymous_6)
FN:56,(anonymous_7)
FN:60,(anonymous_8)
FN:67,(anonymous_9)
FN:70,(anonymous_10)
FNF:11
FNH:2
FNDA:24,(anonymous_0)
FNDA:24,(anonymous_1)
FNDA:0,(anonymous_2)
FNDA:0,(anonymous_3)
FNDA:0,(anonymous_4)
FNDA:0,(anonymous_5)
FNDA:0,(anonymous_6)
FNDA:0,(anonymous_7)
FNDA:0,(anonymous_8)
FNDA:0,(anonymous_9)
FNDA:0,(anonymous_10)
DA:8,2
DA:18,24
DA:19,24
DA:20,24
DA:22,24
DA:23,24
DA:24,24
DA:27,24
DA:28,0
DA:30,0
DA:31,0
DA:33,0
DA:37,0
DA:38,0
DA:41,24
DA:42,0
DA:49,0
DA:52,0
DA:56,24
DA:57,0
DA:60,24
DA:61,0
DA:68,0
DA:71,0
DA:75,24
DA:137,2
LF:26
LH:13
BRDA:31,0,0,0
BRDA:31,0,1,0
BRDA:85,1,0,0
BRDA:85,1,1,24
BRDA:94,2,0,0
BRDA:94,2,1,24
BRDA:116,3,0,0
BRDA:116,3,1,24
BRF:8
BRH:3
end_of_record
TN:
SF:src/components/q&a/QuestionsList/IndividualQuestion/Answer/Images/Images.jsx
FN:5,(anonymous_0)
FN:8,(anonymous_1)
FNF:2
FNH:2
FNDA:24,(anonymous_0)
FNDA:12,(anonymous_1)
DA:5,2
DA:6,24
DA:9,12
DA:17,2
LF:4
LH:4
BRF:0
BRH:0
end_of_record
TN:
SF:src/components/q&a/Search/Search.jsx
FN:6,(anonymous_0)
FN:12,(anonymous_1)
FN:18,(anonymous_2)
FNF:3
FNH:2
FNDA:151,(anonymous_0)
FNDA:66,(anonymous_1)
FNDA:0,(anonymous_2)
DA:6,2
DA:12,151
DA:13,66
DA:15,66
DA:16,62
DA:18,62
DA:19,0
DA:20,0
DA:21,0
DA:22,0
DA:23,0
DA:25,0
DA:26,0
DA:28,0
DA:29,0
DA:30,0
DA:35,62
DA:36,62
DA:39,4
DA:40,0
DA:41,0
DA:47,151
DA:65,2
LF:23
LH:11
BRDA:15,0,0,62
BRDA:15,0,1,4
BRDA:20,1,0,0
BRDA:20,1,1,0
BRDA:22,2,0,0
BRDA:22,2,1,0
BRDA:28,3,0,0
BRDA:28,3,1,0
BRDA:39,4,0,0
BRDA:39,4,1,4
BRDA:39,5,0,4
BRDA:39,5,1,4
BRF:12
BRH:5
end_of_record
TN:
SF:src/components/ratings/Ratings.jsx
FN:8,Ratings
FNF:1
FNH:1
FNDA:16,Ratings
DA:9,16
DA:14,15
LF:2
LH:2
BRF:0
BRH:0
end_of_record
TN:
SF:src/components/ratings/RatingDetail/RatingDetail.jsx
FN:6,RatingDetail
FN:9,(anonymous_1)
FNF:2
FNH:2
FNDA:17,RatingDetail
FNDA:1,(anonymous_1)
DA:7,17
DA:9,16
DA:10,1
DA:11,1
DA:12,1
DA:13,1
DA:16,16
LF:7
LH:7
BRF:0
BRH:0
end_of_record
TN:
SF:src/components/ratings/RatingDetail/RatingCount/RatingCount.jsx
FN:5,RatingCount
FNF:1
FNH:1
FNDA:16,RatingCount
DA:6,16
DA:37,2
LF:2
LH:2
BRF:0
BRH:0
end_of_record
TN:
SF:src/components/ratings/RatingDetail/RatingList/RatingList.jsx
FN:11,RatingList
FN:25,getMoreReviews
FN:37,(anonymous_2)
FN:54,(anonymous_3)
FN:68,(anonymous_4)
FN:73,(anonymous_5)
FN:78,(anonymous_6)
FN:86,(anonymous_7)
FNF:8
FNH:6
FNDA:49,RatingList
FNDA:16,getMoreReviews
FNDA:16,(anonymous_2)
FNDA:25,(anonymous_3)
FNDA:0,(anonymous_4)
FNDA:3,(anonymous_5)
FNDA:0,(anonymous_6)
FNDA:30,(anonymous_7)
DA:12,49
DA:13,49
DA:14,49
DA:15,49
DA:18,49
DA:19,49
DA:20,49
DA:23,49
DA:26,16
DA:37,49
DA:38,16
DA:39,16
DA:40,16
DA:43,16
DA:45,16
DA:46,13
DA:47,13
DA:48,13
DA:50,13
DA:53,13
DA:54,25
DA:57,13
DA:59,13
DA:60,13
DA:63,13
DA:68,49
DA:69,0
DA:70,0
DA:73,49
DA:74,3
DA:75,3
DA:78,49
DA:79,0
DA:80,0
DA:83,49
DA:87,30
DA:108,2
LF:37
LH:33
BRDA:53,0,0,1
BRDA:53,0,1,12
BRDA:59,1,0,13
BRDA:59,1,1,0
BRDA:89,2,0,49
BRDA:89,2,1,34
BRDA:94,3,0,49
BRDA:94,3,1,49
BRDA:101,4,0,49
BRDA:101,4,1,6
BRF:10
BRH:9
end_of_record
TN:
SF:src/components/ratings/RatingDetail/RatingList/ActionButtons/ActionButtons.jsx
FN:6,ActionButtons
FNF:1
FNH:1
FNDA:49,ActionButtons
DA:12,49
DA:37,2
LF:2
LH:2
BRDA:14,0,0,49
BRDA:14,0,1,23
BRDA:23,1,0,49
BRDA:23,1,1,43
BRF:4
BRH:4
end_of_record
TN:
SF:src/components/ratings/RatingDetail/RatingList/ModalForm/ModalForm.jsx
FN:9,ModalForm
FN:26,getCharacteristics
FN:34,(anonymous_2)
FN:35,(anonymous_3)
FN:40,updateFormDataByName
FN:50,updateCharacteristicFormData
FN:57,(anonymous_6)
FN:66,(anonymous_7)
FN:74,countBody
FN:78,submitForm
FN:79,(anonymous_10)
FN:201,(anonymous_11)
FN:205,(anonymous_12)
FN:269,(anonymous_13)
FNF:14
FNH:10
FNDA:119,ModalForm
FNDA:3,getCharacteristics
FNDA:3,(anonymous_2)
FNDA:3,(anonymous_3)
FNDA:111,updateFormDataByName
FNDA:1,updateCharacteristicFormData
FNDA:0,(anonymous_6)
FNDA:0,(anonymous_7)
FNDA:110,countBody
FNDA:0,submitForm
FNDA:0,(anonymous_10)
FNDA:20,(anonymous_11)
FNDA:100,(anonymous_12)
FNDA:110,(anonymous_13)
DA:10,119
DA:11,119
DA:12,119
DA:14,119
DA:27,3
DA:34,119
DA:35,3
DA:36,3
DA:41,111
DA:42,111
DA:43,1
DA:45,110
DA:47,111
DA:51,1
DA:52,1
DA:53,1
DA:56,119
DA:58,0
DA:59,0
DA:60,0
DA:65,119
DA:67,0
DA:68,0
DA:69,0
DA:75,110
DA:79,0
DA:80,0
DA:84,119
DA:202,20
DA:206,100
DA:270,110
DA:271,110
DA:304,2
LF:33
LH:25
BRDA:42,0,0,1
BRDA:42,0,1,110
BRDA:165,1,0,118
BRDA:165,1,1,1
BRDA:182,2,0,118
BRDA:182,2,1,1
BRDA:276,3,0,89
BRDA:276,3,1,30
BRF:8
BRH:8
end_of_record
TN:
SF:src/components/ratings/RatingDetail/RatingList/ModalForm/PhotoUpload/PhotoUpload.jsx
FN:6,PhotoUpload
FN:11,uploadImageFiles
FN:14,(anonymous_2)
FN:24,(anonymous_3)
FN:27,(anonymous_4)
FN:31,changeHandler
FN:35,(anonymous_6)
FN:53,(anonymous_7)
FN:68,(anonymous_8)
FN:73,(anonymous_9)
FNF:10
FNH:1
FNDA:119,PhotoUpload
FNDA:0,uploadImageFiles
FNDA:0,(anonymous_2)
FNDA:0,(anonymous_3)
FNDA:0,(anonymous_4)
FNDA:0,changeHandler
FNDA:0,(anonymous_6)
FNDA:0,(anonymous_7)
FNDA:0,(anonymous_8)
FNDA:0,(anonymous_9)
DA:7,119
DA:8,119
DA:9,119
DA:12,0
DA:14,0
DA:15,0
DA:16,0
DA:17,0
DA:24,0
DA:25,0
DA:26,0
DA:27,0
DA:32,0
DA:33,0
DA:35,0
DA:37,0
DA:38,0
DA:45,119
DA:54,0
DA:55,0
DA:73,0
LF:21
LH:4
BRDA:32,0,0,0
BRDA:32,0,1,0
BRDA:32,1,0,0
BRDA:32,1,1,0
BRDA:48,2,0,119
BRDA:48,2,1,0
BRDA:49,3,0,119
BRDA:49,3,1,119
BRDA:72,4,0,119
BRDA:72,4,1,0
BRDA:78,5,0,119
BRDA:78,5,1,119
BRDA:78,5,2,0
BRF:13
BRH:6
end_of_record
TN:
SF:src/components/ratings/RatingDetail/RatingList/ModalForm/StarsInput/StarsInput.jsx
FN:6,StarsInput
FN:18,(anonymous_1)
FN:22,(anonymous_2)
FN:26,(anonymous_3)
FN:35,(anonymous_4)
FN:36,(anonymous_5)
FNF:6
FNH:3
FNDA:119,StarsInput
FNDA:0,(anonymous_1)
FNDA:0,(anonymous_2)
FNDA:0,(anonymous_3)
FNDA:595,(anonymous_4)
FNDA:595,(anonymous_5)
DA:7,119
DA:8,119
DA:10,119
DA:18,119
DA:19,0
DA:22,119
DA:23,0
DA:26,119
DA:27,0
DA:28,0
DA:29,0
DA:32,119
DA:35,595
DA:37,595
DA:38,0
DA:48,595
DA:66,2
LF:17
LH:11
BRDA:37,0,0,0
BRDA:37,0,1,595
BRDA:37,1,0,595
BRDA:37,1,1,595
BRDA:57,2,0,119
BRDA:57,2,1,0
BRF:6
BRH:4
end_of_record
TN:
SF:src/components/ratings/RatingDetail/RatingList/RatingListEntry/RatingListEntry.jsx
FN:9,RatingListEntry
FN:13,handleHelpfulClick
FN:15,(anonymous_2)
FN:20,handleReportClick
FN:22,(anonymous_4)
FN:52,(anonymous_5)
FNF:6
FNH:4
FNDA:32,RatingListEntry
FNDA:1,handleHelpfulClick
FNDA:1,(anonymous_2)
FNDA:0,handleReportClick
FNDA:0,(anonymous_4)
FNDA:20,(anonymous_5)
DA:10,32
DA:11,32
DA:14,1
DA:15,1
DA:16,1
DA:21,0
DA:22,0
DA:23,0
DA:27,32
DA:52,32
DA:53,20
DA:54,1
DA:61,20
DA:62,0
DA:70,32
DA:104,2
LF:16
LH:12
BRDA:53,0,0,1
BRDA:53,0,1,19
BRDA:61,1,0,0
BRDA:61,1,1,20
BRDA:85,2,0,32
BRDA:85,2,1,32
BRDA:87,3,0,32
BRDA:87,3,1,30
BRDA:93,4,0,32
BRDA:93,4,1,0
BRDA:93,4,2,0
BRF:11
BRH:8
end_of_record
TN:
SF:src/components/ratings/RatingDetail/RatingList/RatingListEntry/RatingImages/RatingImages.jsx
FN:6,RatingImages
FN:9,(anonymous_1)
FNF:2
FNH:2
FNDA:32,RatingImages
FNDA:63,(anonymous_1)
DA:7,32
DA:10,63
DA:19,2
LF:3
LH:3
BRF:0
BRH:0
end_of_record
TN:
SF:src/components/ratings/RatingSummary/RatingSummary.jsx
FN:8,RatingSummary
FNF:1
FNH:1
FNDA:16,RatingSummary
DA:9,16
LF:1
LH:1
BRF:0
BRH:0
end_of_record
TN:
SF:src/components/ratings/RatingSummary/Bars/Bars.jsx
FN:8,Sliders
FN:12,(anonymous_1)
FN:13,getRatings
FN:21,(anonymous_3)
FN:28,(anonymous_4)
FN:29,(anonymous_5)
FNF:6
FNH:6
FNDA:24,Sliders
FNDA:14,(anonymous_1)
FNDA:14,getRatings
FNDA:11,(anonymous_3)
FNDA:45,(anonymous_4)
FNDA:45,(anonymous_5)
DA:9,24
DA:10,23
DA:12,23
DA:14,14
DA:21,14
DA:22,11
DA:26,23
DA:28,45
DA:30,45
LF:9
LH:9
BRDA:28,0,0,23
BRDA:28,0,1,9
BRF:2
BRH:2
end_of_record
TN:
SF:src/components/ratings/RatingSummary/Bars/Bar/Bar.jsx
FN:6,Slider
FN:10,clickHandler
FN:14,(anonymous_2)
FNF:3
FNH:3
FNDA:45,Slider
FNDA:1,clickHandler
FNDA:1,(anonymous_2)
DA:8,45
DA:11,1
DA:12,1
DA:13,1
DA:14,1
DA:16,1
DA:19,45
DA:35,2
LF:8
LH:8
BRDA:23,0,0,5
BRDA:23,0,1,40
BRDA:23,1,0,1
BRDA:23,1,1,4
BRF:4
BRH:4
end_of_record
TN:
SF:src/components/ratings/RatingSummary/Recommendations/Recommendations.jsx
FN:6,Recommendations
FN:10,(anonymous_1)
FN:11,getRecommendations
FN:19,(anonymous_3)
FNF:4
FNH:4
FNDA:24,Recommendations
FNDA:14,(anonymous_1)
FNDA:14,getRecommendations
FNDA:11,(anonymous_3)
DA:7,24
DA:8,23
DA:10,23
DA:12,14
DA:19,14
DA:20,11
DA:24,23
LF:7
LH:7
BRDA:27,0,0,0
BRDA:27,0,1,23
BRF:2
BRH:1
end_of_record
TN:
SF:src/components/ratings/RatingSummary/Sliders/Sliders.jsx
FN:7,Sliders
FN:11,(anonymous_1)
FN:12,getCharacteristics
FN:20,(anonymous_3)
FN:28,(anonymous_4)
FN:31,(anonymous_5)
FNF:6
FNH:6
FNDA:23,Sliders
FNDA:14,(anonymous_1)
FNDA:14,getCharacteristics
FNDA:11,(anonymous_3)
FNDA:36,(anonymous_4)
FNDA:36,(anonymous_5)
DA:8,23
DA:9,23
DA:11,23
DA:13,14
DA:20,14
DA:21,11
DA:25,23
DA:28,36
DA:32,36
LF:9
LH:9
BRDA:27,0,0,23
BRDA:27,0,1,9
BRF:2
BRH:2
end_of_record
TN:
SF:src/components/ratings/RatingSummary/Sliders/Slider/Slider.jsx
FN:6,Slider
FNF:1
FNH:1
FNDA:36,Slider
DA:7,36
DA:30,2
LF:2
LH:2
BRF:0
BRH:0
end_of_record
TN:
SF:src/components/ratings/RatingSummary/Stars/Stars.jsx
FN:7,Stars
FN:11,(anonymous_1)
FN:12,getStars
FN:20,(anonymous_3)
FNF:4
FNH:4
FNDA:24,Stars
FNDA:14,(anonymous_1)
FNDA:14,getStars
FNDA:11,(anonymous_3)
DA:8,24
DA:9,23
DA:11,23
DA:13,14
DA:20,14
DA:21,11
DA:25,23
LF:7
LH:7
BRDA:27,0,0,9
BRDA:27,0,1,14
BRDA:30,1,0,9
BRDA:30,1,1,0
BRF:4
BRH:3
end_of_record
TN:
SF:src/components/ratings/RatingSummary/Stars/StarGraphic/StarGraphic.jsx
FN:6,StarGraphic
FNF:1
FNH:1
FNDA:46,StarGraphic
DA:7,46
DA:28,2
LF:2
LH:2
BRF:0
BRH:0
end_of_record
TN:
SF:src/components/ratings/context/StarFilterContext.jsx
FNF:0
FNH:0
DA:3,2
LF:1
LH:1
BRF:0
BRH:0
end_of_record
TN:
SF:src/components/related/Related.jsx
FN:4,(anonymous_0)
FNF:1
FNH:1
FNDA:3,(anonymous_0)
DA:4,3
LF:1
LH:1
BRF:0
BRH:0
end_of_record
